#
# There is insufficient memory for the Java Runtime Environment to continue.
# Native memory allocation (malloc) failed to allocate 65552 bytes for Chunk::new
# Possible reasons:
#   The system is out of physical RAM or swap space
#   The process is running with CompressedOops enabled, and the Java Heap may be blocking the growth of the native heap
# Possible solutions:
#   Reduce memory load on the system
#   Increase physical memory or swap space
#   Check if swap backing store is full
#   Decrease Java heap size (-Xmx/-Xms)
#   Decrease number of Java threads
#   Decrease Java thread stack sizes (-Xss)
#   Set larger code cache with -XX:ReservedCodeCacheSize=
#   JVM is running with Unscaled Compressed Oops mode in which the Java heap is
#     placed in the first 4GB address space. The Java Heap base address is the
#     maximum limit for the native heap growth. Please use -XX:HeapBaseMinAddress
#     to set the Java Heap base and to place the Java Heap above 4GB virtual address.
# This output file may be truncated or incomplete.
#
#  Out of Memory Error (allocation.cpp:389), pid=9132, tid=0x000000000000007c
#
# JRE version: OpenJDK Runtime Environment (8.0_242-b01) (build 1.8.0_242-release-1644-b01)
# Java VM: OpenJDK 64-Bit Server VM (25.242-b01 mixed mode windows-amd64 compressed oops)
# Failed to write core dump. Minidumps are not enabled by default on client versions of Windows
#

---------------  T H R E A D  ---------------

Current thread (0x0000000017986800):  JavaThread "C2 CompilerThread0" daemon [_thread_in_native, id=124, stack(0x0000000018fd0000,0x00000000190d0000)]

Stack: [0x0000000018fd0000,0x00000000190d0000]
[error occurred during error reporting (printing stack bounds), id 0xc0000005]

Native frames: (J=compiled Java code, j=interpreted, Vv=VM code, C=native code)


Current CompileTask:
C2:   9931 9959       4       com.android.tools.r8.ir.optimize.K::a (282 bytes)


---------------  P R O C E S S  ---------------

Java Threads: ( => current thread )
  0x000000001ef3e000 JavaThread "Cache worker for execution history cache (C:\Users\mberg8\Desktop\MD_Midterm\.gradle\6.5\executionHistory)" [_thread_blocked, id=13800, stack(0x000000002b3d0000,0x000000002b4d0000)]
  0x000000001ef39800 JavaThread "Execution worker for ':' Thread 3" [_thread_blocked, id=8332, stack(0x000000002b090000,0x000000002b190000)]
  0x000000001ef3d000 JavaThread "Execution worker for ':' Thread 2" [_thread_in_Java, id=7144, stack(0x000000002af90000,0x000000002b090000)]
  0x000000001ef3e800 JavaThread "Execution worker for ':'" [_thread_blocked, id=9904, stack(0x000000002ae90000,0x000000002af90000)]
  0x000000001ef3b800 JavaThread "Cache worker for file content cache (C:\Users\mberg8\Desktop\MD_Midterm\.gradle\6.5\fileContent)" [_thread_blocked, id=8976, stack(0x000000002a750000,0x000000002a850000)]
  0x000000001ef38800 JavaThread "Memory manager" [_thread_blocked, id=12676, stack(0x0000000029d70000,0x0000000029e70000)]
  0x000000001ef30800 JavaThread "pool-1-thread-1" [_thread_blocked, id=1540, stack(0x0000000028830000,0x0000000028930000)]
  0x000000001ef35000 JavaThread "Cache worker for Build Output Cleanup Cache (C:\Users\mberg8\Desktop\MD_Midterm\.gradle\buildOutputCleanup)" [_thread_blocked, id=8004, stack(0x00000000260e0000,0x00000000261e0000)]
  0x000000001ef37000 JavaThread "jar transforms Thread 94" [_thread_blocked, id=3664, stack(0x0000000028730000,0x0000000028830000)]
  0x000000001ef36800 JavaThread "jar transforms Thread 93" [_thread_blocked, id=14136, stack(0x0000000028630000,0x0000000028730000)]
  0x000000001ef33800 JavaThread "jar transforms Thread 92" [_thread_blocked, id=1712, stack(0x0000000028530000,0x0000000028630000)]
  0x000000001ef35800 JavaThread "jar transforms Thread 91" [_thread_blocked, id=2776, stack(0x0000000028430000,0x0000000028530000)]
  0x000000001ef32000 JavaThread "jar transforms Thread 90" [_thread_blocked, id=7700, stack(0x0000000028330000,0x0000000028430000)]
  0x000000001ef31000 JavaThread "jar transforms Thread 89" [_thread_blocked, id=14044, stack(0x0000000028230000,0x0000000028330000)]
  0x000000001ef32800 JavaThread "jar transforms Thread 88" [_thread_blocked, id=14112, stack(0x0000000028130000,0x0000000028230000)]
  0x0000000020ca2000 JavaThread "jar transforms Thread 87" [_thread_blocked, id=4832, stack(0x0000000028030000,0x0000000028130000)]
  0x0000000020ca6000 JavaThread "jar transforms Thread 86" [_thread_blocked, id=4676, stack(0x0000000027f30000,0x0000000028030000)]
  0x0000000020ca3800 JavaThread "jar transforms Thread 85" [_thread_blocked, id=11160, stack(0x0000000027e30000,0x0000000027f30000)]
  0x0000000020ca1800 JavaThread "jar transforms Thread 84" [_thread_blocked, id=13228, stack(0x0000000027d30000,0x0000000027e30000)]
  0x0000000020ca4800 JavaThread "jar transforms Thread 83" [_thread_blocked, id=204, stack(0x0000000027c30000,0x0000000027d30000)]
  0x0000000020ca3000 JavaThread "jar transforms Thread 82" [_thread_blocked, id=1048, stack(0x0000000027b30000,0x0000000027c30000)]
  0x0000000020ca5000 JavaThread "jar transforms Thread 81" [_thread_blocked, id=3104, stack(0x0000000027a30000,0x0000000027b30000)]
  0x0000000020c9a000 JavaThread "jar transforms Thread 80" [_thread_blocked, id=12988, stack(0x0000000027930000,0x0000000027a30000)]
  0x0000000020ca0800 JavaThread "jar transforms Thread 79" [_thread_blocked, id=728, stack(0x0000000027830000,0x0000000027930000)]
  0x0000000020c99000 JavaThread "jar transforms Thread 78" [_thread_blocked, id=9036, stack(0x0000000027730000,0x0000000027830000)]
  0x0000000020ca0000 JavaThread "jar transforms Thread 77" [_thread_blocked, id=13184, stack(0x0000000027630000,0x0000000027730000)]
  0x0000000020c98800 JavaThread "jar transforms Thread 76" [_thread_blocked, id=8116, stack(0x0000000027530000,0x0000000027630000)]
  0x0000000020c9f000 JavaThread "jar transforms Thread 75" [_thread_blocked, id=5012, stack(0x0000000027430000,0x0000000027530000)]
  0x0000000020c97800 JavaThread "jar transforms Thread 74" [_thread_blocked, id=10252, stack(0x0000000027330000,0x0000000027430000)]
  0x0000000020c9d800 JavaThread "jar transforms Thread 73" [_thread_blocked, id=11208, stack(0x0000000027230000,0x0000000027330000)]
  0x0000000020c9c000 JavaThread "jar transforms Thread 72" [_thread_blocked, id=13588, stack(0x0000000027130000,0x0000000027230000)]
  0x0000000020c9d000 JavaThread "jar transforms Thread 71" [_thread_blocked, id=9828, stack(0x0000000027030000,0x0000000027130000)]
  0x0000000020c9b800 JavaThread "jar transforms Thread 70" [_thread_blocked, id=8412, stack(0x0000000026f30000,0x0000000027030000)]
  0x0000000020c9e800 JavaThread "jar transforms Thread 69" [_thread_blocked, id=8384, stack(0x0000000026e30000,0x0000000026f30000)]
  0x0000000020c9a800 JavaThread "jar transforms Thread 68" [_thread_blocked, id=4300, stack(0x0000000026d30000,0x0000000026e30000)]
  0x0000000020c97000 JavaThread "jar transforms Thread 67" [_thread_blocked, id=13828, stack(0x0000000026c30000,0x0000000026d30000)]
  0x0000000020efa000 JavaThread "jar transforms Thread 66" [_thread_blocked, id=11676, stack(0x0000000026b30000,0x0000000026c30000)]
  0x0000000020ef9000 JavaThread "jar transforms Thread 65" [_thread_blocked, id=11188, stack(0x0000000026a30000,0x0000000026b30000)]
  0x0000000020ef8800 JavaThread "jar transforms Thread 64" [_thread_blocked, id=8164, stack(0x0000000026930000,0x0000000026a30000)]
  0x0000000020ef7800 JavaThread "jar transforms Thread 63" [_thread_blocked, id=7608, stack(0x0000000026830000,0x0000000026930000)]
  0x0000000020ef7000 JavaThread "jar transforms Thread 62" [_thread_blocked, id=7756, stack(0x0000000026730000,0x0000000026830000)]
  0x0000000020ef6000 JavaThread "jar transforms Thread 61" [_thread_blocked, id=1456, stack(0x0000000026630000,0x0000000026730000)]
  0x0000000020ef5800 JavaThread "jar transforms Thread 60" [_thread_blocked, id=2524, stack(0x0000000026530000,0x0000000026630000)]
  0x0000000020eee000 JavaThread "jar transforms Thread 59" [_thread_blocked, id=9632, stack(0x0000000026430000,0x0000000026530000)]
  0x0000000020ef4800 JavaThread "jar transforms Thread 58" [_thread_blocked, id=2052, stack(0x0000000025fe0000,0x00000000260e0000)]
  0x0000000020ef4000 JavaThread "jar transforms Thread 57" [_thread_blocked, id=6140, stack(0x0000000025ee0000,0x0000000025fe0000)]
  0x0000000020eec800 JavaThread "jar transforms Thread 56" [_thread_blocked, id=11172, stack(0x0000000025de0000,0x0000000025ee0000)]
  0x0000000020ef3000 JavaThread "jar transforms Thread 55" [_thread_blocked, id=7656, stack(0x0000000025ce0000,0x0000000025de0000)]
  0x0000000020ef2800 JavaThread "jar transforms Thread 54" [_thread_blocked, id=10356, stack(0x0000000025be0000,0x0000000025ce0000)]
  0x0000000020ef1800 JavaThread "jar transforms Thread 53" [_thread_blocked, id=7932, stack(0x0000000025ae0000,0x0000000025be0000)]
  0x0000000020eed000 JavaThread "jar transforms Thread 52" [_thread_blocked, id=8904, stack(0x00000000259e0000,0x0000000025ae0000)]
  0x0000000020eef800 JavaThread "jar transforms Thread 51" [_thread_blocked, id=6796, stack(0x00000000258e0000,0x00000000259e0000)]
  0x0000000020eeb000 JavaThread "jar transforms Thread 50" [_thread_blocked, id=12384, stack(0x00000000257e0000,0x00000000258e0000)]
  0x0000000020eee800 JavaThread "jar transforms Thread 49" [_thread_blocked, id=9908, stack(0x00000000256e0000,0x00000000257e0000)]
  0x0000000020ef0000 JavaThread "jar transforms Thread 48" [_thread_blocked, id=13916, stack(0x00000000255e0000,0x00000000256e0000)]
  0x0000000020eeb800 JavaThread "jar transforms Thread 47" [_thread_blocked, id=1504, stack(0x00000000254e0000,0x00000000255e0000)]
  0x0000000020ef1000 JavaThread "jar transforms Thread 46" [_thread_blocked, id=7944, stack(0x00000000253e0000,0x00000000254e0000)]
  0x0000000020ba8800 JavaThread "jar transforms Thread 45" [_thread_blocked, id=11600, stack(0x00000000252e0000,0x00000000253e0000)]
  0x0000000020ba9800 JavaThread "jar transforms Thread 44" [_thread_blocked, id=7440, stack(0x00000000251e0000,0x00000000252e0000)]
  0x0000000020baa000 JavaThread "jar transforms Thread 43" [_thread_blocked, id=7420, stack(0x00000000250e0000,0x00000000251e0000)]
  0x0000000020bab000 JavaThread "jar transforms Thread 42" [_thread_blocked, id=8360, stack(0x0000000024fe0000,0x00000000250e0000)]
  0x0000000020ba7000 JavaThread "jar transforms Thread 41" [_thread_blocked, id=8708, stack(0x0000000024ee0000,0x0000000024fe0000)]
  0x0000000020bac800 JavaThread "jar transforms Thread 40" [_thread_blocked, id=1152, stack(0x0000000024de0000,0x0000000024ee0000)]
  0x0000000020ba8000 JavaThread "jar transforms Thread 39" [_thread_blocked, id=6560, stack(0x0000000024ce0000,0x0000000024de0000)]
  0x0000000020ba6800 JavaThread "jar transforms Thread 38" [_thread_blocked, id=200, stack(0x0000000024be0000,0x0000000024ce0000)]
  0x0000000020bab800 JavaThread "jar transforms Thread 37" [_thread_blocked, id=9524, stack(0x0000000024ae0000,0x0000000024be0000)]
  0x0000000020bad000 JavaThread "jar transforms Thread 36" [_thread_blocked, id=2696, stack(0x00000000249e0000,0x0000000024ae0000)]
  0x000000001f221800 JavaThread "jar transforms Thread 35" [_thread_blocked, id=2980, stack(0x00000000248e0000,0x00000000249e0000)]
  0x000000001f21d000 JavaThread "jar transforms Thread 34" [_thread_blocked, id=13940, stack(0x00000000247e0000,0x00000000248e0000)]
  0x000000001f21a000 JavaThread "jar transforms Thread 33" [_thread_blocked, id=6312, stack(0x00000000246e0000,0x00000000247e0000)]
  0x000000001f21a800 JavaThread "jar transforms Thread 32" [_thread_blocked, id=11668, stack(0x00000000245e0000,0x00000000246e0000)]
  0x000000001f220000 JavaThread "jar transforms Thread 31" [_thread_blocked, id=12304, stack(0x00000000244e0000,0x00000000245e0000)]
  0x000000001f21d800 JavaThread "jar transforms Thread 30" [_thread_blocked, id=10820, stack(0x00000000243e0000,0x00000000244e0000)]
  0x000000001f21f000 JavaThread "jar transforms Thread 29" [_thread_blocked, id=1364, stack(0x00000000242e0000,0x00000000243e0000)]
  0x000000001f220800 JavaThread "jar transforms Thread 28" [_thread_blocked, id=13648, stack(0x00000000241e0000,0x00000000242e0000)]
  0x000000001f21e800 JavaThread "jar transforms Thread 27" [_thread_blocked, id=5736, stack(0x00000000240e0000,0x00000000241e0000)]
  0x000000001f21c000 JavaThread "jar transforms Thread 26" [_thread_blocked, id=128, stack(0x0000000023fe0000,0x00000000240e0000)]
  0x000000001f21b800 JavaThread "jar transforms Thread 25" [_thread_blocked, id=11856, stack(0x0000000023ee0000,0x0000000023fe0000)]
  0x000000001f212800 JavaThread "jar transforms Thread 24" [_thread_blocked, id=13208, stack(0x0000000023de0000,0x0000000023ee0000)]
  0x000000001f219000 JavaThread "jar transforms Thread 23" [_thread_blocked, id=7572, stack(0x0000000023ce0000,0x0000000023de0000)]
  0x000000001f218800 JavaThread "jar transforms Thread 22" [_thread_blocked, id=8324, stack(0x0000000023be0000,0x0000000023ce0000)]
  0x000000001f216000 JavaThread "jar transforms Thread 21" [_thread_blocked, id=11444, stack(0x0000000023ae0000,0x0000000023be0000)]
  0x000000001f213000 JavaThread "jar transforms Thread 20" [_thread_blocked, id=8084, stack(0x00000000239e0000,0x0000000023ae0000)]
  0x000000001f214800 JavaThread "jar transforms Thread 19" [_thread_blocked, id=7644, stack(0x00000000238e0000,0x00000000239e0000)]
  0x000000001f217800 JavaThread "jar transforms Thread 18" [_thread_blocked, id=10436, stack(0x00000000237e0000,0x00000000238e0000)]
  0x000000001f217000 JavaThread "jar transforms Thread 17" [_thread_blocked, id=2416, stack(0x00000000236e0000,0x00000000237e0000)]
  0x000000001f214000 JavaThread "jar transforms Thread 16" [_thread_blocked, id=712, stack(0x00000000235e0000,0x00000000236e0000)]
  0x000000001f215800 JavaThread "jar transforms Thread 15" [_thread_blocked, id=14172, stack(0x00000000234e0000,0x00000000235e0000)]
  0x000000001b64d000 JavaThread "jar transforms Thread 14" [_thread_blocked, id=7788, stack(0x00000000233e0000,0x00000000234e0000)]
  0x000000001b64c800 JavaThread "jar transforms Thread 13" [_thread_blocked, id=14232, stack(0x00000000232e0000,0x00000000233e0000)]
  0x000000001b64b800 JavaThread "jar transforms Thread 12" [_thread_blocked, id=9088, stack(0x00000000231e0000,0x00000000232e0000)]
  0x000000001b64e000 JavaThread "jar transforms Thread 11" [_thread_blocked, id=5492, stack(0x00000000230e0000,0x00000000231e0000)]
  0x000000001b64a000 JavaThread "jar transforms Thread 10" [_thread_blocked, id=4968, stack(0x0000000022fe0000,0x00000000230e0000)]
  0x000000001b64f800 JavaThread "jar transforms Thread 9" [_thread_blocked, id=7020, stack(0x0000000022ee0000,0x0000000022fe0000)]
  0x000000001b64e800 JavaThread "jar transforms Thread 8" [_thread_blocked, id=13512, stack(0x0000000022de0000,0x0000000022ee0000)]
  0x000000001b64b000 JavaThread "jar transforms Thread 7" [_thread_blocked, id=8132, stack(0x0000000022ce0000,0x0000000022de0000)]
  0x000000001b642800 JavaThread "jar transforms Thread 6" [_thread_blocked, id=1648, stack(0x0000000022be0000,0x0000000022ce0000)]
  0x000000001b649800 JavaThread "jar transforms Thread 5" [_thread_blocked, id=13584, stack(0x0000000022ae0000,0x0000000022be0000)]
  0x000000001b648800 JavaThread "jar transforms Thread 4" [_thread_blocked, id=3916, stack(0x00000000229e0000,0x0000000022ae0000)]
  0x000000001b648000 JavaThread "jar transforms Thread 3" [_thread_blocked, id=12928, stack(0x00000000228e0000,0x00000000229e0000)]
  0x000000001b640800 JavaThread "jar transforms Thread 2" [_thread_blocked, id=12648, stack(0x00000000227e0000,0x00000000228e0000)]
  0x000000001b642000 JavaThread "Build operations Thread 4" [_thread_blocked, id=11740, stack(0x00000000226e0000,0x00000000227e0000)]
  0x000000001b645800 JavaThread "Build operations Thread 3" [_thread_blocked, id=9692, stack(0x00000000225e0000,0x00000000226e0000)]
  0x000000001b647000 JavaThread "Build operations Thread 2" [_thread_in_vm, id=3320, stack(0x00000000224e0000,0x00000000225e0000)]
  0x000000001b645000 JavaThread "Build operations" [_thread_blocked, id=13636, stack(0x00000000223e0000,0x00000000224e0000)]
  0x000000001b639000 JavaThread "Cache worker for file content cache (C:\Users\mberg8\.gradle\caches\6.5\fileContent)" [_thread_blocked, id=12508, stack(0x0000000021ce0000,0x0000000021de0000)]
  0x000000001b638800 JavaThread "jar transforms" [_thread_blocked, id=2852, stack(0x0000000021be0000,0x0000000021ce0000)]
  0x000000001b63a800 JavaThread "Cache worker for execution history cache (C:\Users\mberg8\.gradle\caches\6.5\executionHistory)" [_thread_in_native, id=14272, stack(0x00000000213e0000,0x00000000214e0000)]
  0x000000001b63f000 JavaThread "Cache worker for cache directory md-rule (C:\Users\mberg8\.gradle\caches\6.5\md-rule)" [_thread_blocked, id=13836, stack(0x00000000212e0000,0x00000000213e0000)]
  0x000000001b63e800 JavaThread "Cache worker for cache directory md-supplier (C:\Users\mberg8\.gradle\caches\6.5\md-supplier)" [_thread_blocked, id=9000, stack(0x000000001ff90000,0x0000000020090000)]
  0x000000001b63d800 JavaThread "Cache worker for checksums cache (C:\Users\mberg8\Desktop\MD_Midterm\.gradle\checksums)" [_thread_blocked, id=6232, stack(0x000000001fe90000,0x000000001ff90000)]
  0x000000001b63c000 JavaThread "Cache worker for file hash cache (C:\Users\mberg8\Desktop\MD_Midterm\.gradle\6.5\fileHashes)" [_thread_blocked, id=5016, stack(0x00000000216e0000,0x00000000217e0000)]
  0x000000001b63d000 JavaThread "Cache worker for file hash cache (C:\Users\mberg8\.gradle\caches\6.5\fileHashes)" [_thread_blocked, id=800, stack(0x000000001d9f0000,0x000000001daf0000)]
  0x000000001b63a000 JavaThread "File lock request listener" [_thread_in_native, id=10712, stack(0x000000001d8f0000,0x000000001d9f0000)]
  0x0000000019d8b800 JavaThread "Cache worker for journal cache (C:\Users\mberg8\.gradle\caches\journal-1)" [_thread_blocked, id=340, stack(0x000000001d6f0000,0x000000001d7f0000)]
  0x0000000019be5800 JavaThread "Thread-9" [_thread_blocked, id=1432, stack(0x000000001d3f0000,0x000000001d4f0000)]
  0x000000001b5ca800 JavaThread "Stdin handler" [_thread_blocked, id=3724, stack(0x000000001d2f0000,0x000000001d3f0000)]
  0x000000001b5ca000 JavaThread "Asynchronous log dispatcher for DefaultDaemonConnection: socket connection from /127.0.0.1:63457 to /127.0.0.1:63458" [_thread_blocked, id=8240, stack(0x000000001d1f0000,0x000000001d2f0000)]
  0x000000001b58b000 JavaThread "Daemon worker" [_thread_blocked, id=9668, stack(0x000000001d0f0000,0x000000001d1f0000)]
  0x000000001b5b4800 JavaThread "Cancel handler" [_thread_blocked, id=5496, stack(0x000000001cff0000,0x000000001d0f0000)]
  0x000000001b582000 JavaThread "Handler for socket connection from /127.0.0.1:63457 to /127.0.0.1:63458" [_thread_in_native, id=10792, stack(0x000000001cef0000,0x000000001cff0000)]
  0x000000001b57f000 JavaThread "Daemon" [_thread_blocked, id=7488, stack(0x000000001cdf0000,0x000000001cef0000)]
  0x000000001b562800 JavaThread "Daemon periodic checks" [_thread_blocked, id=11068, stack(0x000000001caf0000,0x000000001cbf0000)]
  0x000000001b4fc800 JavaThread "Incoming local TCP Connector on port 63457" [_thread_in_native, id=9784, stack(0x000000001c8b0000,0x000000001c9b0000)]
  0x00000000193f7800 JavaThread "Daemon health stats" [_thread_blocked, id=13052, stack(0x000000001c270000,0x000000001c370000)]
  0x00000000179dd800 JavaThread "Service Thread" daemon [_thread_blocked, id=9596, stack(0x00000000196d0000,0x00000000197d0000)]
  0x000000001799d000 JavaThread "C1 CompilerThread2" daemon [_thread_in_native, id=5884, stack(0x00000000191d0000,0x00000000192d0000)]
  0x000000001798c800 JavaThread "C2 CompilerThread1" daemon [_thread_in_native, id=5484, stack(0x00000000190d0000,0x00000000191d0000)]
=>0x0000000017986800 JavaThread "C2 CompilerThread0" daemon [_thread_in_native, id=124, stack(0x0000000018fd0000,0x00000000190d0000)]
  0x0000000017985000 JavaThread "Attach Listener" daemon [_thread_blocked, id=7696, stack(0x0000000018ed0000,0x0000000018fd0000)]
  0x0000000017983800 JavaThread "Signal Dispatcher" daemon [_thread_blocked, id=7628, stack(0x0000000018dd0000,0x0000000018ed0000)]
  0x0000000002d5b800 JavaThread "Finalizer" daemon [_thread_blocked, id=136, stack(0x0000000018bd0000,0x0000000018cd0000)]
  0x0000000017969000 JavaThread "Reference Handler" daemon [_thread_blocked, id=8656, stack(0x0000000018ad0000,0x0000000018bd0000)]
  0x0000000002c62800 JavaThread "main" [_thread_blocked, id=12040, stack(0x0000000002ab0000,0x0000000002bb0000)]

Other Threads:
  0x0000000017945800 VMThread [stack: 0x00000000189d0000,0x0000000018ad0000] [id=7052]
  0x00000000179de000 WatcherThread [stack: 0x00000000197d0000,0x00000000198d0000] [id=11868]

VM state:not at safepoint (normal execution)

VM Mutex/Monitor currently owned by a thread: None

OutOfMemory and StackOverflow Exception counts:
OutOfMemoryError java_heap_errors=7

heap address: 0x0000000080000000, size: 2048 MB, Compressed Oops mode: 32-bit
Narrow klass base: 0x0000000000000000, Narrow klass shift: 3
Compressed class space size: 1073741824 Address: 0x0000000100000000

Heap:
 PSYoungGen      total 359936K, used 21800K [0x00000000d5580000, 0x00000000ecb80000, 0x0000000100000000)
  eden space 336896K, 6% used [0x00000000d5580000,0x00000000d6aca070,0x00000000e9e80000)
  from space 23040K, 0% used [0x00000000e9e80000,0x00000000e9e80000,0x00000000eb500000)
  to   space 18944K, 0% used [0x00000000eb900000,0x00000000eb900000,0x00000000ecb80000)
 ParOldGen       total 102400K, used 55420K [0x0000000080000000, 0x0000000086400000, 0x00000000d5580000)
  object space 102400K, 54% used [0x0000000080000000,0x000000008361f390,0x0000000086400000)
 Metaspace       used 73301K, capacity 77186K, committed 77592K, reserved 1120256K
  class space    used 10174K, capacity 10913K, committed 11056K, reserved 1048576K

Card table byte_map: [0x0000000012120000,0x0000000012530000] byte_map_base: 0x0000000011d20000

Marking Bits: (ParMarkBitMap*) 0x000000006df8f030
 Begin Bits: [0x0000000012be0000, 0x0000000014be0000)
 End Bits:   [0x0000000014be0000, 0x0000000016be0000)

Polling page: 0x0000000000d00000

CodeCache: size=245760Kb used=25489Kb max_used=25750Kb free=220270Kb
 bounds [0x0000000002d60000, 0x00000000046f0000, 0x0000000011d60000]
 total_blobs=9301 nmethods=8495 adapters=717
 compilation: enabled

Compilation events (10 events):
Event: 9.925 Thread 0x000000001799d000 nmethod 9977 0x0000000003416150 code [0x00000000034163c0, 0x0000000003417878]
Event: 9.925 Thread 0x000000001799d000 9979       3       com.android.tools.r8.q.a.a.b.d1::d (18 bytes)
Event: 9.926 Thread 0x000000001799d000 nmethod 9979 0x0000000003651f50 code [0x0000000003652120, 0x0000000003652b78]
Event: 9.926 Thread 0x000000001799d000 9980       3       com.android.tools.r8.ir.conversion.t::a (13 bytes)
Event: 9.926 Thread 0x000000001799d000 nmethod 9980 0x00000000038100d0 code [0x0000000003810300, 0x0000000003810f08]
Event: 9.926 Thread 0x000000001799d000 9982       3       com.android.tools.r8.graph.C0$e::getOriginalMethodSignature (2 bytes)
Event: 9.926 Thread 0x000000001799d000 nmethod 9982 0x0000000003d05d50 code [0x0000000003d05ea0, 0x0000000003d05ff0]
Event: 9.926 Thread 0x000000001799d000 9981       3       com.android.tools.r8.t.a.a.a.h.a0$f::hasNext (14 bytes)
Event: 9.926 Thread 0x000000001799d000 nmethod 9981 0x0000000003d059d0 code [0x0000000003d05b20, 0x0000000003d05cd0]
Event: 9.926 Thread 0x000000001799d000 9983       3       com.android.tools.r8.s.b.X::c (1154 bytes)

GC Heap History (10 events):
Event: 8.731 GC heap before
{Heap before GC invocations=16 (full 3):
 PSYoungGen      total 276480K, used 255488K [0x00000000d5580000, 0x00000000e7f80000, 0x0000000100000000)
  eden space 255488K, 100% used [0x00000000d5580000,0x00000000e4f00000,0x00000000e4f00000)
  from space 20992K, 0% used [0x00000000e6300000,0x00000000e6300000,0x00000000e7780000)
  to   space 20480K, 0% used [0x00000000e4f00000,0x00000000e4f00000,0x00000000e6300000)
 ParOldGen       total 102400K, used 33715K [0x0000000080000000, 0x0000000086400000, 0x00000000d5580000)
  object space 102400K, 32% used [0x0000000080000000,0x00000000820ecc28,0x0000000086400000)
 Metaspace       used 64572K, capacity 67588K, committed 67864K, reserved 1107968K
  class space    used 8873K, capacity 9466K, committed 9520K, reserved 1048576K
Event: 8.759 GC heap after
Heap after GC invocations=16 (full 3):
 PSYoungGen      total 275968K, used 20471K [0x00000000d5580000, 0x00000000ed080000, 0x0000000100000000)
  eden space 255488K, 0% used [0x00000000d5580000,0x00000000d5580000,0x00000000e4f00000)
  from space 20480K, 99% used [0x00000000e4f00000,0x00000000e62fddc0,0x00000000e6300000)
  to   space 24064K, 0% used [0x00000000eb900000,0x00000000eb900000,0x00000000ed080000)
 ParOldGen       total 102400K, used 34454K [0x0000000080000000, 0x0000000086400000, 0x00000000d5580000)
  object space 102400K, 33% used [0x0000000080000000,0x00000000821a58f8,0x0000000086400000)
 Metaspace       used 64572K, capacity 67588K, committed 67864K, reserved 1107968K
  class space    used 8873K, capacity 9466K, committed 9520K, reserved 1048576K
}
Event: 9.270 GC heap before
{Heap before GC invocations=17 (full 3):
 PSYoungGen      total 275968K, used 108076K [0x00000000d5580000, 0x00000000ed080000, 0x0000000100000000)
  eden space 255488K, 34% used [0x00000000d5580000,0x00000000dab0d560,0x00000000e4f00000)
  from space 20480K, 99% used [0x00000000e4f00000,0x00000000e62fddc0,0x00000000e6300000)
  to   space 24064K, 0% used [0x00000000eb900000,0x00000000eb900000,0x00000000ed080000)
 ParOldGen       total 102400K, used 34454K [0x0000000080000000, 0x0000000086400000, 0x00000000d5580000)
  object space 102400K, 33% used [0x0000000080000000,0x00000000821a58f8,0x0000000086400000)
 Metaspace       used 69074K, capacity 72634K, committed 72728K, reserved 1116160K
  class space    used 9546K, capacity 10235K, committed 10288K, reserved 1048576K
Event: 9.291 GC heap after
Heap after GC invocations=17 (full 3):
 PSYoungGen      total 355840K, used 11091K [0x00000000d5580000, 0x00000000ecb80000, 0x0000000100000000)
  eden space 336896K, 0% used [0x00000000d5580000,0x00000000d5580000,0x00000000e9e80000)
  from space 18944K, 58% used [0x00000000eb900000,0x00000000ec3d4e90,0x00000000ecb80000)
  to   space 23040K, 0% used [0x00000000e9e80000,0x00000000e9e80000,0x00000000eb500000)
 ParOldGen       total 102400K, used 50403K [0x0000000080000000, 0x0000000086400000, 0x00000000d5580000)
  object space 102400K, 49% used [0x0000000080000000,0x0000000083138f70,0x0000000086400000)
 Metaspace       used 69074K, capacity 72634K, committed 72728K, reserved 1116160K
  class space    used 9546K, capacity 10235K, committed 10288K, reserved 1048576K
}
Event: 9.291 GC heap before
{Heap before GC invocations=18 (full 4):
 PSYoungGen      total 355840K, used 11091K [0x00000000d5580000, 0x00000000ecb80000, 0x0000000100000000)
  eden space 336896K, 0% used [0x00000000d5580000,0x00000000d5580000,0x00000000e9e80000)
  from space 18944K, 58% used [0x00000000eb900000,0x00000000ec3d4e90,0x00000000ecb80000)
  to   space 23040K, 0% used [0x00000000e9e80000,0x00000000e9e80000,0x00000000eb500000)
 ParOldGen       total 102400K, used 50403K [0x0000000080000000, 0x0000000086400000, 0x00000000d5580000)
  object space 102400K, 49% used [0x0000000080000000,0x0000000083138f70,0x0000000086400000)
 Metaspace       used 69074K, capacity 72634K, committed 72728K, reserved 1116160K
  class space    used 9546K, capacity 10235K, committed 10288K, reserved 1048576K
Event: 9.485 GC heap after
Heap after GC invocations=18 (full 4):
 PSYoungGen      total 355840K, used 0K [0x00000000d5580000, 0x00000000ecb80000, 0x0000000100000000)
  eden space 336896K, 0% used [0x00000000d5580000,0x00000000d5580000,0x00000000e9e80000)
  from space 18944K, 0% used [0x00000000eb900000,0x00000000eb900000,0x00000000ecb80000)
  to   space 23040K, 0% used [0x00000000e9e80000,0x00000000e9e80000,0x00000000eb500000)
 ParOldGen       total 102400K, used 58744K [0x0000000080000000, 0x0000000086400000, 0x00000000d5580000)
  object space 102400K, 57% used [0x0000000080000000,0x000000008395e080,0x0000000086400000)
 Metaspace       used 68902K, capacity 72146K, committed 72728K, reserved 1114112K
  class space    used 9488K, capacity 10131K, committed 10288K, reserved 1048576K
}
Event: 9.716 GC heap before
{Heap before GC invocations=19 (full 4):
 PSYoungGen      total 355840K, used 27141K [0x00000000d5580000, 0x00000000ecb80000, 0x0000000100000000)
  eden space 336896K, 8% used [0x00000000d5580000,0x00000000d7001690,0x00000000e9e80000)
  from space 18944K, 0% used [0x00000000eb900000,0x00000000eb900000,0x00000000ecb80000)
  to   space 23040K, 0% used [0x00000000e9e80000,0x00000000e9e80000,0x00000000eb500000)
 ParOldGen       total 102400K, used 58744K [0x0000000080000000, 0x0000000086400000, 0x00000000d5580000)
  object space 102400K, 57% used [0x0000000080000000,0x000000008395e080,0x0000000086400000)
 Metaspace       used 72947K, capacity 77014K, committed 77080K, reserved 1122304K
  class space    used 10201K, capacity 10991K, committed 11056K, reserved 1048576K
Event: 9.720 GC heap after
Heap after GC invocations=19 (full 4):
 PSYoungGen      total 359936K, used 3300K [0x00000000d5580000, 0x00000000ecb80000, 0x0000000100000000)
  eden space 336896K, 0% used [0x00000000d5580000,0x00000000d5580000,0x00000000e9e80000)
  from space 23040K, 14% used [0x00000000e9e80000,0x00000000ea1b9050,0x00000000eb500000)
  to   space 18944K, 0% used [0x00000000eb900000,0x00000000eb900000,0x00000000ecb80000)
 ParOldGen       total 102400K, used 58752K [0x0000000080000000, 0x0000000086400000, 0x00000000d5580000)
  object space 102400K, 57% used [0x0000000080000000,0x0000000083960080,0x0000000086400000)
 Metaspace       used 72947K, capacity 77014K, committed 77080K, reserved 1122304K
  class space    used 10201K, capacity 10991K, committed 11056K, reserved 1048576K
}
Event: 9.720 GC heap before
{Heap before GC invocations=20 (full 5):
 PSYoungGen      total 359936K, used 3300K [0x00000000d5580000, 0x00000000ecb80000, 0x0000000100000000)
  eden space 336896K, 0% used [0x00000000d5580000,0x00000000d5580000,0x00000000e9e80000)
  from space 23040K, 14% used [0x00000000e9e80000,0x00000000ea1b9050,0x00000000eb500000)
  to   space 18944K, 0% used [0x00000000eb900000,0x00000000eb900000,0x00000000ecb80000)
 ParOldGen       total 102400K, used 58752K [0x0000000080000000, 0x0000000086400000, 0x00000000d5580000)
  object space 102400K, 57% used [0x0000000080000000,0x0000000083960080,0x0000000086400000)
 Metaspace       used 72947K, capacity 77014K, committed 77080K, reserved 1122304K
  class space    used 10201K, capacity 10991K, committed 11056K, reserved 1048576K
Event: 9.802 GC heap after
Heap after GC invocations=20 (full 5):
 PSYoungGen      total 359936K, used 0K [0x00000000d5580000, 0x00000000ecb80000, 0x0000000100000000)
  eden space 336896K, 0% used [0x00000000d5580000,0x00000000d5580000,0x00000000e9e80000)
  from space 23040K, 0% used [0x00000000e9e80000,0x00000000e9e80000,0x00000000eb500000)
  to   space 18944K, 0% used [0x00000000eb900000,0x00000000eb900000,0x00000000ecb80000)
 ParOldGen       total 102400K, used 55420K [0x0000000080000000, 0x0000000086400000, 0x00000000d5580000)
  object space 102400K, 54% used [0x0000000080000000,0x000000008361f390,0x0000000086400000)
 Metaspace       used 72724K, capacity 76552K, committed 77080K, reserved 1120256K
  class space    used 10119K, capacity 10844K, committed 11056K, reserved 1048576K
}

Deoptimization events (10 events):
Event: 9.094 Thread 0x000000001b647000 Uncommon trap: reason=unstable_if action=reinterpret pc=0x000000000434bc7c method=java.util.concurrent.ConcurrentHashMap.addCount(JI)V @ 168
Event: 9.094 Thread 0x000000001b645000 Uncommon trap: reason=unstable_if action=reinterpret pc=0x000000000434bc7c method=java.util.concurrent.ConcurrentHashMap.addCount(JI)V @ 168
Event: 9.094 Thread 0x000000001b645000 Uncommon trap: reason=unstable_if action=reinterpret pc=0x00000000036bcdbc method=java.util.concurrent.ConcurrentHashMap.get(Ljava/lang/Object;)Ljava/lang/Object; @ 86
Event: 9.132 Thread 0x000000001ef3d000 Uncommon trap: reason=unstable_if action=reinterpret pc=0x0000000004105b5c method=java.nio.Bits.putInt(Ljava/nio/ByteBuffer;IIZ)V @ 1
Event: 9.554 Thread 0x000000001b647000 Uncommon trap: reason=unstable_if action=reinterpret pc=0x0000000003cbf32c method=java.util.HashMap.putVal(ILjava/lang/Object;Ljava/lang/Object;ZZ)Ljava/lang/Object; @ 236
Event: 9.595 Thread 0x000000001b645000 Uncommon trap: reason=unstable_if action=reinterpret pc=0x00000000042a1378 method=java.util.HashMap.computeIfAbsent(Ljava/lang/Object;Ljava/util/function/Function;)Ljava/lang/Object; @ 145
Event: 9.820 Thread 0x000000001b645000 Uncommon trap: reason=unstable_if action=reinterpret pc=0x0000000003c26e64 method=java.util.TreeMap.put(Ljava/lang/Object;Ljava/lang/Object;)Ljava/lang/Object; @ 163
Event: 9.853 Thread 0x000000001b647000 Uncommon trap: reason=unstable_if action=reinterpret pc=0x0000000004185594 method=com.android.tools.r8.s.b.q1.W()Z @ 71
Event: 9.857 Thread 0x000000001b645000 Uncommon trap: reason=unstable_if action=reinterpret pc=0x00000000039d9928 method=java.util.Arrays.equals([Ljava/lang/Object;[Ljava/lang/Object;)Z @ 47
Event: 9.858 Thread 0x000000001ef3d000 Uncommon trap: reason=unstable_if action=reinterpret pc=0x000000000450f2e4 method=java.util.concurrent.ConcurrentHashMap.putVal(Ljava/lang/Object;Ljava/lang/Object;Z)Ljava/lang/Object; @ 195

Classes redefined (0 events):
No events

Internal exceptions (10 events):
Event: 9.553 Thread 0x000000001b645000 Exception <a 'java/lang/NoSuchMethodError': java.lang.Object.b(Lcom/android/tools/r8/graph/p1$b;)Lcom/android/tools/r8/graph/p1$b;> (0x00000000d5904de0) thrown at [C:\src\AOSP-openjdk-git\hotspot\src\share\vm\interpreter\linkResolver.cpp, line 620]
Event: 9.572 Thread 0x000000001b645000 Exception <a 'java/lang/NoSuchMethodError': java.lang.Object.lambda$comparingInt$7b0bb60$1(Ljava/util/function/ToIntFunction;Ljava/lang/Object;Ljava/lang/Object;)I> (0x00000000d5e34d78) thrown at [C:\src\AOSP-openjdk-git\hotspot\src\share\vm\interpreter\l
Event: 9.572 Thread 0x000000001b647000 Exception <a 'java/lang/NoSuchMethodError': java.lang.Object.lambda$comparingInt$7b0bb60$1(Ljava/util/function/ToIntFunction;Ljava/lang/Object;Ljava/lang/Object;)I> (0x00000000d5eecdd0) thrown at [C:\src\AOSP-openjdk-git\hotspot\src\share\vm\interpreter\l
Event: 9.572 Thread 0x000000001ef3d000 Exception <a 'java/lang/NoSuchMethodError': java.lang.Object.lambda$comparingInt$7b0bb60$1(Ljava/util/function/ToIntFunction;Ljava/lang/Object;Ljava/lang/Object;)I> (0x00000000d5eb4c20) thrown at [C:\src\AOSP-openjdk-git\hotspot\src\share\vm\interpreter\l
Event: 9.573 Thread 0x000000001b645000 Exception <a 'java/lang/NoSuchMethodError': java.lang.Object.lambda$maxBy$1(Ljava/util/Comparator;Ljava/lang/Object;Ljava/lang/Object;)Ljava/lang/Object;> (0x00000000d5e396c0) thrown at [C:\src\AOSP-openjdk-git\hotspot\src\share\vm\interpreter\linkResolve
Event: 9.573 Thread 0x000000001ef3d000 Exception <a 'java/lang/NoSuchMethodError': java.lang.Object.lambda$maxBy$1(Ljava/util/Comparator;Ljava/lang/Object;Ljava/lang/Object;)Ljava/lang/Object;> (0x00000000d5eb9250) thrown at [C:\src\AOSP-openjdk-git\hotspot\src\share\vm\interpreter\linkResolve
Event: 9.573 Thread 0x000000001b647000 Exception <a 'java/lang/NoSuchMethodError': java.lang.Object.lambda$maxBy$1(Ljava/util/Comparator;Ljava/lang/Object;Ljava/lang/Object;)Ljava/lang/Object;> (0x00000000d5ef1568) thrown at [C:\src\AOSP-openjdk-git\hotspot\src\share\vm\interpreter\linkResolve
Event: 9.811 Thread 0x000000001ef3d000 Exception <a 'sun/nio/fs/WindowsException'> (0x00000000d5714860) thrown at [C:\src\AOSP-openjdk-git\hotspot\src\share\vm\prims\jni.cpp, line 710]
Event: 9.856 Thread 0x000000001ef3d000 Exception <a 'sun/nio/fs/WindowsException'> (0x00000000d5f1e1e0) thrown at [C:\src\AOSP-openjdk-git\hotspot\src\share\vm\prims\jni.cpp, line 710]
Event: 9.870 Thread 0x000000001b645000 Exception <a 'sun/nio/fs/WindowsException'> (0x00000000d5feab28) thrown at [C:\src\AOSP-openjdk-git\hotspot\src\share\vm\prims\jni.cpp, line 710]

Events (10 events):
Event: 9.863 Thread 0x000000001ef3d000 DEOPT PACKING pc=0x00000000044d1093 sp=0x000000002b0878a0
Event: 9.863 Thread 0x000000001ef3d000 DEOPT UNPACKING pc=0x0000000002da75d0 sp=0x000000002b087628 mode 0
Event: 9.875 loading class com/android/tools/r8/p/n/G$a
Event: 9.875 loading class com/android/tools/r8/p/n/G$a done
Event: 9.876 loading class java/util/IdentityHashMap$1
Event: 9.876 loading class java/util/IdentityHashMap$1 done
Event: 9.897 Thread 0x000000001b645000 DEOPT PACKING pc=0x000000000438ff44 sp=0x00000000224dc940
Event: 9.897 Thread 0x000000001b645000 DEOPT UNPACKING pc=0x0000000002da75d0 sp=0x00000000224dc660 mode 0
Event: 9.906 Executing VM operation: ForceSafepoint
Event: 9.907 Executing VM operation: ForceSafepoint done


Dynamic libraries:
0x00007ff6316d0000 - 0x00007ff631701000 	C:\Program Files\Android\Android Studio\jre\bin\java.exe
0x00007ffdb0900000 - 0x00007ffdb0af0000 	C:\WINDOWS\SYSTEM32\ntdll.dll
0x00007ffdaec20000 - 0x00007ffdaecd2000 	C:\WINDOWS\System32\KERNEL32.DLL
0x00007ffdae580000 - 0x00007ffdae825000 	C:\WINDOWS\System32\KERNELBASE.dll
0x00007ffdb0270000 - 0x00007ffdb0313000 	C:\WINDOWS\System32\ADVAPI32.dll
0x00007ffdaf490000 - 0x00007ffdaf52e000 	C:\WINDOWS\System32\msvcrt.dll
0x00007ffdb01d0000 - 0x00007ffdb0267000 	C:\WINDOWS\System32\sechost.dll
0x00007ffdafe30000 - 0x00007ffdaff50000 	C:\WINDOWS\System32\RPCRT4.dll
0x00007ffdaf5a0000 - 0x00007ffdaf734000 	C:\WINDOWS\System32\USER32.dll
0x00007ffdae550000 - 0x00007ffdae571000 	C:\WINDOWS\System32\win32u.dll
0x00007ffdb04f0000 - 0x00007ffdb0516000 	C:\WINDOWS\System32\GDI32.dll
0x00007ffdad8d0000 - 0x00007ffdada66000 	C:\WINDOWS\System32\gdi32full.dll
0x00007ffdae910000 - 0x00007ffdae9ae000 	C:\WINDOWS\System32\msvcp_win.dll
0x00007ffdada70000 - 0x00007ffdadb6a000 	C:\WINDOWS\System32\ucrtbase.dll
0x00007ffd9d1f0000 - 0x00007ffd9d474000 	C:\WINDOWS\WinSxS\amd64_microsoft.windows.common-controls_6595b64144ccf1df_6.0.18362.1256_none_9e7e379be45e40e2\COMCTL32.dll
0x00007ffdb0580000 - 0x00007ffdb08b6000 	C:\WINDOWS\System32\combase.dll
0x00007ffdae830000 - 0x00007ffdae8b1000 	C:\WINDOWS\System32\bcryptPrimitives.dll
0x00007ffdaece0000 - 0x00007ffdaed0e000 	C:\WINDOWS\System32\IMM32.DLL
0x000000006e3d0000 - 0x000000006e4a2000 	C:\Program Files\Android\Android Studio\jre\jre\bin\msvcr100.dll
0x000000006d7c0000 - 0x000000006e00b000 	C:\Program Files\Android\Android Studio\jre\jre\bin\server\jvm.dll
0x00007ffdb03a0000 - 0x00007ffdb03a8000 	C:\WINDOWS\System32\PSAPI.DLL
0x00007ffd99cf0000 - 0x00007ffd99cf9000 	C:\WINDOWS\SYSTEM32\WSOCK32.dll
0x00007ffdaaa40000 - 0x00007ffdaaa64000 	C:\WINDOWS\SYSTEM32\WINMM.dll
0x00007ffdaf530000 - 0x00007ffdaf59f000 	C:\WINDOWS\System32\WS2_32.dll
0x00007ffda7210000 - 0x00007ffda721a000 	C:\WINDOWS\SYSTEM32\VERSION.dll
0x00007ffdaaa10000 - 0x00007ffdaaa3d000 	C:\WINDOWS\SYSTEM32\WINMMBASE.dll
0x00007ffdae8c0000 - 0x00007ffdae90a000 	C:\WINDOWS\System32\cfgmgr32.dll
0x00007ffdaa7a0000 - 0x00007ffdaa7af000 	C:\Program Files\Android\Android Studio\jre\jre\bin\verify.dll
0x00007ffd9be30000 - 0x00007ffd9be59000 	C:\Program Files\Android\Android Studio\jre\jre\bin\java.dll
0x00007ffda9120000 - 0x00007ffda9136000 	C:\Program Files\Android\Android Studio\jre\jre\bin\zip.dll
0x00007ffdaf740000 - 0x00007ffdafe27000 	C:\WINDOWS\System32\SHELL32.dll
0x00007ffdaeb70000 - 0x00007ffdaec19000 	C:\WINDOWS\System32\shcore.dll
0x00007ffdadce0000 - 0x00007ffdae461000 	C:\WINDOWS\System32\windows.storage.dll
0x00007ffdad840000 - 0x00007ffdad863000 	C:\WINDOWS\System32\profapi.dll
0x00007ffdad7f0000 - 0x00007ffdad83a000 	C:\WINDOWS\System32\powrprof.dll
0x00007ffdad7a0000 - 0x00007ffdad7b0000 	C:\WINDOWS\System32\UMPDC.dll
0x00007ffdb0520000 - 0x00007ffdb0572000 	C:\WINDOWS\System32\shlwapi.dll
0x00007ffdad7b0000 - 0x00007ffdad7c1000 	C:\WINDOWS\System32\kernel.appcore.dll
0x00007ffdadcc0000 - 0x00007ffdadcd7000 	C:\WINDOWS\System32\cryptsp.dll
0x00007ffd9c7c0000 - 0x00007ffd9c7da000 	C:\Program Files\Android\Android Studio\jre\jre\bin\net.dll
0x00007ffdacf90000 - 0x00007ffdacff7000 	C:\WINDOWS\system32\mswsock.dll
0x00007ffd95b10000 - 0x00007ffd95b23000 	C:\Program Files\Android\Android Studio\jre\jre\bin\nio.dll
0x00007ffd9be90000 - 0x00007ffd9beb7000 	C:\Users\mberg8\.gradle\native\f6784746aeab05261644944871eae4fe03e0ef1612fff0a4a95f87b438bc6780\windows-amd64\native-platform.dll
0x00007ffda86a0000 - 0x00007ffda86ad000 	C:\Program Files\Android\Android Studio\jre\jre\bin\management.dll
0x00007ffdacb00000 - 0x00007ffdacb33000 	C:\WINDOWS\system32\rsaenh.dll
0x00007ffdae520000 - 0x00007ffdae546000 	C:\WINDOWS\System32\bcrypt.dll
0x00007ffdad6c0000 - 0x00007ffdad6e5000 	C:\WINDOWS\SYSTEM32\USERENV.dll
0x00007ffdad160000 - 0x00007ffdad16c000 	C:\WINDOWS\SYSTEM32\CRYPTBASE.dll
0x00007ffdacca0000 - 0x00007ffdaccda000 	C:\WINDOWS\SYSTEM32\IPHLPAPI.DLL
0x00007ffdaff60000 - 0x00007ffdaff68000 	C:\WINDOWS\System32\NSI.dll
0x00007ffda90f0000 - 0x00007ffda9106000 	C:\WINDOWS\SYSTEM32\dhcpcsvc6.DLL
0x00007ffda90d0000 - 0x00007ffda90ec000 	C:\WINDOWS\SYSTEM32\dhcpcsvc.DLL
0x00007ffdacce0000 - 0x00007ffdacdab000 	C:\WINDOWS\SYSTEM32\DNSAPI.dll
0x00007ffda9890000 - 0x00007ffda989b000 	C:\WINDOWS\SYSTEM32\WINNSI.DLL

VM Arguments:
jvm_args: -Xmx2048m -Dfile.encoding=UTF-8 -Duser.country=US -Duser.language=en -Duser.variant 
java_command: org.gradle.launcher.daemon.bootstrap.GradleDaemon 6.5
java_class_path (initial): C:\Users\mberg8\.gradle\wrapper\dists\gradle-6.5-all\2oz4ud9k3tuxjg84bbf55q0tn\gradle-6.5\lib\gradle-launcher-6.5.jar
Launcher Type: SUN_STANDARD

Environment Variables:
JAVA_HOME=C:\Program Files\Amazon Corretto\jdk1.8.0_202
PATH=C:\Program Files\Common Files\Oracle\Java\javapath;C:\Python39\Scripts\;C:\Python39\;c:\Program Files (x86)\Common Files\Intel\Shared Libraries\redist\intel64_win\compiler;C:\Program Files\Microsoft MPI\Bin\;C:\WINDOWS\system32;C:\WINDOWS;C:\WINDOWS\System32\Wbem;C:\WINDOWS\System32\WindowsPowerShell\v1.0\;C:\WINDOWS\System32\OpenSSH\;C:\WINDOWS\system32\config\systemprofile\AppData\Local\Microsoft\WindowsApps;C:\Program Files\Amazon Corretto\jdk11.0.4_10\bin;C:\Program Files\dotnet\;C:\Program Files\Microsoft SQL Server\130\Tools\Binn\;C:\Program Files (x86)\Microsoft SQL Server\Client SDK\ODBC\110\Tools\Binn\;C:\Program Files (x86)\Microsoft SQL Server\120\Tools\Binn\ManagementStudio\;C:\Program Files (x86)\Microsoft SQL Server\120\Tools\Binn\;C:\Program Files (x86)\Microsoft SQL Server\120\DTS\Binn\;C:\Program Files\Intel\WiFi\bin\;C:\Program Files\Common Files\Intel\WirelessCommon\;C:\Program Files\MySQL\MySQL Shell 8.0\bin\;C:\Users\Default\.dotnet\tools;c:\pc2;C:\Program Files\Microsoft SQL Server\Client SDK\ODBC\170\Tools\Binn\;C:\ProgramData\chocolatey\bin;C:\Users\mberg8\AppData\Local\Microsoft\WindowsApps;C:\Users\mberg8\.dotnet\tools;C:\Users\mberg8\AppData\Local\Programs\Microsoft VS Code\bin;C:\Usersmberg8\Git\cmd
USERNAME=mberg8
OS=Windows_NT
PROCESSOR_IDENTIFIER=Intel64 Family 6 Model 158 Stepping 9, GenuineIntel



---------------  S Y S T E M  ---------------

OS: Windows 10.0 , 64 bit Build 18362 (10.0.18362.1110)

CPU:total 4 (initial active 4) (4 cores per cpu, 1 threads per core) family 6 model 158 stepping 9, cmov, cx8, fxsr, mmx, sse, sse2, sse3, ssse3, sse4.1, sse4.2, popcnt, avx, avx2, aes, clmul, erms, rtm, 3dnowpref, lzcnt, tsc, tscinvbit, bmi1, bmi2, adx

Memory: 4k page, physical 8264904k(1583436k free), swap 8800544k(5196k free)

vm_info: OpenJDK 64-Bit Server VM (25.242-b01) for windows-amd64 JRE (1.8.0_242-release-1644-b01), built by "builder" with MS VC++ 10.0 (VS2010)

time: Thu Jun 03 02:31:13 2021
timezone: Central Daylight Time
elapsed time: 9 seconds (0d 0h 0m 9s)

