#
# There is insufficient memory for the Java Runtime Environment to continue.
# Native memory allocation (malloc) failed to allocate 56496 bytes for Chunk::new
# Possible reasons:
#   The system is out of physical RAM or swap space
#   The process is running with CompressedOops enabled, and the Java Heap may be blocking the growth of the native heap
# Possible solutions:
#   Reduce memory load on the system
#   Increase physical memory or swap space
#   Check if swap backing store is full
#   Decrease Java heap size (-Xmx/-Xms)
#   Decrease number of Java threads
#   Decrease Java thread stack sizes (-Xss)
#   Set larger code cache with -XX:ReservedCodeCacheSize=
#   JVM is running with Unscaled Compressed Oops mode in which the Java heap is
#     placed in the first 4GB address space. The Java Heap base address is the
#     maximum limit for the native heap growth. Please use -XX:HeapBaseMinAddress
#     to set the Java Heap base and to place the Java Heap above 4GB virtual address.
# This output file may be truncated or incomplete.
#
#  Out of Memory Error (allocation.cpp:389), pid=12296, tid=0x0000000000001700
#
# JRE version: OpenJDK Runtime Environment (8.0_242-b01) (build 1.8.0_242-release-1644-b01)
# Java VM: OpenJDK 64-Bit Server VM (25.242-b01 mixed mode windows-amd64 compressed oops)
# Failed to write core dump. Minidumps are not enabled by default on client versions of Windows
#

---------------  T H R E A D  ---------------

Current thread (0x0000000017496800):  JavaThread "C2 CompilerThread0" daemon [_thread_in_native, id=5888, stack(0x0000000018b00000,0x0000000018c00000)]

Stack: [0x0000000018b00000,0x0000000018c00000]
[error occurred during error reporting (printing stack bounds), id 0xc0000005]

Native frames: (J=compiled Java code, j=interpreted, Vv=VM code, C=native code)


Current CompileTask:
C2:1074006 14328   !   4       org.gradle.internal.instantiation.generator.AsmBackedClassGenerator$InvokeConstructorStrategy::newInstance (66 bytes)


---------------  P R O C E S S  ---------------

Java Threads: ( => current thread )
  0x000000001f357800 JavaThread "pool-4-thread-1" [_thread_blocked, id=11820, stack(0x0000000027cf0000,0x0000000027df0000)]
  0x000000001f351800 JavaThread "Cache worker for Build Output Cleanup Cache (C:\Users\mberg8\Desktop\MD_Midterm\.gradle\buildOutputCleanup)" [_thread_blocked, id=10712, stack(0x0000000027bf0000,0x0000000027cf0000)]
  0x000000001f357000 JavaThread "jar transforms Thread 184" [_thread_blocked, id=7704, stack(0x0000000027af0000,0x0000000027bf0000)]
  0x000000001f34f800 JavaThread "jar transforms Thread 183" [_thread_blocked, id=6284, stack(0x00000000279f0000,0x0000000027af0000)]
  0x000000001f355800 JavaThread "jar transforms Thread 182" [_thread_blocked, id=2772, stack(0x00000000278f0000,0x00000000279f0000)]
  0x000000001f354800 JavaThread "jar transforms Thread 181" [_thread_blocked, id=7124, stack(0x00000000277f0000,0x00000000278f0000)]
  0x000000001f356000 JavaThread "jar transforms Thread 180" [_thread_blocked, id=7296, stack(0x00000000276f0000,0x00000000277f0000)]
  0x000000001f354000 JavaThread "jar transforms Thread 179" [_thread_blocked, id=13160, stack(0x00000000275f0000,0x00000000276f0000)]
  0x000000001f350000 JavaThread "jar transforms Thread 178" [_thread_blocked, id=7696, stack(0x00000000274f0000,0x00000000275f0000)]
  0x000000001f353000 JavaThread "jar transforms Thread 177" [_thread_blocked, id=10200, stack(0x00000000273f0000,0x00000000274f0000)]
  0x000000001f352800 JavaThread "jar transforms Thread 176" [_thread_blocked, id=7212, stack(0x00000000272f0000,0x00000000273f0000)]
  0x000000001f34e800 JavaThread "jar transforms Thread 175" [_thread_blocked, id=3068, stack(0x00000000271f0000,0x00000000272f0000)]
  0x000000001f34e000 JavaThread "jar transforms Thread 174" [_thread_blocked, id=8756, stack(0x00000000270f0000,0x00000000271f0000)]
  0x000000001ea4c000 JavaThread "jar transforms Thread 173" [_thread_blocked, id=7152, stack(0x0000000026ff0000,0x00000000270f0000)]
  0x000000001ea49800 JavaThread "jar transforms Thread 172" [_thread_blocked, id=9648, stack(0x0000000026ef0000,0x0000000026ff0000)]
  0x000000001ea49000 JavaThread "jar transforms Thread 171" [_thread_blocked, id=13208, stack(0x0000000026df0000,0x0000000026ef0000)]
  0x000000001ea4a800 JavaThread "jar transforms Thread 170" [_thread_blocked, id=12888, stack(0x0000000026cf0000,0x0000000026df0000)]
  0x000000001ea4c800 JavaThread "jar transforms Thread 169" [_thread_blocked, id=1384, stack(0x0000000026bf0000,0x0000000026cf0000)]
  0x000000001ea4b000 JavaThread "jar transforms Thread 168" [_thread_blocked, id=1720, stack(0x0000000026af0000,0x0000000026bf0000)]
  0x000000001ea48000 JavaThread "jar transforms Thread 167" [_thread_blocked, id=2696, stack(0x00000000269f0000,0x0000000026af0000)]
  0x000000001ea40800 JavaThread "jar transforms Thread 166" [_thread_blocked, id=4784, stack(0x00000000268f0000,0x00000000269f0000)]
  0x000000001ea47800 JavaThread "jar transforms Thread 165" [_thread_blocked, id=13920, stack(0x00000000267f0000,0x00000000268f0000)]
  0x000000001ea40000 JavaThread "jar transforms Thread 164" [_thread_blocked, id=10268, stack(0x00000000266f0000,0x00000000267f0000)]
  0x000000001ea46800 JavaThread "jar transforms Thread 163" [_thread_blocked, id=2456, stack(0x00000000265f0000,0x00000000266f0000)]
  0x000000001ea46000 JavaThread "jar transforms Thread 162" [_thread_blocked, id=3968, stack(0x00000000264f0000,0x00000000265f0000)]
  0x000000001ea45000 JavaThread "jar transforms Thread 161" [_thread_blocked, id=9944, stack(0x00000000263f0000,0x00000000264f0000)]
  0x000000001ea44800 JavaThread "jar transforms Thread 160" [_thread_blocked, id=10720, stack(0x00000000262f0000,0x00000000263f0000)]
  0x000000001ea41800 JavaThread "jar transforms Thread 159" [_thread_blocked, id=8772, stack(0x00000000261f0000,0x00000000262f0000)]
  0x000000001ea43000 JavaThread "jar transforms Thread 158" [_thread_blocked, id=3408, stack(0x00000000260f0000,0x00000000261f0000)]
  0x000000001ea43800 JavaThread "jar transforms Thread 157" [_thread_blocked, id=9604, stack(0x0000000025ff0000,0x00000000260f0000)]
  0x000000001ea3d800 JavaThread "jar transforms Thread 156" [_thread_blocked, id=6056, stack(0x0000000025ef0000,0x0000000025ff0000)]
  0x000000001ea3f000 JavaThread "jar transforms Thread 155" [_thread_blocked, id=13776, stack(0x0000000025df0000,0x0000000025ef0000)]
  0x000000001ea3e800 JavaThread "jar transforms Thread 154" [_thread_blocked, id=9904, stack(0x0000000025cf0000,0x0000000025df0000)]
  0x000000001ea42000 JavaThread "jar transforms Thread 153" [_thread_blocked, id=13428, stack(0x0000000025bf0000,0x0000000025cf0000)]
  0x000000001b55c800 JavaThread "jar transforms Thread 152" [_thread_blocked, id=9668, stack(0x0000000025af0000,0x0000000025bf0000)]
  0x000000001b562800 JavaThread "jar transforms Thread 151" [_thread_blocked, id=13176, stack(0x00000000259f0000,0x0000000025af0000)]
  0x000000001b560000 JavaThread "jar transforms Thread 150" [_thread_blocked, id=6300, stack(0x00000000258f0000,0x00000000259f0000)]
  0x000000001b561000 JavaThread "jar transforms Thread 149" [_thread_blocked, id=1500, stack(0x00000000257f0000,0x00000000258f0000)]
  0x000000001b55f800 JavaThread "jar transforms Thread 148" [_thread_blocked, id=4924, stack(0x00000000256f0000,0x00000000257f0000)]
  0x000000001db6f800 JavaThread "jar transforms Thread 147" [_thread_blocked, id=8240, stack(0x00000000255f0000,0x00000000256f0000)]
  0x000000001db6f000 JavaThread "jar transforms Thread 146" [_thread_blocked, id=6748, stack(0x00000000254f0000,0x00000000255f0000)]
  0x000000001db6c800 JavaThread "jar transforms Thread 145" [_thread_blocked, id=12708, stack(0x00000000253f0000,0x00000000254f0000)]
  0x000000001db6e000 JavaThread "jar transforms Thread 144" [_thread_blocked, id=9172, stack(0x00000000252f0000,0x00000000253f0000)]
  0x000000001db6c000 JavaThread "jar transforms Thread 143" [_thread_blocked, id=8336, stack(0x00000000251f0000,0x00000000252f0000)]
  0x000000001db6d800 JavaThread "jar transforms Thread 142" [_thread_blocked, id=9304, stack(0x00000000250f0000,0x00000000251f0000)]
  0x000000001db63000 JavaThread "jar transforms Thread 141" [_thread_blocked, id=12588, stack(0x0000000024ff0000,0x00000000250f0000)]
  0x000000001db69800 JavaThread "jar transforms Thread 140" [_thread_blocked, id=12472, stack(0x0000000024ef0000,0x0000000024ff0000)]
  0x000000001db62000 JavaThread "jar transforms Thread 139" [_thread_blocked, id=10236, stack(0x0000000024df0000,0x0000000024ef0000)]
  0x000000001db66800 JavaThread "jar transforms Thread 138" [_thread_blocked, id=2032, stack(0x0000000024cf0000,0x0000000024df0000)]
  0x000000001db66000 JavaThread "jar transforms Thread 137" [_thread_blocked, id=4380, stack(0x0000000024bf0000,0x0000000024cf0000)]
  0x000000001db65000 JavaThread "jar transforms Thread 136" [_thread_blocked, id=10144, stack(0x0000000024af0000,0x0000000024bf0000)]
  0x000000001db68000 JavaThread "jar transforms Thread 135" [_thread_blocked, id=200, stack(0x00000000249f0000,0x0000000024af0000)]
  0x000000001db64800 JavaThread "jar transforms Thread 134" [_thread_blocked, id=7128, stack(0x00000000248f0000,0x00000000249f0000)]
  0x000000001db67800 JavaThread "jar transforms Thread 133" [_thread_blocked, id=7596, stack(0x00000000247f0000,0x00000000248f0000)]
  0x000000001adcb800 JavaThread "jar transforms Thread 132" [_thread_blocked, id=6248, stack(0x00000000246f0000,0x00000000247f0000)]
  0x000000001adca800 JavaThread "jar transforms Thread 131" [_thread_blocked, id=8940, stack(0x00000000245f0000,0x00000000246f0000)]
  0x000000001adca000 JavaThread "jar transforms Thread 130" [_thread_blocked, id=3236, stack(0x00000000244f0000,0x00000000245f0000)]
  0x000000001adc9000 JavaThread "jar transforms Thread 129" [_thread_blocked, id=7072, stack(0x00000000243f0000,0x00000000244f0000)]
  0x000000001adc6000 JavaThread "jar transforms Thread 128" [_thread_blocked, id=7420, stack(0x00000000242f0000,0x00000000243f0000)]
  0x000000001adc7000 JavaThread "jar transforms Thread 127" [_thread_blocked, id=6448, stack(0x00000000241f0000,0x00000000242f0000)]
  0x000000001adc8800 JavaThread "jar transforms Thread 126" [_thread_blocked, id=2196, stack(0x00000000240f0000,0x00000000241f0000)]
  0x000000001adc7800 JavaThread "jar transforms Thread 125" [_thread_blocked, id=8476, stack(0x0000000023ff0000,0x00000000240f0000)]
  0x000000001adbe800 JavaThread "jar transforms Thread 124" [_thread_blocked, id=13316, stack(0x0000000023ef0000,0x0000000023ff0000)]
  0x000000001adc5800 JavaThread "jar transforms Thread 123" [_thread_blocked, id=9832, stack(0x0000000023df0000,0x0000000023ef0000)]
  0x000000001adc4800 JavaThread "jar transforms Thread 122" [_thread_blocked, id=10020, stack(0x0000000023cf0000,0x0000000023df0000)]
  0x000000001adbd000 JavaThread "jar transforms Thread 121" [_thread_blocked, id=6560, stack(0x0000000023bf0000,0x0000000023cf0000)]
  0x000000001adc4000 JavaThread "jar transforms Thread 120" [_thread_blocked, id=1288, stack(0x0000000023af0000,0x0000000023bf0000)]
  0x000000001adc1800 JavaThread "jar transforms Thread 119" [_thread_blocked, id=4584, stack(0x00000000239f0000,0x0000000023af0000)]
  0x000000001adbe000 JavaThread "jar transforms Thread 118" [_thread_blocked, id=9496, stack(0x00000000238f0000,0x00000000239f0000)]
  0x000000001adc0000 JavaThread "jar transforms Thread 117" [_thread_blocked, id=11788, stack(0x00000000237f0000,0x00000000238f0000)]
  0x000000001adc3000 JavaThread "jar transforms Thread 116" [_thread_blocked, id=6068, stack(0x00000000236f0000,0x00000000237f0000)]
  0x000000001eb6c800 JavaThread "jar transforms Thread 115" [_thread_blocked, id=5432, stack(0x00000000235f0000,0x00000000236f0000)]
  0x000000001eb65000 JavaThread "jar transforms Thread 114" [_thread_blocked, id=12868, stack(0x00000000234f0000,0x00000000235f0000)]
  0x000000001eb6b000 JavaThread "jar transforms Thread 113" [_thread_blocked, id=13480, stack(0x00000000233f0000,0x00000000234f0000)]
  0x000000001eb6c000 JavaThread "jar transforms Thread 112" [_thread_blocked, id=12688, stack(0x00000000232f0000,0x00000000233f0000)]
  0x000000001eb67800 JavaThread "jar transforms Thread 111" [_thread_blocked, id=6264, stack(0x00000000231f0000,0x00000000232f0000)]
  0x000000001eb69800 JavaThread "jar transforms Thread 110" [_thread_blocked, id=4328, stack(0x00000000230f0000,0x00000000231f0000)]
  0x000000001eb66800 JavaThread "jar transforms Thread 109" [_thread_blocked, id=10064, stack(0x0000000022ff0000,0x00000000230f0000)]
  0x000000001eb6a800 JavaThread "jar transforms Thread 108" [_thread_blocked, id=6332, stack(0x0000000022ef0000,0x0000000022ff0000)]
  0x000000001eb69000 JavaThread "jar transforms Thread 107" [_thread_blocked, id=14092, stack(0x0000000022df0000,0x0000000022ef0000)]
  0x000000001eb68000 JavaThread "jar transforms Thread 106" [_thread_blocked, id=1260, stack(0x0000000022cf0000,0x0000000022df0000)]
  0x000000001eb5d800 JavaThread "jar transforms Thread 105" [_thread_blocked, id=10432, stack(0x0000000022bf0000,0x0000000022cf0000)]
  0x000000001eb63800 JavaThread "jar transforms Thread 104" [_thread_blocked, id=10752, stack(0x0000000022af0000,0x0000000022bf0000)]
  0x000000001eb63000 JavaThread "jar transforms Thread 103" [_thread_blocked, id=10716, stack(0x00000000229f0000,0x0000000022af0000)]
  0x000000001eb62000 JavaThread "jar transforms Thread 102" [_thread_blocked, id=2232, stack(0x00000000228f0000,0x00000000229f0000)]
  0x000000001eb5f000 JavaThread "jar transforms Thread 101" [_thread_blocked, id=7012, stack(0x00000000227f0000,0x00000000228f0000)]
  0x000000001eb64800 JavaThread "jar transforms Thread 100" [_thread_blocked, id=9584, stack(0x00000000226f0000,0x00000000227f0000)]
  0x000000001eb61800 JavaThread "jar transforms Thread 99" [_thread_blocked, id=11212, stack(0x00000000225f0000,0x00000000226f0000)]
  0x000000001eb5e800 JavaThread "jar transforms Thread 98" [_thread_blocked, id=3064, stack(0x00000000224f0000,0x00000000225f0000)]
  0x000000001b7eb800 JavaThread "jar transforms Thread 97" [_thread_blocked, id=9964, stack(0x00000000223f0000,0x00000000224f0000)]
  0x000000001b7ea800 JavaThread "jar transforms Thread 96" [_thread_blocked, id=11172, stack(0x00000000222f0000,0x00000000223f0000)]
  0x000000001b7ea000 JavaThread "jar transforms Thread 95" [_thread_blocked, id=4544, stack(0x00000000221f0000,0x00000000222f0000)]
  0x000000001b7e2800 JavaThread "jar transforms Thread 94" [_thread_blocked, id=12424, stack(0x00000000220f0000,0x00000000221f0000)]
  0x000000001b7e4000 JavaThread "jar transforms Thread 93" [_thread_blocked, id=8360, stack(0x0000000021ff0000,0x00000000220f0000)]
  0x000000001b7e9000 JavaThread "Build operations Thread 4" [_thread_blocked, id=3520, stack(0x00000000217f0000,0x00000000218f0000)]
  0x000000001b7e6000 JavaThread "Build operations Thread 3" [_thread_blocked, id=11760, stack(0x0000000020ff0000,0x00000000210f0000)]
  0x000000001b7e3000 JavaThread "Build operations Thread 2" [_thread_blocked, id=12776, stack(0x000000001fc80000,0x000000001fd80000)]
  0x000000001b7e7800 JavaThread "Build operations" [_thread_blocked, id=1548, stack(0x000000001fb80000,0x000000001fc80000)]
  0x000000001b7e5800 JavaThread "Cache worker for cache directory md-rule (C:\Users\mberg8\.gradle\caches\6.5\md-rule)" [_thread_blocked, id=10356, stack(0x000000001d680000,0x000000001d780000)]
  0x000000001b7e4800 JavaThread "Cache worker for cache directory md-supplier (C:\Users\mberg8\.gradle\caches\6.5\md-supplier)" [_thread_blocked, id=10668, stack(0x000000001cf80000,0x000000001d080000)]
  0x000000001b7e8800 JavaThread "Cache worker for checksums cache (C:\Users\mberg8\Desktop\MD_Midterm\.gradle\checksums)" [_thread_blocked, id=5296, stack(0x000000001cc80000,0x000000001cd80000)]
  0x000000001b7dc800 JavaThread "Cache worker for file hash cache (C:\Users\mberg8\Desktop\MD_Midterm\.gradle\6.5\fileHashes)" [_thread_blocked, id=7844, stack(0x000000001cb80000,0x000000001cc80000)]
  0x000000001b7e1800 JavaThread "Thread-136" [_thread_blocked, id=8508, stack(0x000000001ca80000,0x000000001cb80000)]
  0x000000001b7e0000 JavaThread "Stdin handler" [_thread_blocked, id=13424, stack(0x000000001c980000,0x000000001ca80000)]
  0x000000001b7df800 JavaThread "Asynchronous log dispatcher for DefaultDaemonConnection: socket connection from /127.0.0.1:50473 to /127.0.0.1:50560" [_thread_blocked, id=8652, stack(0x000000001c340000,0x000000001c440000)]
  0x000000001b7e1000 JavaThread "Daemon worker Thread 2" [_thread_in_vm, id=6120, stack(0x000000001c240000,0x000000001c340000)]
  0x000000001b7de000 JavaThread "Cancel handler" [_thread_blocked, id=10404, stack(0x0000000000c90000,0x0000000000d90000)]
  0x000000001b7de800 JavaThread "Handler for socket connection from /127.0.0.1:50473 to /127.0.0.1:50560" [_thread_in_native, id=4008, stack(0x0000000000b90000,0x0000000000c90000)]
  0x000000001b7dd000 JavaThread "Daemon Thread 2" [_thread_blocked, id=13844, stack(0x0000000000a90000,0x0000000000b90000)]
  0x000000001db71000 JavaThread "Cache worker for Java compile cache (C:\Users\mberg8\.gradle\caches\6.5\javaCompile)" [_thread_blocked, id=7820, stack(0x000000002b100000,0x000000002b200000)]
  0x000000001b7e7000 JavaThread "Memory manager" [_thread_blocked, id=668, stack(0x0000000028900000,0x0000000028a00000)]
  0x000000001b55e000 JavaThread "Cache worker for file content cache (C:\Users\mberg8\.gradle\caches\6.5\fileContent)" [_thread_blocked, id=13204, stack(0x00000000218f0000,0x00000000219f0000)]
  0x000000001b55d000 JavaThread "Cache worker for execution history cache (C:\Users\mberg8\.gradle\caches\6.5\executionHistory)" [_thread_blocked, id=9636, stack(0x00000000210f0000,0x00000000211f0000)]
  0x000000001b55b800 JavaThread "Cache worker for file hash cache (C:\Users\mberg8\.gradle\caches\6.5\fileHashes)" [_thread_blocked, id=10156, stack(0x000000001d580000,0x000000001d680000)]
  0x000000001b561800 JavaThread "File lock request listener" [_thread_in_native, id=13808, stack(0x000000001d480000,0x000000001d580000)]
  0x000000001b2d0800 JavaThread "Cache worker for journal cache (C:\Users\mberg8\.gradle\caches\journal-1)" [_thread_blocked, id=10728, stack(0x000000001d280000,0x000000001d380000)]
  0x000000001b1e9800 JavaThread "Daemon periodic checks" [_thread_blocked, id=7224, stack(0x000000001c680000,0x000000001c780000)]
  0x000000001b169000 JavaThread "Incoming local TCP Connector on port 50473" [_thread_in_native, id=1656, stack(0x000000001c440000,0x000000001c540000)]
  0x000000001b0b7000 JavaThread "Daemon health stats" [_thread_blocked, id=8588, stack(0x000000001be00000,0x000000001bf00000)]
  0x0000000018e38800 JavaThread "Service Thread" daemon [_thread_blocked, id=9184, stack(0x0000000019200000,0x0000000019300000)]
  0x00000000174a9800 JavaThread "C1 CompilerThread2" daemon [_thread_blocked, id=11084, stack(0x0000000018d00000,0x0000000018e00000)]
  0x000000001749c000 JavaThread "C2 CompilerThread1" daemon [_thread_in_native, id=1820, stack(0x0000000018c00000,0x0000000018d00000)]
=>0x0000000017496800 JavaThread "C2 CompilerThread0" daemon [_thread_in_native, id=5888, stack(0x0000000018b00000,0x0000000018c00000)]
  0x0000000017495000 JavaThread "Attach Listener" daemon [_thread_blocked, id=3460, stack(0x0000000018a00000,0x0000000018b00000)]
  0x0000000017494000 JavaThread "Signal Dispatcher" daemon [_thread_blocked, id=1144, stack(0x0000000018900000,0x0000000018a00000)]
  0x000000000286b800 JavaThread "Finalizer" daemon [_thread_blocked, id=8012, stack(0x0000000018700000,0x0000000018800000)]
  0x0000000017479000 JavaThread "Reference Handler" daemon [_thread_blocked, id=2524, stack(0x0000000018600000,0x0000000018700000)]
  0x0000000002772800 JavaThread "main" [_thread_blocked, id=8460, stack(0x0000000002600000,0x0000000002700000)]

Other Threads:
  0x0000000017455800 VMThread [stack: 0x0000000018500000,0x0000000018600000] [id=6288]
  0x00000000174ee000 WatcherThread [stack: 0x0000000019300000,0x0000000019400000] [id=11132]

VM state:not at safepoint (normal execution)

VM Mutex/Monitor currently owned by a thread: None

heap address: 0x0000000080000000, size: 2048 MB, Compressed Oops mode: 32-bit
Narrow klass base: 0x0000000000000000, Narrow klass shift: 3
Compressed class space size: 1073741824 Address: 0x0000000100000000

Heap:
 PSYoungGen      total 523264K, used 502939K [0x00000000d5580000, 0x00000000f7d80000, 0x0000000100000000)
  eden space 498688K, 95% used [0x00000000d5580000,0x00000000f28a8050,0x00000000f3c80000)
  from space 24576K, 99% used [0x00000000f6580000,0x00000000f7d7ee48,0x00000000f7d80000)
  to   space 29184K, 0% used [0x00000000f4480000,0x00000000f4480000,0x00000000f6100000)
 ParOldGen       total 120832K, used 36659K [0x0000000080000000, 0x0000000087600000, 0x00000000d5580000)
  object space 120832K, 30% used [0x0000000080000000,0x00000000823ccfb8,0x0000000087600000)
 Metaspace       used 92043K, capacity 96936K, committed 97176K, reserved 1132544K
  class space    used 12275K, capacity 13192K, committed 13232K, reserved 1048576K

Card table byte_map: [0x0000000011c30000,0x0000000012040000] byte_map_base: 0x0000000011830000

Marking Bits: (ParMarkBitMap*) 0x000000006df8f030
 Begin Bits: [0x00000000126f0000, 0x00000000146f0000)
 End Bits:   [0x00000000146f0000, 0x00000000166f0000)

Polling page: 0x00000000005f0000

CodeCache: size=245760Kb used=38225Kb max_used=38225Kb free=207534Kb
 bounds [0x0000000002870000, 0x0000000004e00000, 0x0000000011870000]
 total_blobs=12802 nmethods=11925 adapters=788
 compilation: enabled

Compilation events (10 events):
Event: 1074.001 Thread 0x00000000174a9800 14357       1       com.android.builder.core.DefaultApiVersion::getApiLevel (5 bytes)
Event: 1074.001 Thread 0x00000000174a9800 nmethod 14357 0x0000000004de5690 code [0x0000000004de57e0, 0x0000000004de58f0]
Event: 1074.002 Thread 0x00000000174a9800 14358       3       org.gradle.api.internal.artifacts.configurations.DefaultConfiguration_Decorated::getHierarchy (40 bytes)
Event: 1074.002 Thread 0x00000000174a9800 nmethod 14358 0x0000000004de5950 code [0x0000000004de5b40, 0x0000000004de62a8]
Event: 1074.002 Thread 0x00000000174a9800 14359       3       org.gradle.api.internal.artifacts.configurations.DefaultConfiguration::getHierarchy (37 bytes)
Event: 1074.003 Thread 0x00000000174a9800 nmethod 14359 0x0000000004de65d0 code [0x0000000004de6800, 0x0000000004de72b8]
Event: 1074.004 Thread 0x00000000174a9800 14360       3       org.gradle.internal.event.BroadcastDispatch$EmptyDispatch::<init> (7 bytes)
Event: 1074.004 Thread 0x00000000174a9800 nmethod 14360 0x0000000004de7910 code [0x0000000004de7a80, 0x0000000004de7d70]
Event: 1074.005 Thread 0x00000000174a9800 14361       3       org.gradle.internal.event.BroadcastDispatch::empty (9 bytes)
Event: 1074.005 Thread 0x00000000174a9800 nmethod 14361 0x0000000004de7f10 code [0x0000000004de80a0, 0x0000000004de8410]

GC Heap History (10 events):
Event: 4.336 GC heap before
{Heap before GC invocations=9 (full 2):
 PSYoungGen      total 276480K, used 8119K [0x00000000d5580000, 0x00000000f0800000, 0x0000000100000000)
  eden space 260096K, 0% used [0x00000000d5580000,0x00000000d5580000,0x00000000e5380000)
  from space 16384K, 49% used [0x00000000e5380000,0x00000000e5b6dee0,0x00000000e6380000)
  to   space 15360K, 0% used [0x00000000ef900000,0x00000000ef900000,0x00000000f0800000)
 ParOldGen       total 54784K, used 7809K [0x0000000080000000, 0x0000000083580000, 0x00000000d5580000)
  object space 54784K, 14% used [0x0000000080000000,0x00000000807a0738,0x0000000083580000)
 Metaspace       used 34273K, capacity 35398K, committed 35496K, reserved 1079296K
  class space    used 4722K, capacity 5002K, committed 5040K, reserved 1048576K
Event: 4.409 GC heap after
Heap after GC invocations=9 (full 2):
 PSYoungGen      total 276480K, used 0K [0x00000000d5580000, 0x00000000f0800000, 0x0000000100000000)
  eden space 260096K, 0% used [0x00000000d5580000,0x00000000d5580000,0x00000000e5380000)
  from space 16384K, 0% used [0x00000000e5380000,0x00000000e5380000,0x00000000e6380000)
  to   space 15360K, 0% used [0x00000000ef900000,0x00000000ef900000,0x00000000f0800000)
 ParOldGen       total 79872K, used 14490K [0x0000000080000000, 0x0000000084e00000, 0x00000000d5580000)
  object space 79872K, 18% used [0x0000000080000000,0x0000000080e26878,0x0000000084e00000)
 Metaspace       used 34273K, capacity 35398K, committed 35496K, reserved 1079296K
  class space    used 4722K, capacity 5002K, committed 5040K, reserved 1048576K
}
Event: 6.634 GC heap before
{Heap before GC invocations=10 (full 2):
 PSYoungGen      total 276480K, used 260096K [0x00000000d5580000, 0x00000000f0800000, 0x0000000100000000)
  eden space 260096K, 100% used [0x00000000d5580000,0x00000000e5380000,0x00000000e5380000)
  from space 16384K, 0% used [0x00000000e5380000,0x00000000e5380000,0x00000000e6380000)
  to   space 15360K, 0% used [0x00000000ef900000,0x00000000ef900000,0x00000000f0800000)
 ParOldGen       total 79872K, used 14490K [0x0000000080000000, 0x0000000084e00000, 0x00000000d5580000)
  object space 79872K, 18% used [0x0000000080000000,0x0000000080e26878,0x0000000084e00000)
 Metaspace       used 48585K, capacity 50486K, committed 50728K, reserved 1093632K
  class space    used 6521K, capacity 6917K, committed 6960K, reserved 1048576K
Event: 6.653 GC heap after
Heap after GC invocations=10 (full 2):
 PSYoungGen      total 409600K, used 15341K [0x00000000d5580000, 0x00000000f0800000, 0x0000000100000000)
  eden space 394240K, 0% used [0x00000000d5580000,0x00000000d5580000,0x00000000ed680000)
  from space 15360K, 99% used [0x00000000ef900000,0x00000000f07fb778,0x00000000f0800000)
  to   space 20992K, 0% used [0x00000000edf00000,0x00000000edf00000,0x00000000ef380000)
 ParOldGen       total 79872K, used 21665K [0x0000000080000000, 0x0000000084e00000, 0x00000000d5580000)
  object space 79872K, 27% used [0x0000000080000000,0x00000000815286d0,0x0000000084e00000)
 Metaspace       used 48585K, capacity 50486K, committed 50728K, reserved 1093632K
  class space    used 6521K, capacity 6917K, committed 6960K, reserved 1048576K
}
Event: 7.682 GC heap before
{Heap before GC invocations=11 (full 2):
 PSYoungGen      total 409600K, used 123314K [0x00000000d5580000, 0x00000000f0800000, 0x0000000100000000)
  eden space 394240K, 27% used [0x00000000d5580000,0x00000000dbef1458,0x00000000ed680000)
  from space 15360K, 99% used [0x00000000ef900000,0x00000000f07fb778,0x00000000f0800000)
  to   space 20992K, 0% used [0x00000000edf00000,0x00000000edf00000,0x00000000ef380000)
 ParOldGen       total 79872K, used 21665K [0x0000000080000000, 0x0000000084e00000, 0x00000000d5580000)
  object space 79872K, 27% used [0x0000000080000000,0x00000000815286d0,0x0000000084e00000)
 Metaspace       used 56790K, capacity 59102K, committed 59160K, reserved 1099776K
  class space    used 7767K, capacity 8234K, committed 8240K, reserved 1048576K
Event: 7.713 GC heap after
Heap after GC invocations=11 (full 2):
 PSYoungGen      total 423936K, used 20981K [0x00000000d5580000, 0x00000000f7d80000, 0x0000000100000000)
  eden space 402944K, 0% used [0x00000000d5580000,0x00000000d5580000,0x00000000edf00000)
  from space 20992K, 99% used [0x00000000edf00000,0x00000000ef37d500,0x00000000ef380000)
  to   space 24576K, 0% used [0x00000000f6580000,0x00000000f6580000,0x00000000f7d80000)
 ParOldGen       total 79872K, used 23132K [0x0000000080000000, 0x0000000084e00000, 0x00000000d5580000)
  object space 79872K, 28% used [0x0000000080000000,0x0000000081697370,0x0000000084e00000)
 Metaspace       used 56790K, capacity 59102K, committed 59160K, reserved 1099776K
  class space    used 7767K, capacity 8234K, committed 8240K, reserved 1048576K
}
Event: 7.713 GC heap before
{Heap before GC invocations=12 (full 3):
 PSYoungGen      total 423936K, used 20981K [0x00000000d5580000, 0x00000000f7d80000, 0x0000000100000000)
  eden space 402944K, 0% used [0x00000000d5580000,0x00000000d5580000,0x00000000edf00000)
  from space 20992K, 99% used [0x00000000edf00000,0x00000000ef37d500,0x00000000ef380000)
  to   space 24576K, 0% used [0x00000000f6580000,0x00000000f6580000,0x00000000f7d80000)
 ParOldGen       total 79872K, used 23132K [0x0000000080000000, 0x0000000084e00000, 0x00000000d5580000)
  object space 79872K, 28% used [0x0000000080000000,0x0000000081697370,0x0000000084e00000)
 Metaspace       used 56790K, capacity 59102K, committed 59160K, reserved 1099776K
  class space    used 7767K, capacity 8234K, committed 8240K, reserved 1048576K
Event: 7.902 GC heap after
Heap after GC invocations=12 (full 3):
 PSYoungGen      total 423936K, used 0K [0x00000000d5580000, 0x00000000f7d80000, 0x0000000100000000)
  eden space 402944K, 0% used [0x00000000d5580000,0x00000000d5580000,0x00000000edf00000)
  from space 20992K, 0% used [0x00000000edf00000,0x00000000edf00000,0x00000000ef380000)
  to   space 24576K, 0% used [0x00000000f6580000,0x00000000f6580000,0x00000000f7d80000)
 ParOldGen       total 120832K, used 34344K [0x0000000080000000, 0x0000000087600000, 0x00000000d5580000)
  object space 120832K, 28% used [0x0000000080000000,0x000000008218a1a0,0x0000000087600000)
 Metaspace       used 56774K, capacity 59048K, committed 59160K, reserved 1099776K
  class space    used 7762K, capacity 8225K, committed 8240K, reserved 1048576K
}
Event: 12.228 GC heap before
{Heap before GC invocations=13 (full 3):
 PSYoungGen      total 423936K, used 402944K [0x00000000d5580000, 0x00000000f7d80000, 0x0000000100000000)
  eden space 402944K, 100% used [0x00000000d5580000,0x00000000edf00000,0x00000000edf00000)
  from space 20992K, 0% used [0x00000000edf00000,0x00000000edf00000,0x00000000ef380000)
  to   space 24576K, 0% used [0x00000000f6580000,0x00000000f6580000,0x00000000f7d80000)
 ParOldGen       total 120832K, used 34344K [0x0000000080000000, 0x0000000087600000, 0x00000000d5580000)
  object space 120832K, 28% used [0x0000000080000000,0x000000008218a1a0,0x0000000087600000)
 Metaspace       used 69570K, capacity 72772K, committed 72856K, reserved 1112064K
  class space    used 9502K, capacity 10125K, committed 10160K, reserved 1048576K
Event: 12.259 GC heap after
Heap after GC invocations=13 (full 3):
 PSYoungGen      total 523264K, used 24571K [0x00000000d5580000, 0x00000000f7d80000, 0x0000000100000000)
  eden space 498688K, 0% used [0x00000000d5580000,0x00000000d5580000,0x00000000f3c80000)
  from space 24576K, 99% used [0x00000000f6580000,0x00000000f7d7ee48,0x00000000f7d80000)
  to   space 29184K, 0% used [0x00000000f4480000,0x00000000f4480000,0x00000000f6100000)
 ParOldGen       total 120832K, used 36659K [0x0000000080000000, 0x0000000087600000, 0x00000000d5580000)
  object space 120832K, 30% used [0x0000000080000000,0x00000000823ccfb8,0x0000000087600000)
 Metaspace       used 69570K, capacity 72772K, committed 72856K, reserved 1112064K
  class space    used 9502K, capacity 10125K, committed 10160K, reserved 1048576K
}

Deoptimization events (10 events):
Event: 1073.577 Thread 0x000000001b7dd000 Uncommon trap: reason=unstable_if action=reinterpret pc=0x0000000004572ce8 method=org.gradle.internal.logging.sink.LogEventDispatcher.onOutput(Lorg/gradle/internal/logging/events/OutputEvent;)V @ 35
Event: 1073.599 Thread 0x000000001b7e1000 Uncommon trap: reason=bimorphic action=maybe_recompile pc=0x000000000442b6c4 method=com.google.common.collect.ImmutableSet.copyOf(Ljava/util/Collection;)Lcom/google/common/collect/ImmutableSet; @ 29
Event: 1073.599 Thread 0x000000001b7e1000 Uncommon trap: reason=bimorphic action=maybe_recompile pc=0x000000000442b6c4 method=com.google.common.collect.ImmutableSet.copyOf(Ljava/util/Collection;)Lcom/google/common/collect/ImmutableSet; @ 29
Event: 1073.601 Thread 0x000000001b7e1000 Uncommon trap: reason=unstable_if action=reinterpret pc=0x00000000041a455c method=org.gradle.tooling.internal.provider.runner.SubtreeFilteringBuildOperationListener.started(Lorg/gradle/internal/operations/BuildOperationDescriptor;Lorg/gradle/internal/oper
Event: 1073.679 Thread 0x000000001b7e1000 Uncommon trap: reason=unstable_if action=reinterpret pc=0x0000000002b017fc method=com.google.common.collect.MapMakerInternalMap$Segment.getEntry(Ljava/lang/Object;I)Lcom/google/common/collect/MapMakerInternalMap$InternalEntry; @ 4
Event: 1073.681 Thread 0x000000001b7e1000 Uncommon trap: reason=unstable_if action=reinterpret pc=0x0000000003abe658 method=java.util.concurrent.ConcurrentHashMap.computeIfAbsent(Ljava/lang/Object;Ljava/util/function/Function;)Ljava/lang/Object; @ 123
Event: 1073.778 Thread 0x000000001b7e1000 Uncommon trap: reason=unstable_if action=reinterpret pc=0x0000000004a9d4f0 method=java.util.LinkedList.remove(Ljava/lang/Object;)Z @ 45
Event: 1073.934 Thread 0x000000001b7e1000 Uncommon trap: reason=bimorphic action=maybe_recompile pc=0x000000000442b6c4 method=com.google.common.collect.ImmutableSet.copyOf(Ljava/util/Collection;)Lcom/google/common/collect/ImmutableSet; @ 29
Event: 1073.982 Thread 0x000000001b7e1000 Uncommon trap: reason=unstable_if action=reinterpret pc=0x00000000046402f0 method=com.google.common.collect.ImmutableSet$SetBuilderImpl.ensureCapacity(I)V @ 6
Event: 1073.982 Thread 0x000000001b7e1000 Uncommon trap: reason=unstable_if action=reinterpret pc=0x0000000003d3c7d8 method=com.google.common.collect.ImmutableSet$RegularSetBuilderImpl.ensureTableCapacity(I)V @ 5

Classes redefined (0 events):
No events

Internal exceptions (10 events):
Event: 18.538 Thread 0x000000001eb5f000 Implicit null exception at 0x00000000031a866f to 0x00000000031a8761
Event: 18.538 Thread 0x000000001eb68000 Implicit null exception at 0x00000000031a866f to 0x00000000031a8761
Event: 18.538 Thread 0x000000001eb6c800 Implicit null exception at 0x00000000031a866f to 0x00000000031a8761
Event: 18.682 Thread 0x000000001eb6c000 Exception <a 'sun/nio/fs/WindowsException'> (0x00000000e9169aa8) thrown at [C:\src\AOSP-openjdk-git\hotspot\src\share\vm\prims\jni.cpp, line 710]
Event: 18.760 Thread 0x000000001db66800 Exception <a 'java/lang/NoSuchMethodError': java.lang.Object.lambda$asRunnable$0(Lcom/android/tools/build/apkzlib/utils/IOExceptionRunnable;)V> (0x00000000e93fdd60) thrown at [C:\src\AOSP-openjdk-git\hotspot\src\share\vm\interpreter\linkResolver.cpp, line
Event: 18.784 Thread 0x000000001db66800 Exception <a 'java/lang/NoSuchMethodError': java.lang.Object.newSystemTemporaryDirectory()Lcom/android/tools/build/apkzlib/bytestorage/TemporaryDirectory;> (0x00000000e9525e58) thrown at [C:\src\AOSP-openjdk-git\hotspot\src\share\vm\interpreter\linkResolv
Event: 18.936 Thread 0x000000001db66800 Exception <a 'java/lang/NoSuchMethodError': java.lang.Object.lambda$static$0(Lcom/android/apksig/util/RunnablesProvider;)V> (0x00000000e9791340) thrown at [C:\src\AOSP-openjdk-git\hotspot\src\share\vm\interpreter\linkResolver.cpp, line 620]
Event: 19.640 Thread 0x000000001b21c000 Implicit null exception at 0x00000000035dafe7 to 0x00000000035db481
Event: 1073.601 Thread 0x000000001b7e1000 Implicit null exception at 0x00000000041a3c1e to 0x00000000041a4541
Event: 1073.971 Thread 0x000000001b7e1000 Exception <a 'sun/nio/fs/WindowsException'> (0x00000000f2634290) thrown at [C:\src\AOSP-openjdk-git\hotspot\src\share\vm\prims\jni.cpp, line 710]

Events (10 events):
Event: 1073.982 Thread 0x000000001b7e1000 DEOPT UNPACKING pc=0x00000000028b557b sp=0x000000001c3386f8 mode 2
Event: 1073.982 Thread 0x000000001b7e1000 Uncommon trap: trap_request=0xffffff65 fr.pc=0x0000000003d3c7d8
Event: 1073.982 Thread 0x000000001b7e1000 DEOPT PACKING pc=0x0000000003d3c7d8 sp=0x000000001c3387c0
Event: 1073.982 Thread 0x000000001b7e1000 DEOPT UNPACKING pc=0x00000000028b557b sp=0x000000001c338758 mode 2
Event: 1073.993 Executing VM operation: RevokeBias
Event: 1073.993 Executing VM operation: RevokeBias done
Event: 1073.995 Executing VM operation: RevokeBias
Event: 1073.996 Executing VM operation: RevokeBias done
Event: 1073.996 Executing VM operation: RevokeBias
Event: 1073.996 Executing VM operation: RevokeBias done


Dynamic libraries:
0x00007ff6316d0000 - 0x00007ff631701000 	C:\Program Files\Android\Android Studio\jre\bin\java.exe
0x00007ffdb0900000 - 0x00007ffdb0af0000 	C:\WINDOWS\SYSTEM32\ntdll.dll
0x00007ffdaec20000 - 0x00007ffdaecd2000 	C:\WINDOWS\System32\KERNEL32.DLL
0x00007ffdae580000 - 0x00007ffdae825000 	C:\WINDOWS\System32\KERNELBASE.dll
0x00007ffdb0270000 - 0x00007ffdb0313000 	C:\WINDOWS\System32\ADVAPI32.dll
0x00007ffdaf490000 - 0x00007ffdaf52e000 	C:\WINDOWS\System32\msvcrt.dll
0x00007ffdb01d0000 - 0x00007ffdb0267000 	C:\WINDOWS\System32\sechost.dll
0x00007ffdafe30000 - 0x00007ffdaff50000 	C:\WINDOWS\System32\RPCRT4.dll
0x00007ffdaf5a0000 - 0x00007ffdaf734000 	C:\WINDOWS\System32\USER32.dll
0x00007ffdae550000 - 0x00007ffdae571000 	C:\WINDOWS\System32\win32u.dll
0x00007ffdb04f0000 - 0x00007ffdb0516000 	C:\WINDOWS\System32\GDI32.dll
0x00007ffdad8d0000 - 0x00007ffdada66000 	C:\WINDOWS\System32\gdi32full.dll
0x00007ffdae910000 - 0x00007ffdae9ae000 	C:\WINDOWS\System32\msvcp_win.dll
0x00007ffdada70000 - 0x00007ffdadb6a000 	C:\WINDOWS\System32\ucrtbase.dll
0x00007ffd9d1f0000 - 0x00007ffd9d474000 	C:\WINDOWS\WinSxS\amd64_microsoft.windows.common-controls_6595b64144ccf1df_6.0.18362.1256_none_9e7e379be45e40e2\COMCTL32.dll
0x00007ffdb0580000 - 0x00007ffdb08b6000 	C:\WINDOWS\System32\combase.dll
0x00007ffdae830000 - 0x00007ffdae8b1000 	C:\WINDOWS\System32\bcryptPrimitives.dll
0x00007ffdaece0000 - 0x00007ffdaed0e000 	C:\WINDOWS\System32\IMM32.DLL
0x000000006e4b0000 - 0x000000006e582000 	C:\Program Files\Android\Android Studio\jre\jre\bin\msvcr100.dll
0x000000006d7c0000 - 0x000000006e00b000 	C:\Program Files\Android\Android Studio\jre\jre\bin\server\jvm.dll
0x00007ffdb03a0000 - 0x00007ffdb03a8000 	C:\WINDOWS\System32\PSAPI.DLL
0x00007ffdaaa40000 - 0x00007ffdaaa64000 	C:\WINDOWS\SYSTEM32\WINMM.dll
0x00007ffd99cf0000 - 0x00007ffd99cf9000 	C:\WINDOWS\SYSTEM32\WSOCK32.dll
0x00007ffdaf530000 - 0x00007ffdaf59f000 	C:\WINDOWS\System32\WS2_32.dll
0x00007ffdaaa10000 - 0x00007ffdaaa3d000 	C:\WINDOWS\SYSTEM32\WINMMBASE.dll
0x00007ffda7210000 - 0x00007ffda721a000 	C:\WINDOWS\SYSTEM32\VERSION.dll
0x00007ffdae8c0000 - 0x00007ffdae90a000 	C:\WINDOWS\System32\cfgmgr32.dll
0x00007ffd8eb20000 - 0x00007ffd8eb2f000 	C:\Program Files\Android\Android Studio\jre\jre\bin\verify.dll
0x00007ffd8d0f0000 - 0x00007ffd8d119000 	C:\Program Files\Android\Android Studio\jre\jre\bin\java.dll
0x00007ffd8d0d0000 - 0x00007ffd8d0e6000 	C:\Program Files\Android\Android Studio\jre\jre\bin\zip.dll
0x00007ffdaf740000 - 0x00007ffdafe27000 	C:\WINDOWS\System32\SHELL32.dll
0x00007ffdaeb70000 - 0x00007ffdaec19000 	C:\WINDOWS\System32\shcore.dll
0x00007ffdadce0000 - 0x00007ffdae461000 	C:\WINDOWS\System32\windows.storage.dll
0x00007ffdad840000 - 0x00007ffdad863000 	C:\WINDOWS\System32\profapi.dll
0x00007ffdad7f0000 - 0x00007ffdad83a000 	C:\WINDOWS\System32\powrprof.dll
0x00007ffdad7a0000 - 0x00007ffdad7b0000 	C:\WINDOWS\System32\UMPDC.dll
0x00007ffdb0520000 - 0x00007ffdb0572000 	C:\WINDOWS\System32\shlwapi.dll
0x00007ffdad7b0000 - 0x00007ffdad7c1000 	C:\WINDOWS\System32\kernel.appcore.dll
0x00007ffdadcc0000 - 0x00007ffdadcd7000 	C:\WINDOWS\System32\cryptsp.dll
0x00007ffd8d0b0000 - 0x00007ffd8d0ca000 	C:\Program Files\Android\Android Studio\jre\jre\bin\net.dll
0x00007ffdacf90000 - 0x00007ffdacff7000 	C:\WINDOWS\system32\mswsock.dll
0x00007ffd8d090000 - 0x00007ffd8d0a3000 	C:\Program Files\Android\Android Studio\jre\jre\bin\nio.dll
0x00007ffd9bf10000 - 0x00007ffd9bf37000 	C:\Users\mberg8\.gradle\native\f6784746aeab05261644944871eae4fe03e0ef1612fff0a4a95f87b438bc6780\windows-amd64\native-platform.dll
0x00007ffd8e680000 - 0x00007ffd8e68d000 	C:\Program Files\Android\Android Studio\jre\jre\bin\management.dll
0x00007ffdacb00000 - 0x00007ffdacb33000 	C:\WINDOWS\system32\rsaenh.dll
0x00007ffdae520000 - 0x00007ffdae546000 	C:\WINDOWS\System32\bcrypt.dll
0x00007ffdad6c0000 - 0x00007ffdad6e5000 	C:\WINDOWS\SYSTEM32\USERENV.dll
0x00007ffdad160000 - 0x00007ffdad16c000 	C:\WINDOWS\SYSTEM32\CRYPTBASE.dll
0x00007ffdacca0000 - 0x00007ffdaccda000 	C:\WINDOWS\SYSTEM32\IPHLPAPI.DLL
0x00007ffdaff60000 - 0x00007ffdaff68000 	C:\WINDOWS\System32\NSI.dll
0x00007ffda90f0000 - 0x00007ffda9106000 	C:\WINDOWS\SYSTEM32\dhcpcsvc6.DLL
0x00007ffda90d0000 - 0x00007ffda90ec000 	C:\WINDOWS\SYSTEM32\dhcpcsvc.DLL
0x00007ffdacce0000 - 0x00007ffdacdab000 	C:\WINDOWS\SYSTEM32\DNSAPI.dll
0x00007ffda9890000 - 0x00007ffda989b000 	C:\WINDOWS\SYSTEM32\WINNSI.DLL

VM Arguments:
jvm_args: -Xmx2048m -Dfile.encoding=UTF-8 -Duser.country=US -Duser.language=en -Duser.variant 
java_command: org.gradle.launcher.daemon.bootstrap.GradleDaemon 6.5
java_class_path (initial): C:\Users\mberg8\.gradle\wrapper\dists\gradle-6.5-bin\6nifqtx7604sqp1q6g8wikw7p\gradle-6.5\lib\gradle-launcher-6.5.jar
Launcher Type: SUN_STANDARD

Environment Variables:
JAVA_HOME=C:\Program Files\Amazon Corretto\jdk1.8.0_202
PATH=C:\Program Files\Common Files\Oracle\Java\javapath;C:\Python39\Scripts\;C:\Python39\;c:\Program Files (x86)\Common Files\Intel\Shared Libraries\redist\intel64_win\compiler;C:\Program Files\Microsoft MPI\Bin\;C:\WINDOWS\system32;C:\WINDOWS;C:\WINDOWS\System32\Wbem;C:\WINDOWS\System32\WindowsPowerShell\v1.0\;C:\WINDOWS\System32\OpenSSH\;C:\WINDOWS\system32\config\systemprofile\AppData\Local\Microsoft\WindowsApps;C:\Program Files\Amazon Corretto\jdk11.0.4_10\bin;C:\Program Files\dotnet\;C:\Program Files\Microsoft SQL Server\130\Tools\Binn\;C:\Program Files (x86)\Microsoft SQL Server\Client SDK\ODBC\110\Tools\Binn\;C:\Program Files (x86)\Microsoft SQL Server\120\Tools\Binn\ManagementStudio\;C:\Program Files (x86)\Microsoft SQL Server\120\Tools\Binn\;C:\Program Files (x86)\Microsoft SQL Server\120\DTS\Binn\;C:\Program Files\Intel\WiFi\bin\;C:\Program Files\Common Files\Intel\WirelessCommon\;C:\Program Files\MySQL\MySQL Shell 8.0\bin\;C:\Users\Default\.dotnet\tools;c:\pc2;C:\Program Files\Microsoft SQL Server\Client SDK\ODBC\170\Tools\Binn\;C:\ProgramData\chocolatey\bin;C:\Users\mberg8\AppData\Local\Microsoft\WindowsApps;C:\Users\mberg8\.dotnet\tools;C:\Users\mberg8\AppData\Local\Programs\Microsoft VS Code\bin;C:\Usersmberg8\Git\cmd
USERNAME=mberg8
OS=Windows_NT
PROCESSOR_IDENTIFIER=Intel64 Family 6 Model 158 Stepping 9, GenuineIntel



---------------  S Y S T E M  ---------------

OS: Windows 10.0 , 64 bit Build 18362 (10.0.18362.1110)

CPU:total 4 (initial active 4) (4 cores per cpu, 1 threads per core) family 6 model 158 stepping 9, cmov, cx8, fxsr, mmx, sse, sse2, sse3, ssse3, sse4.1, sse4.2, popcnt, avx, avx2, aes, clmul, erms, rtm, 3dnowpref, lzcnt, tsc, tscinvbit, bmi1, bmi2, adx

Memory: 4k page, physical 8264904k(1422536k free), swap 8699008k(2132k free)

vm_info: OpenJDK 64-Bit Server VM (25.242-b01) for windows-amd64 JRE (1.8.0_242-release-1644-b01), built by "builder" with MS VC++ 10.0 (VS2010)

time: Thu Jun 03 00:45:28 2021
timezone: Central Daylight Time
elapsed time: 1074 seconds (0d 0h 17m 54s)

