#
# There is insufficient memory for the Java Runtime Environment to continue.
# Native memory allocation (malloc) failed to allocate 1148336 bytes for Chunk::new
# Possible reasons:
#   The system is out of physical RAM or swap space
#   The process is running with CompressedOops enabled, and the Java Heap may be blocking the growth of the native heap
# Possible solutions:
#   Reduce memory load on the system
#   Increase physical memory or swap space
#   Check if swap backing store is full
#   Decrease Java heap size (-Xmx/-Xms)
#   Decrease number of Java threads
#   Decrease Java thread stack sizes (-Xss)
#   Set larger code cache with -XX:ReservedCodeCacheSize=
#   JVM is running with Unscaled Compressed Oops mode in which the Java heap is
#     placed in the first 4GB address space. The Java Heap base address is the
#     maximum limit for the native heap growth. Please use -XX:HeapBaseMinAddress
#     to set the Java Heap base and to place the Java Heap above 4GB virtual address.
# This output file may be truncated or incomplete.
#
#  Out of Memory Error (allocation.cpp:389), pid=13684, tid=0x0000000000002ba4
#
# JRE version: OpenJDK Runtime Environment (8.0_242-b01) (build 1.8.0_242-release-1644-b01)
# Java VM: OpenJDK 64-Bit Server VM (25.242-b01 mixed mode windows-amd64 compressed oops)
# Failed to write core dump. Minidumps are not enabled by default on client versions of Windows
#

---------------  T H R E A D  ---------------

Current thread (0x00000000174d9000):  JavaThread "C2 CompilerThread0" daemon [_thread_in_native, id=11172, stack(0x0000000018b30000,0x0000000018c30000)]

Stack: [0x0000000018b30000,0x0000000018c30000]
[error occurred during error reporting (printing stack bounds), id 0xc0000005]

Native frames: (J=compiled Java code, j=interpreted, Vv=VM code, C=native code)


Current CompileTask:
C2: 516100 13679   !   4       java.net.URL::<init> (543 bytes)


---------------  P R O C E S S  ---------------

Java Threads: ( => current thread )
  0x000000001fc87000 JavaThread "stdout" [_thread_in_native, id=11448, stack(0x000000002f280000,0x000000002f380000)]
  0x000000001fc87800 JavaThread "stderr" [_thread_in_native, id=8196, stack(0x000000002f180000,0x000000002f280000)]
  0x000000001fc8a000 JavaThread "stdout" [_thread_in_native, id=6652, stack(0x000000002f880000,0x000000002f980000)]
  0x000000001fc89000 JavaThread "stderr" [_thread_in_native, id=8328, stack(0x000000002f780000,0x000000002f880000)]
  0x000000001fc82800 JavaThread "stdout" [_thread_in_native, id=4372, stack(0x000000002f480000,0x000000002f580000)]
  0x000000001fc88800 JavaThread "stderr" [_thread_in_native, id=10972, stack(0x000000002f380000,0x000000002f480000)]
  0x000000001fc86000 JavaThread "pool-4-thread-1" [_thread_blocked, id=11644, stack(0x000000002f080000,0x000000002f180000)]
  0x000000001feb6800 JavaThread "WorkerExecutor Queue Thread 4" [_thread_blocked, id=10300, stack(0x000000002ef80000,0x000000002f080000)]
  0x000000001feb5800 JavaThread "WorkerExecutor Queue Thread 3" [_thread_blocked, id=11896, stack(0x000000002ec60000,0x000000002ed60000)]
  0x000000001feb5000 JavaThread "WorkerExecutor Queue Thread 2" [_thread_blocked, id=9452, stack(0x000000002e6e0000,0x000000002e7e0000)]
  0x000000001feba000 JavaThread "WorkerExecutor Queue" [_thread_blocked, id=12928, stack(0x000000002e5e0000,0x000000002e6e0000)]
  0x000000001feb8800 JavaThread "Cache worker for execution history cache (C:\Users\mberg8\Desktop\MD_Midterm\.gradle\6.5\executionHistory)" [_thread_blocked, id=7544, stack(0x000000002e4e0000,0x000000002e5e0000)]
  0x000000001feb7000 JavaThread "Execution worker for ':' Thread 3" [_thread_blocked, id=9580, stack(0x000000002e3e0000,0x000000002e4e0000)]
  0x000000001feb4000 JavaThread "Execution worker for ':' Thread 2" [_thread_in_Java, id=5492, stack(0x000000002e2e0000,0x000000002e3e0000)]
  0x000000001feac800 JavaThread "Execution worker for ':'" [_thread_blocked, id=4032, stack(0x000000002df00000,0x000000002e000000)]
  0x000000001feb2000 JavaThread "Cache worker for file content cache (C:\Users\mberg8\Desktop\MD_Midterm\.gradle\6.5\fileContent)" [_thread_blocked, id=12664, stack(0x000000002dc50000,0x000000002dd50000)]
  0x000000001fead000 JavaThread "pool-3-thread-1" [_thread_blocked, id=7500, stack(0x000000002bf80000,0x000000002c080000)]
  0x000000001feb1000 JavaThread "Cache worker for Build Output Cleanup Cache (C:\Users\mberg8\Desktop\MD_Midterm\.gradle\buildOutputCleanup)" [_thread_blocked, id=3556, stack(0x0000000025d00000,0x0000000025e00000)]
  0x000000001feae800 JavaThread "jar transforms Thread 188" [_thread_blocked, id=12296, stack(0x000000002a3c0000,0x000000002a4c0000)]
  0x000000001feab000 JavaThread "jar transforms Thread 187" [_thread_blocked, id=11364, stack(0x0000000029220000,0x0000000029320000)]
  0x000000001feae000 JavaThread "jar transforms Thread 186" [_thread_blocked, id=9728, stack(0x0000000029120000,0x0000000029220000)]
  0x000000001feab800 JavaThread "jar transforms Thread 185" [_thread_blocked, id=11204, stack(0x0000000029020000,0x0000000029120000)]
  0x000000001feb0000 JavaThread "jar transforms Thread 184" [_thread_blocked, id=3012, stack(0x0000000028f20000,0x0000000029020000)]
  0x000000001feaf800 JavaThread "jar transforms Thread 183" [_thread_blocked, id=13500, stack(0x0000000028e20000,0x0000000028f20000)]
  0x0000000020892800 JavaThread "jar transforms Thread 182" [_thread_blocked, id=6872, stack(0x0000000028d20000,0x0000000028e20000)]
  0x0000000020891800 JavaThread "jar transforms Thread 181" [_thread_blocked, id=9404, stack(0x0000000028c20000,0x0000000028d20000)]
  0x000000002088a000 JavaThread "jar transforms Thread 180" [_thread_blocked, id=6408, stack(0x0000000028b20000,0x0000000028c20000)]
  0x0000000020891000 JavaThread "jar transforms Thread 179" [_thread_blocked, id=8784, stack(0x0000000028a20000,0x0000000028b20000)]
  0x0000000020889800 JavaThread "jar transforms Thread 178" [_thread_blocked, id=12096, stack(0x0000000028920000,0x0000000028a20000)]
  0x000000002088f800 JavaThread "jar transforms Thread 177" [_thread_blocked, id=11208, stack(0x0000000028820000,0x0000000028920000)]
  0x000000002088d000 JavaThread "jar transforms Thread 176" [_thread_blocked, id=13928, stack(0x0000000028720000,0x0000000028820000)]
  0x000000002088e800 JavaThread "jar transforms Thread 175" [_thread_blocked, id=9212, stack(0x0000000028620000,0x0000000028720000)]
  0x000000002088e000 JavaThread "jar transforms Thread 174" [_thread_blocked, id=9512, stack(0x0000000028520000,0x0000000028620000)]
  0x0000000020890000 JavaThread "jar transforms Thread 173" [_thread_blocked, id=5132, stack(0x0000000028420000,0x0000000028520000)]
  0x0000000020886800 JavaThread "jar transforms Thread 172" [_thread_blocked, id=12544, stack(0x0000000028320000,0x0000000028420000)]
  0x0000000020888800 JavaThread "jar transforms Thread 171" [_thread_blocked, id=14248, stack(0x0000000028220000,0x0000000028320000)]
  0x000000002088b800 JavaThread "jar transforms Thread 170" [_thread_blocked, id=6812, stack(0x0000000028120000,0x0000000028220000)]
  0x000000002088c800 JavaThread "jar transforms Thread 169" [_thread_blocked, id=13192, stack(0x0000000028020000,0x0000000028120000)]
  0x000000002088b000 JavaThread "jar transforms Thread 168" [_thread_blocked, id=9208, stack(0x0000000027f20000,0x0000000028020000)]
  0x0000000020888000 JavaThread "jar transforms Thread 167" [_thread_blocked, id=8944, stack(0x0000000027e20000,0x0000000027f20000)]
  0x0000000020884000 JavaThread "jar transforms Thread 166" [_thread_blocked, id=11200, stack(0x0000000027d20000,0x0000000027e20000)]
  0x0000000020885000 JavaThread "jar transforms Thread 165" [_thread_blocked, id=200, stack(0x0000000027c20000,0x0000000027d20000)]
  0x0000000020887000 JavaThread "jar transforms Thread 164" [_thread_blocked, id=11028, stack(0x0000000027b20000,0x0000000027c20000)]
  0x0000000020883800 JavaThread "jar transforms Thread 163" [_thread_blocked, id=4988, stack(0x0000000027a20000,0x0000000027b20000)]
  0x0000000020885800 JavaThread "jar transforms Thread 162" [_thread_blocked, id=2332, stack(0x0000000027920000,0x0000000027a20000)]
  0x000000001e5db800 JavaThread "jar transforms Thread 161" [_thread_blocked, id=12592, stack(0x0000000027820000,0x0000000027920000)]
  0x000000001e5de800 JavaThread "jar transforms Thread 160" [_thread_blocked, id=14272, stack(0x0000000027720000,0x0000000027820000)]
  0x000000001e5dd000 JavaThread "jar transforms Thread 159" [_thread_blocked, id=1992, stack(0x0000000027620000,0x0000000027720000)]
  0x000000001e5da800 JavaThread "jar transforms Thread 158" [_thread_blocked, id=3604, stack(0x0000000027520000,0x0000000027620000)]
  0x000000001e5da000 JavaThread "jar transforms Thread 157" [_thread_blocked, id=3200, stack(0x0000000027420000,0x0000000027520000)]
  0x000000001e5d9000 JavaThread "jar transforms Thread 156" [_thread_blocked, id=9136, stack(0x0000000027320000,0x0000000027420000)]
  0x000000001e5df000 JavaThread "jar transforms Thread 155" [_thread_blocked, id=14284, stack(0x0000000027220000,0x0000000027320000)]
  0x000000001e5dc000 JavaThread "jar transforms Thread 154" [_thread_blocked, id=9640, stack(0x0000000027120000,0x0000000027220000)]
  0x000000001e5dd800 JavaThread "jar transforms Thread 153" [_thread_blocked, id=10756, stack(0x0000000027020000,0x0000000027120000)]
  0x000000001e5d2800 JavaThread "jar transforms Thread 152" [_thread_blocked, id=13652, stack(0x0000000026f20000,0x0000000027020000)]
  0x000000001e5d8800 JavaThread "jar transforms Thread 151" [_thread_blocked, id=9076, stack(0x0000000026e20000,0x0000000026f20000)]
  0x000000001e5d1000 JavaThread "jar transforms Thread 150" [_thread_blocked, id=10408, stack(0x0000000026d20000,0x0000000026e20000)]
  0x000000001e5d7800 JavaThread "jar transforms Thread 149" [_thread_blocked, id=13256, stack(0x0000000026c20000,0x0000000026d20000)]
  0x000000001e5d5800 JavaThread "jar transforms Thread 148" [_thread_blocked, id=13348, stack(0x0000000026b20000,0x0000000026c20000)]
  0x000000001e5d4800 JavaThread "jar transforms Thread 147" [_thread_blocked, id=3196, stack(0x0000000026a20000,0x0000000026b20000)]
  0x000000001e5d6000 JavaThread "jar transforms Thread 146" [_thread_blocked, id=7036, stack(0x0000000026920000,0x0000000026a20000)]
  0x000000001e5d4000 JavaThread "jar transforms Thread 145" [_thread_blocked, id=11180, stack(0x0000000026820000,0x0000000026920000)]
  0x000000001e5d0000 JavaThread "jar transforms Thread 144" [_thread_blocked, id=416, stack(0x0000000026720000,0x0000000026820000)]
  0x000000001e5d1800 JavaThread "jar transforms Thread 143" [_thread_blocked, id=8212, stack(0x0000000026620000,0x0000000026720000)]
  0x000000001e5d3000 JavaThread "jar transforms Thread 142" [_thread_blocked, id=10068, stack(0x0000000026520000,0x0000000026620000)]
  0x000000001e5d7000 JavaThread "jar transforms Thread 141" [_thread_blocked, id=1528, stack(0x0000000026420000,0x0000000026520000)]
  0x000000001b183800 JavaThread "jar transforms Thread 140" [_thread_blocked, id=14232, stack(0x0000000026320000,0x0000000026420000)]
  0x000000001b182800 JavaThread "jar transforms Thread 139" [_thread_blocked, id=8976, stack(0x0000000026220000,0x0000000026320000)]
  0x000000001b180000 JavaThread "jar transforms Thread 138" [_thread_blocked, id=5968, stack(0x0000000026120000,0x0000000026220000)]
  0x000000001b17e800 JavaThread "jar transforms Thread 137" [_thread_blocked, id=8076, stack(0x0000000026020000,0x0000000026120000)]
  0x000000001b184000 JavaThread "jar transforms Thread 136" [_thread_blocked, id=2108, stack(0x0000000025f20000,0x0000000026020000)]
  0x000000001b182000 JavaThread "jar transforms Thread 135" [_thread_blocked, id=10152, stack(0x0000000025e20000,0x0000000025f20000)]
  0x000000001b17f800 JavaThread "jar transforms Thread 134" [_thread_blocked, id=3788, stack(0x0000000025c00000,0x0000000025d00000)]
  0x000000001b185000 JavaThread "jar transforms Thread 133" [_thread_blocked, id=13428, stack(0x0000000025b00000,0x0000000025c00000)]
  0x000000001b6ec000 JavaThread "jar transforms Thread 132" [_thread_blocked, id=4924, stack(0x0000000025a00000,0x0000000025b00000)]
  0x000000001b6ea800 JavaThread "jar transforms Thread 131" [_thread_blocked, id=8752, stack(0x0000000025900000,0x0000000025a00000)]
  0x000000001b6e4800 JavaThread "jar transforms Thread 130" [_thread_blocked, id=7052, stack(0x0000000025800000,0x0000000025900000)]
  0x000000001b6e9000 JavaThread "jar transforms Thread 129" [_thread_blocked, id=3664, stack(0x0000000025700000,0x0000000025800000)]
  0x000000001b6e6000 JavaThread "jar transforms Thread 128" [_thread_blocked, id=9356, stack(0x0000000025600000,0x0000000025700000)]
  0x000000001b6e8800 JavaThread "jar transforms Thread 127" [_thread_blocked, id=2304, stack(0x0000000025500000,0x0000000025600000)]
  0x000000001b6dd000 JavaThread "jar transforms Thread 126" [_thread_blocked, id=11184, stack(0x0000000025400000,0x0000000025500000)]
  0x000000001b6e1800 JavaThread "jar transforms Thread 125" [_thread_blocked, id=7044, stack(0x0000000025300000,0x0000000025400000)]
  0x000000001b6df800 JavaThread "jar transforms Thread 124" [_thread_blocked, id=2460, stack(0x0000000025200000,0x0000000025300000)]
  0x000000001b6e0000 JavaThread "jar transforms Thread 123" [_thread_blocked, id=10236, stack(0x0000000025100000,0x0000000025200000)]
  0x000000001b6de800 JavaThread "jar transforms Thread 122" [_thread_blocked, id=2516, stack(0x0000000025000000,0x0000000025100000)]
  0x000000001b6e3000 JavaThread "jar transforms Thread 121" [_thread_blocked, id=5988, stack(0x0000000024f00000,0x0000000025000000)]
  0x000000001b6e4000 JavaThread "jar transforms Thread 120" [_thread_blocked, id=13196, stack(0x0000000024e00000,0x0000000024f00000)]
  0x000000001b6e1000 JavaThread "jar transforms Thread 119" [_thread_blocked, id=14204, stack(0x0000000024d00000,0x0000000024e00000)]
  0x000000001b6de000 JavaThread "jar transforms Thread 118" [_thread_blocked, id=1640, stack(0x0000000024c00000,0x0000000024d00000)]
  0x000000001b6e2800 JavaThread "jar transforms Thread 117" [_thread_blocked, id=12520, stack(0x0000000024b00000,0x0000000024c00000)]
  0x000000001ed30000 JavaThread "jar transforms Thread 116" [_thread_blocked, id=12940, stack(0x0000000024a00000,0x0000000024b00000)]
  0x000000001ed2e800 JavaThread "jar transforms Thread 115" [_thread_blocked, id=6184, stack(0x0000000024900000,0x0000000024a00000)]
  0x000000001ed2f000 JavaThread "jar transforms Thread 114" [_thread_blocked, id=12560, stack(0x0000000024800000,0x0000000024900000)]
  0x000000001ed32000 JavaThread "jar transforms Thread 113" [_thread_blocked, id=10592, stack(0x00000000244d0000,0x00000000245d0000)]
  0x000000001ed2d800 JavaThread "jar transforms Thread 112" [_thread_blocked, id=9936, stack(0x0000000023360000,0x0000000023460000)]
  0x000000001ed31800 JavaThread "jar transforms Thread 111" [_thread_blocked, id=8636, stack(0x0000000022c40000,0x0000000022d40000)]
  0x000000001ed33000 JavaThread "jar transforms Thread 110" [_thread_blocked, id=9692, stack(0x0000000022140000,0x0000000022240000)]
  0x000000001ed30800 JavaThread "jar transforms Thread 109" [_thread_blocked, id=480, stack(0x0000000021e40000,0x0000000021f40000)]
  0x000000001ed26000 JavaThread "jar transforms Thread 108" [_thread_blocked, id=6528, stack(0x0000000021d40000,0x0000000021e40000)]
  0x000000001ed2d000 JavaThread "jar transforms Thread 107" [_thread_blocked, id=9888, stack(0x0000000021c40000,0x0000000021d40000)]
  0x000000001ed2c000 JavaThread "jar transforms Thread 106" [_thread_blocked, id=8700, stack(0x0000000021b40000,0x0000000021c40000)]
  0x000000001ed2a000 JavaThread "jar transforms Thread 105" [_thread_blocked, id=5156, stack(0x0000000021a40000,0x0000000021b40000)]
  0x000000001ed29000 JavaThread "jar transforms Thread 104" [_thread_blocked, id=11116, stack(0x0000000021940000,0x0000000021a40000)]
  0x000000001ed2b800 JavaThread "jar transforms Thread 103" [_thread_blocked, id=7448, stack(0x0000000021840000,0x0000000021940000)]
  0x000000001ed24800 JavaThread "jar transforms Thread 102" [_thread_blocked, id=6120, stack(0x0000000021740000,0x0000000021840000)]
  0x000000001ed2a800 JavaThread "jar transforms Thread 101" [_thread_blocked, id=5188, stack(0x0000000021640000,0x0000000021740000)]
  0x000000001ed25800 JavaThread "jar transforms Thread 100" [_thread_blocked, id=9484, stack(0x0000000021540000,0x0000000021640000)]
  0x000000001ed27800 JavaThread "jar transforms Thread 99" [_thread_blocked, id=9244, stack(0x0000000021440000,0x0000000021540000)]
  0x0000000020222800 JavaThread "jar transforms Thread 98" [_thread_blocked, id=3068, stack(0x0000000021340000,0x0000000021440000)]
  0x0000000020220000 JavaThread "jar transforms Thread 97" [_thread_blocked, id=11872, stack(0x0000000021240000,0x0000000021340000)]
  0x000000002021e800 JavaThread "jar transforms Thread 96" [_thread_blocked, id=68, stack(0x0000000021140000,0x0000000021240000)]
  0x0000000020221000 JavaThread "jar transforms Thread 95" [_thread_blocked, id=13072, stack(0x0000000021040000,0x0000000021140000)]
  0x000000002021f800 JavaThread "Build operations Thread 4" [_thread_blocked, id=7456, stack(0x0000000020f40000,0x0000000021040000)]
  0x000000002021e000 JavaThread "Build operations Thread 3" [_thread_blocked, id=2908, stack(0x0000000020e40000,0x0000000020f40000)]
  0x000000002021d000 JavaThread "Build operations Thread 2" [_thread_blocked, id=10436, stack(0x000000001faf0000,0x000000001fbf0000)]
  0x000000002021c800 JavaThread "Build operations" [_thread_blocked, id=4996, stack(0x000000001f9f0000,0x000000001faf0000)]
  0x0000000020221800 JavaThread "Cache worker for cache directory md-rule (C:\Users\mberg8\.gradle\caches\6.5\md-rule)" [_thread_blocked, id=132, stack(0x000000001f8f0000,0x000000001f9f0000)]
  0x0000000020215000 JavaThread "Cache worker for cache directory md-supplier (C:\Users\mberg8\.gradle\caches\6.5\md-supplier)" [_thread_blocked, id=7312, stack(0x000000001f7f0000,0x000000001f8f0000)]
  0x0000000020219800 JavaThread "Cache worker for checksums cache (C:\Users\mberg8\Desktop\MD_Midterm\.gradle\checksums)" [_thread_blocked, id=9036, stack(0x000000001cf50000,0x000000001d050000)]
  0x0000000020215800 JavaThread "Cache worker for file hash cache (C:\Users\mberg8\Desktop\MD_Midterm\.gradle\6.5\fileHashes)" [_thread_blocked, id=2728, stack(0x000000001ce50000,0x000000001cf50000)]
  0x0000000020218800 JavaThread "Thread-128" [_thread_blocked, id=14092, stack(0x000000001cd50000,0x000000001ce50000)]
  0x000000002021b800 JavaThread "Stdin handler" [_thread_blocked, id=7320, stack(0x000000001cc50000,0x000000001cd50000)]
  0x0000000020216800 JavaThread "Daemon worker Thread 2" [_thread_blocked, id=5504, stack(0x000000001ca50000,0x000000001cb50000)]
  0x000000002021b000 JavaThread "Cancel handler" [_thread_blocked, id=12304, stack(0x000000001c950000,0x000000001ca50000)]
  0x0000000020214000 JavaThread "Handler for socket connection from /127.0.0.1:63232 to /127.0.0.1:63318" [_thread_blocked, id=9816, stack(0x000000001c310000,0x000000001c410000)]
  0x0000000020213800 JavaThread "Daemon Thread 2" [_thread_blocked, id=14216, stack(0x000000001c210000,0x000000001c310000)]
  0x000000001ed24000 JavaThread "Memory manager" [_thread_blocked, id=12648, stack(0x0000000029c00000,0x0000000029d00000)]
  0x000000001b6e7000 JavaThread "Cache worker for file content cache (C:\Users\mberg8\.gradle\caches\6.5\fileContent)" [_thread_blocked, id=9524, stack(0x0000000022b40000,0x0000000022c40000)]
  0x000000001b6eb800 JavaThread "Cache worker for execution history cache (C:\Users\mberg8\.gradle\caches\6.5\executionHistory)" [_thread_blocked, id=10572, stack(0x0000000022640000,0x0000000022740000)]
  0x000000001b17e000 JavaThread "Cache worker for file hash cache (C:\Users\mberg8\.gradle\caches\6.5\fileHashes)" [_thread_blocked, id=4600, stack(0x000000001d550000,0x000000001d650000)]
  0x000000001b181000 JavaThread "File lock request listener" [_thread_in_native, id=13920, stack(0x000000001d450000,0x000000001d550000)]
  0x0000000019677000 JavaThread "Cache worker for journal cache (C:\Users\mberg8\.gradle\caches\journal-1)" [_thread_blocked, id=12244, stack(0x000000001d250000,0x000000001d350000)]
  0x000000001b099800 JavaThread "Daemon periodic checks" [_thread_blocked, id=4404, stack(0x000000001c650000,0x000000001c750000)]
  0x000000001b03f800 JavaThread "Incoming local TCP Connector on port 63232" [_thread_in_native, id=7948, stack(0x000000001c410000,0x000000001c510000)]
  0x000000001aece800 JavaThread "Daemon health stats" [_thread_blocked, id=12176, stack(0x000000001bdd0000,0x000000001bed0000)]
  0x000000001752e800 JavaThread "Service Thread" daemon [_thread_blocked, id=11272, stack(0x0000000019230000,0x0000000019330000)]
  0x0000000018d38800 JavaThread "C1 CompilerThread2" daemon [_thread_blocked, id=11836, stack(0x0000000019130000,0x0000000019230000)]
  0x00000000174dd800 JavaThread "C2 CompilerThread1" daemon [_thread_in_native, id=1200, stack(0x0000000018c30000,0x0000000018d30000)]
=>0x00000000174d9000 JavaThread "C2 CompilerThread0" daemon [_thread_in_native, id=11172, stack(0x0000000018b30000,0x0000000018c30000)]
  0x00000000174d8000 JavaThread "Attach Listener" daemon [_thread_blocked, id=8244, stack(0x0000000018a30000,0x0000000018b30000)]
  0x00000000174d5000 JavaThread "Signal Dispatcher" daemon [_thread_blocked, id=388, stack(0x0000000018930000,0x0000000018a30000)]
  0x00000000028ab800 JavaThread "Finalizer" daemon [_thread_blocked, id=8880, stack(0x0000000018730000,0x0000000018830000)]
  0x00000000174b9000 JavaThread "Reference Handler" daemon [_thread_blocked, id=9092, stack(0x0000000018630000,0x0000000018730000)]
  0x00000000027b2800 JavaThread "main" [_thread_in_native, id=11528, stack(0x0000000002650000,0x0000000002750000)]

Other Threads:
  0x0000000017495800 VMThread [stack: 0x0000000018530000,0x0000000018630000] [id=12432]
  0x0000000018d5a800 WatcherThread [stack: 0x0000000019330000,0x0000000019430000] [id=11176]

VM state:not at safepoint (normal execution)

VM Mutex/Monitor currently owned by a thread: None

heap address: 0x0000000080000000, size: 2048 MB, Compressed Oops mode: 32-bit
Narrow klass base: 0x0000000000000000, Narrow klass shift: 3
Compressed class space size: 1073741824 Address: 0x0000000100000000

Heap:
 PSYoungGen      total 262144K, used 140400K [0x00000000d5580000, 0x00000000ea780000, 0x0000000100000000)
  eden space 237568K, 48% used [0x00000000d5580000,0x00000000dc6a3438,0x00000000e3d80000)
  from space 24576K, 99% used [0x00000000e3d80000,0x00000000e5578ef0,0x00000000e5580000)
  to   space 39424K, 0% used [0x00000000e8100000,0x00000000e8100000,0x00000000ea780000)
 ParOldGen       total 143360K, used 91441K [0x0000000080000000, 0x0000000088c00000, 0x00000000d5580000)
  object space 143360K, 63% used [0x0000000080000000,0x000000008594c5d0,0x0000000088c00000)
 Metaspace       used 91957K, capacity 96388K, committed 96472K, reserved 1132544K
  class space    used 12075K, capacity 12999K, committed 13056K, reserved 1048576K

Card table byte_map: [0x0000000011c70000,0x0000000012080000] byte_map_base: 0x0000000011870000

Marking Bits: (ParMarkBitMap*) 0x000000006df8f030
 Begin Bits: [0x0000000012730000, 0x0000000014730000)
 End Bits:   [0x0000000014730000, 0x0000000016730000)

Polling page: 0x0000000000ac0000

CodeCache: size=245760Kb used=39374Kb max_used=39386Kb free=206385Kb
 bounds [0x00000000028b0000, 0x0000000004f60000, 0x00000000118b0000]
 total_blobs=12739 nmethods=11849 adapters=801
 compilation: enabled

Compilation events (10 events):
Event: 516.071 Thread 0x00000000174dd800 nmethod 13684 0x0000000004c70e90 code [0x0000000004c70fc0, 0x0000000004c71058]
Event: 516.071 Thread 0x00000000174dd800 13770       4       com.google.common.collect.RegularImmutableMap::get (13 bytes)
Event: 516.073 Thread 0x00000000174dd800 nmethod 13770 0x0000000002d2b950 code [0x0000000002d2baa0, 0x0000000002d2bc78]
Event: 516.073 Thread 0x00000000174dd800 13700       4       com.android.utils.PositionXmlParser$DomBuilder::addNodeToParent (59 bytes)
Event: 516.077 Thread 0x00000000174dd800 nmethod 13700 0x0000000004f3ad50 code [0x0000000004f3aee0, 0x0000000004f3b238]
Event: 516.077 Thread 0x00000000174dd800 13727       4       com.sun.org.apache.xerces.internal.dom.NodeImpl::isIdAttribute (17 bytes)
Event: 516.077 Thread 0x00000000174dd800 nmethod 13727 0x0000000004cac390 code [0x0000000004cac4c0, 0x0000000004cac538]
Event: 516.087 Thread 0x00000000174dd800 13782       4       java.util.regex.Pattern$CharProperty$1::isSatisfiedBy (17 bytes)
Event: 516.088 Thread 0x00000000174dd800 nmethod 13782 0x0000000004f3a890 code [0x0000000004f3a9e0, 0x0000000004f3ab38]
Event: 516.088 Thread 0x00000000174dd800 13783   !   4       com.sun.org.apache.xerces.internal.parsers.AbstractSAXParser::setFeature (552 bytes)

GC Heap History (10 events):
Event: 9.225 GC heap before
{Heap before GC invocations=16 (full 3):
 PSYoungGen      total 192000K, used 175616K [0x00000000d5580000, 0x00000000e2d00000, 0x0000000100000000)
  eden space 175616K, 100% used [0x00000000d5580000,0x00000000e0100000,0x00000000e0100000)
  from space 16384K, 0% used [0x00000000e1080000,0x00000000e1080000,0x00000000e2080000)
  to   space 15872K, 0% used [0x00000000e0100000,0x00000000e0100000,0x00000000e1080000)
 ParOldGen       total 143360K, used 39806K [0x0000000080000000, 0x0000000088c00000, 0x00000000d5580000)
  object space 143360K, 27% used [0x0000000080000000,0x00000000826df8c8,0x0000000088c00000)
 Metaspace       used 65624K, capacity 68394K, committed 68696K, reserved 1107968K
  class space    used 8936K, capacity 9484K, committed 9600K, reserved 1048576K
Event: 9.246 GC heap after
Heap after GC invocations=16 (full 3):
 PSYoungGen      total 191488K, used 15848K [0x00000000d5580000, 0x00000000e4900000, 0x0000000100000000)
  eden space 175616K, 0% used [0x00000000d5580000,0x00000000d5580000,0x00000000e0100000)
  from space 15872K, 99% used [0x00000000e0100000,0x00000000e107a288,0x00000000e1080000)
  to   space 17920K, 0% used [0x00000000e3780000,0x00000000e3780000,0x00000000e4900000)
 ParOldGen       total 143360K, used 39945K [0x0000000080000000, 0x0000000088c00000, 0x00000000d5580000)
  object space 143360K, 27% used [0x0000000080000000,0x0000000082702618,0x0000000088c00000)
 Metaspace       used 65624K, capacity 68394K, committed 68696K, reserved 1107968K
  class space    used 8936K, capacity 9484K, committed 9600K, reserved 1048576K
}
Event: 17.234 GC heap before
{Heap before GC invocations=17 (full 3):
 PSYoungGen      total 191488K, used 191464K [0x00000000d5580000, 0x00000000e4900000, 0x0000000100000000)
  eden space 175616K, 100% used [0x00000000d5580000,0x00000000e0100000,0x00000000e0100000)
  from space 15872K, 99% used [0x00000000e0100000,0x00000000e107a288,0x00000000e1080000)
  to   space 17920K, 0% used [0x00000000e3780000,0x00000000e3780000,0x00000000e4900000)
 ParOldGen       total 143360K, used 39945K [0x0000000080000000, 0x0000000088c00000, 0x00000000d5580000)
  object space 143360K, 27% used [0x0000000080000000,0x0000000082702618,0x0000000088c00000)
 Metaspace       used 78493K, capacity 81702K, committed 82008K, reserved 1120256K
  class space    used 10651K, capacity 11312K, committed 11392K, reserved 1048576K
Event: 17.256 GC heap after
Heap after GC invocations=17 (full 3):
 PSYoungGen      total 225280K, used 17908K [0x00000000d5580000, 0x00000000e4f80000, 0x0000000100000000)
  eden space 207360K, 0% used [0x00000000d5580000,0x00000000d5580000,0x00000000e2000000)
  from space 17920K, 99% used [0x00000000e3780000,0x00000000e48fd1c8,0x00000000e4900000)
  to   space 24064K, 0% used [0x00000000e2000000,0x00000000e2000000,0x00000000e3780000)
 ParOldGen       total 143360K, used 49797K [0x0000000080000000, 0x0000000088c00000, 0x00000000d5580000)
  object space 143360K, 34% used [0x0000000080000000,0x00000000830a1568,0x0000000088c00000)
 Metaspace       used 78493K, capacity 81702K, committed 82008K, reserved 1120256K
  class space    used 10651K, capacity 11312K, committed 11392K, reserved 1048576K
}
Event: 18.684 GC heap before
{Heap before GC invocations=18 (full 3):
 PSYoungGen      total 225280K, used 225268K [0x00000000d5580000, 0x00000000e4f80000, 0x0000000100000000)
  eden space 207360K, 100% used [0x00000000d5580000,0x00000000e2000000,0x00000000e2000000)
  from space 17920K, 99% used [0x00000000e3780000,0x00000000e48fd1c8,0x00000000e4900000)
  to   space 24064K, 0% used [0x00000000e2000000,0x00000000e2000000,0x00000000e3780000)
 ParOldGen       total 143360K, used 49797K [0x0000000080000000, 0x0000000088c00000, 0x00000000d5580000)
  object space 143360K, 34% used [0x0000000080000000,0x00000000830a1568,0x0000000088c00000)
 Metaspace       used 80582K, capacity 84206K, committed 84312K, reserved 1122304K
  class space    used 10887K, capacity 11620K, committed 11648K, reserved 1048576K
Event: 18.702 GC heap after
Heap after GC invocations=18 (full 3):
 PSYoungGen      total 231424K, used 6980K [0x00000000d5580000, 0x00000000e7200000, 0x0000000100000000)
  eden space 207360K, 0% used [0x00000000d5580000,0x00000000d5580000,0x00000000e2000000)
  from space 24064K, 29% used [0x00000000e2000000,0x00000000e26d1248,0x00000000e3780000)
  to   space 23552K, 0% used [0x00000000e5b00000,0x00000000e5b00000,0x00000000e7200000)
 ParOldGen       total 143360K, used 60179K [0x0000000080000000, 0x0000000088c00000, 0x00000000d5580000)
  object space 143360K, 41% used [0x0000000080000000,0x0000000083ac4d48,0x0000000088c00000)
 Metaspace       used 80582K, capacity 84206K, committed 84312K, reserved 1122304K
  class space    used 10887K, capacity 11620K, committed 11648K, reserved 1048576K
}
Event: 511.649 GC heap before
{Heap before GC invocations=19 (full 3):
 PSYoungGen      total 231424K, used 214340K [0x00000000d5580000, 0x00000000e7200000, 0x0000000100000000)
  eden space 207360K, 100% used [0x00000000d5580000,0x00000000e2000000,0x00000000e2000000)
  from space 24064K, 29% used [0x00000000e2000000,0x00000000e26d1248,0x00000000e3780000)
  to   space 23552K, 0% used [0x00000000e5b00000,0x00000000e5b00000,0x00000000e7200000)
 ParOldGen       total 143360K, used 60179K [0x0000000080000000, 0x0000000088c00000, 0x00000000d5580000)
  object space 143360K, 41% used [0x0000000080000000,0x0000000083ac4d48,0x0000000088c00000)
 Metaspace       used 88469K, capacity 92692K, committed 93016K, reserved 1130496K
  class space    used 11692K, capacity 12555K, committed 12672K, reserved 1048576K
Event: 511.670 GC heap after
Heap after GC invocations=19 (full 3):
 PSYoungGen      total 256512K, used 16478K [0x00000000d5580000, 0x00000000e6d80000, 0x0000000100000000)
  eden space 237568K, 0% used [0x00000000d5580000,0x00000000d5580000,0x00000000e3d80000)
  from space 18944K, 86% used [0x00000000e5b00000,0x00000000e6b17b50,0x00000000e6d80000)
  to   space 24576K, 0% used [0x00000000e3d80000,0x00000000e3d80000,0x00000000e5580000)
 ParOldGen       total 143360K, used 60187K [0x0000000080000000, 0x0000000088c00000, 0x00000000d5580000)
  object space 143360K, 41% used [0x0000000080000000,0x0000000083ac6d48,0x0000000088c00000)
 Metaspace       used 88469K, capacity 92692K, committed 93016K, reserved 1130496K
  class space    used 11692K, capacity 12555K, committed 12672K, reserved 1048576K
}
Event: 514.048 GC heap before
{Heap before GC invocations=20 (full 3):
 PSYoungGen      total 256512K, used 254046K [0x00000000d5580000, 0x00000000e6d80000, 0x0000000100000000)
  eden space 237568K, 100% used [0x00000000d5580000,0x00000000e3d80000,0x00000000e3d80000)
  from space 18944K, 86% used [0x00000000e5b00000,0x00000000e6b17b50,0x00000000e6d80000)
  to   space 24576K, 0% used [0x00000000e3d80000,0x00000000e3d80000,0x00000000e5580000)
 ParOldGen       total 143360K, used 60187K [0x0000000080000000, 0x0000000088c00000, 0x00000000d5580000)
  object space 143360K, 41% used [0x0000000080000000,0x0000000083ac6d48,0x0000000088c00000)
 Metaspace       used 90730K, capacity 95150K, committed 95320K, reserved 1132544K
  class space    used 11935K, capacity 12842K, committed 12928K, reserved 1048576K
Event: 514.116 GC heap after
Heap after GC invocations=20 (full 3):
 PSYoungGen      total 262144K, used 24547K [0x00000000d5580000, 0x00000000ea780000, 0x0000000100000000)
  eden space 237568K, 0% used [0x00000000d5580000,0x00000000d5580000,0x00000000e3d80000)
  from space 24576K, 99% used [0x00000000e3d80000,0x00000000e5578ef0,0x00000000e5580000)
  to   space 39424K, 0% used [0x00000000e8100000,0x00000000e8100000,0x00000000ea780000)
 ParOldGen       total 143360K, used 91441K [0x0000000080000000, 0x0000000088c00000, 0x00000000d5580000)
  object space 143360K, 63% used [0x0000000080000000,0x000000008594c5d0,0x0000000088c00000)
 Metaspace       used 90730K, capacity 95150K, committed 95320K, reserved 1132544K
  class space    used 11935K, capacity 12842K, committed 12928K, reserved 1048576K
}

Deoptimization events (10 events):
Event: 515.930 Thread 0x000000001feb4000 Uncommon trap: reason=bimorphic action=maybe_recompile pc=0x0000000004d602c0 method=com.sun.org.apache.xerces.internal.dom.NodeImpl.getUserData(Ljava/lang/String;)Ljava/lang/Object; @ 1
Event: 515.931 Thread 0x000000001feb4000 Uncommon trap: reason=unstable_if action=reinterpret pc=0x0000000003404f14 method=java.util.regex.Pattern$Curly.match(Ljava/util/regex/Matcher;ILjava/lang/CharSequence;)Z @ 45
Event: 515.931 Thread 0x000000001feb4000 Uncommon trap: reason=bimorphic action=maybe_recompile pc=0x0000000004d602c0 method=com.sun.org.apache.xerces.internal.dom.NodeImpl.getUserData(Ljava/lang/String;)Ljava/lang/Object; @ 1
Event: 515.931 Thread 0x000000001feb4000 Uncommon trap: reason=bimorphic action=maybe_recompile pc=0x0000000004d602c0 method=com.sun.org.apache.xerces.internal.dom.NodeImpl.getUserData(Ljava/lang/String;)Ljava/lang/Object; @ 1
Event: 515.931 Thread 0x000000001feb4000 Uncommon trap: reason=bimorphic action=maybe_recompile pc=0x0000000004d602c0 method=com.sun.org.apache.xerces.internal.dom.NodeImpl.getUserData(Ljava/lang/String;)Ljava/lang/Object; @ 1
Event: 515.949 Thread 0x000000001feb4000 Uncommon trap: reason=class_check action=maybe_recompile pc=0x0000000004d8ade0 method=com.sun.org.apache.xerces.internal.dom.ElementImpl.getNodeName()Ljava/lang/String; @ 8
Event: 515.956 Thread 0x000000001feb4000 Uncommon trap: reason=unstable_if action=reinterpret pc=0x0000000004bd9d68 method=com.sun.org.apache.xerces.internal.util.XMLAttributesImpl.addAttributeNS(Lcom/sun/org/apache/xerces/internal/xni/QName;Ljava/lang/String;Ljava/lang/String;)V @ 22
Event: 515.957 Thread 0x000000001feb4000 Uncommon trap: reason=class_check action=maybe_recompile pc=0x0000000004d8ade0 method=com.sun.org.apache.xerces.internal.dom.ElementImpl.getNodeName()Ljava/lang/String; @ 8
Event: 515.957 Thread 0x000000001feb4000 Uncommon trap: reason=class_check action=maybe_recompile pc=0x0000000004d8ade0 method=com.sun.org.apache.xerces.internal.dom.ElementImpl.getNodeName()Ljava/lang/String; @ 8
Event: 516.007 Thread 0x000000001feb4000 Uncommon trap: reason=unstable_if action=reinterpret pc=0x0000000002df389c method=java.util.regex.Matcher.match(II)Z @ 30

Classes redefined (0 events):
No events

Internal exceptions (10 events):
Event: 515.194 Thread 0x0000000020216800 Exception <a 'java/lang/NoSuchMethodError': <clinit>> (0x00000000d9c57ad8) thrown at [C:\src\AOSP-openjdk-git\hotspot\src\share\vm\prims\jni.cpp, line 1615]
Event: 515.194 Thread 0x0000000020216800 Exception <a 'java/lang/NoSuchMethodError': <clinit>> (0x00000000d9c65830) thrown at [C:\src\AOSP-openjdk-git\hotspot\src\share\vm\prims\jni.cpp, line 1615]
Event: 515.411 Thread 0x000000001feb6800 Exception <a 'java/io/IOException'> (0x00000000da9aaf20) thrown at [C:\src\AOSP-openjdk-git\hotspot\src\share\vm\prims\jni.cpp, line 710]
Event: 515.420 Thread 0x000000001feb6800 Exception <a 'java/io/IOException': CreateProcess error=1455, The paging file is too small for this operation to complete> (0x00000000daa723a0) thrown at [C:\src\AOSP-openjdk-git\hotspot\src\share\vm\prims\jni.cpp, line 737]
Event: 515.425 Thread 0x000000001feb6800 Exception <a 'java/io/IOException': CreateProcess error=8, Not enough memory resources are available to process this command> (0x00000000dab18ab8) thrown at [C:\src\AOSP-openjdk-git\hotspot\src\share\vm\prims\jni.cpp, line 737]
Event: 515.437 Thread 0x000000001feba000 Exception <a 'java/io/IOException'> (0x00000000da24c6b0) thrown at [C:\src\AOSP-openjdk-git\hotspot\src\share\vm\prims\jni.cpp, line 710]
Event: 515.444 Thread 0x000000001feb6800 Exception <a 'java/io/IOException': CreateProcess error=1455, The paging file is too small for this operation to complete> (0x00000000dac95dd8) thrown at [C:\src\AOSP-openjdk-git\hotspot\src\share\vm\prims\jni.cpp, line 737]
Event: 515.465 Thread 0x000000001feb4000 Exception <a 'java/lang/NoSuchMethodError': <clinit>> (0x00000000dae1dae8) thrown at [C:\src\AOSP-openjdk-git\hotspot\src\share\vm\prims\jni.cpp, line 1615]
Event: 516.079 Thread 0x0000000020214000 Exception <a 'java/io/IOException'> (0x00000000dc0c5038) thrown at [C:\src\AOSP-openjdk-git\hotspot\src\share\vm\prims\jni.cpp, line 710]
Event: 516.081 Thread 0x0000000020218000 Exception <a 'java/io/IOException'> (0x00000000dad8faf0) thrown at [C:\src\AOSP-openjdk-git\hotspot\src\share\vm\prims\jni.cpp, line 710]

Events (10 events):
Event: 516.006 loading class com/android/manifmerger/OtherOperationType
Event: 516.006 loading class com/android/manifmerger/OtherOperationType done
Event: 516.007 Thread 0x000000001feb4000 Uncommon trap: trap_request=0xffffff65 fr.pc=0x0000000002df389c
Event: 516.007 Thread 0x000000001feb4000 DEOPT PACKING pc=0x0000000002df389c sp=0x000000002e3dab90
Event: 516.007 Thread 0x000000001feb4000 DEOPT UNPACKING pc=0x00000000028f557b sp=0x000000002e3dab20 mode 2
Event: 516.080 loading class org/gradle/internal/serialize/Message
Event: 516.080 loading class org/gradle/internal/serialize/Message done
Event: 516.081 Executing VM operation: RevokeBias
Event: 516.081 Executing VM operation: RevokeBias done
Event: 516.081 Thread 0x0000000020218000 Thread exited: 0x0000000020218000


Dynamic libraries:
0x00007ff6316d0000 - 0x00007ff631701000 	C:\Program Files\Android\Android Studio\jre\bin\java.exe
0x00007ffdb0900000 - 0x00007ffdb0af0000 	C:\WINDOWS\SYSTEM32\ntdll.dll
0x00007ffdaec20000 - 0x00007ffdaecd2000 	C:\WINDOWS\System32\KERNEL32.DLL
0x00007ffdae580000 - 0x00007ffdae825000 	C:\WINDOWS\System32\KERNELBASE.dll
0x00007ffdb0270000 - 0x00007ffdb0313000 	C:\WINDOWS\System32\ADVAPI32.dll
0x00007ffdaf490000 - 0x00007ffdaf52e000 	C:\WINDOWS\System32\msvcrt.dll
0x00007ffdb01d0000 - 0x00007ffdb0267000 	C:\WINDOWS\System32\sechost.dll
0x00007ffdafe30000 - 0x00007ffdaff50000 	C:\WINDOWS\System32\RPCRT4.dll
0x00007ffdaf5a0000 - 0x00007ffdaf734000 	C:\WINDOWS\System32\USER32.dll
0x00007ffdae550000 - 0x00007ffdae571000 	C:\WINDOWS\System32\win32u.dll
0x00007ffdb04f0000 - 0x00007ffdb0516000 	C:\WINDOWS\System32\GDI32.dll
0x00007ffdad8d0000 - 0x00007ffdada66000 	C:\WINDOWS\System32\gdi32full.dll
0x00007ffdae910000 - 0x00007ffdae9ae000 	C:\WINDOWS\System32\msvcp_win.dll
0x00007ffdada70000 - 0x00007ffdadb6a000 	C:\WINDOWS\System32\ucrtbase.dll
0x00007ffd9d1f0000 - 0x00007ffd9d474000 	C:\WINDOWS\WinSxS\amd64_microsoft.windows.common-controls_6595b64144ccf1df_6.0.18362.1256_none_9e7e379be45e40e2\COMCTL32.dll
0x00007ffdb0580000 - 0x00007ffdb08b6000 	C:\WINDOWS\System32\combase.dll
0x00007ffdae830000 - 0x00007ffdae8b1000 	C:\WINDOWS\System32\bcryptPrimitives.dll
0x00007ffdaece0000 - 0x00007ffdaed0e000 	C:\WINDOWS\System32\IMM32.DLL
0x000000006e3d0000 - 0x000000006e4a2000 	C:\Program Files\Android\Android Studio\jre\jre\bin\msvcr100.dll
0x000000006d7c0000 - 0x000000006e00b000 	C:\Program Files\Android\Android Studio\jre\jre\bin\server\jvm.dll
0x00007ffdb03a0000 - 0x00007ffdb03a8000 	C:\WINDOWS\System32\PSAPI.DLL
0x00007ffd99cf0000 - 0x00007ffd99cf9000 	C:\WINDOWS\SYSTEM32\WSOCK32.dll
0x00007ffdaf530000 - 0x00007ffdaf59f000 	C:\WINDOWS\System32\WS2_32.dll
0x00007ffdaaa40000 - 0x00007ffdaaa64000 	C:\WINDOWS\SYSTEM32\WINMM.dll
0x00007ffda7210000 - 0x00007ffda721a000 	C:\WINDOWS\SYSTEM32\VERSION.dll
0x00007ffdaaa10000 - 0x00007ffdaaa3d000 	C:\WINDOWS\SYSTEM32\WINMMBASE.dll
0x00007ffdae8c0000 - 0x00007ffdae90a000 	C:\WINDOWS\System32\cfgmgr32.dll
0x00007ffdaa7a0000 - 0x00007ffdaa7af000 	C:\Program Files\Android\Android Studio\jre\jre\bin\verify.dll
0x00007ffd9c680000 - 0x00007ffd9c6a9000 	C:\Program Files\Android\Android Studio\jre\jre\bin\java.dll
0x00007ffda9120000 - 0x00007ffda9136000 	C:\Program Files\Android\Android Studio\jre\jre\bin\zip.dll
0x00007ffdaf740000 - 0x00007ffdafe27000 	C:\WINDOWS\System32\SHELL32.dll
0x00007ffdaeb70000 - 0x00007ffdaec19000 	C:\WINDOWS\System32\shcore.dll
0x00007ffdadce0000 - 0x00007ffdae461000 	C:\WINDOWS\System32\windows.storage.dll
0x00007ffdad840000 - 0x00007ffdad863000 	C:\WINDOWS\System32\profapi.dll
0x00007ffdad7f0000 - 0x00007ffdad83a000 	C:\WINDOWS\System32\powrprof.dll
0x00007ffdad7a0000 - 0x00007ffdad7b0000 	C:\WINDOWS\System32\UMPDC.dll
0x00007ffdb0520000 - 0x00007ffdb0572000 	C:\WINDOWS\System32\shlwapi.dll
0x00007ffdad7b0000 - 0x00007ffdad7c1000 	C:\WINDOWS\System32\kernel.appcore.dll
0x00007ffdadcc0000 - 0x00007ffdadcd7000 	C:\WINDOWS\System32\cryptsp.dll
0x00007ffd9c660000 - 0x00007ffd9c67a000 	C:\Program Files\Android\Android Studio\jre\jre\bin\net.dll
0x00007ffdacf90000 - 0x00007ffdacff7000 	C:\WINDOWS\system32\mswsock.dll
0x00007ffd9bf20000 - 0x00007ffd9bf33000 	C:\Program Files\Android\Android Studio\jre\jre\bin\nio.dll
0x00007ffd9bde0000 - 0x00007ffd9be07000 	C:\Users\mberg8\.gradle\native\f6784746aeab05261644944871eae4fe03e0ef1612fff0a4a95f87b438bc6780\windows-amd64\native-platform.dll
0x00007ffda86a0000 - 0x00007ffda86ad000 	C:\Program Files\Android\Android Studio\jre\jre\bin\management.dll
0x00007ffdacb00000 - 0x00007ffdacb33000 	C:\WINDOWS\system32\rsaenh.dll
0x00007ffdae520000 - 0x00007ffdae546000 	C:\WINDOWS\System32\bcrypt.dll
0x00007ffdad6c0000 - 0x00007ffdad6e5000 	C:\WINDOWS\SYSTEM32\USERENV.dll
0x00007ffdad160000 - 0x00007ffdad16c000 	C:\WINDOWS\SYSTEM32\CRYPTBASE.dll
0x00007ffdacca0000 - 0x00007ffdaccda000 	C:\WINDOWS\SYSTEM32\IPHLPAPI.DLL
0x00007ffdaff60000 - 0x00007ffdaff68000 	C:\WINDOWS\System32\NSI.dll
0x00007ffda90f0000 - 0x00007ffda9106000 	C:\WINDOWS\SYSTEM32\dhcpcsvc6.DLL
0x00007ffda90d0000 - 0x00007ffda90ec000 	C:\WINDOWS\SYSTEM32\dhcpcsvc.DLL
0x00007ffdacce0000 - 0x00007ffdacdab000 	C:\WINDOWS\SYSTEM32\DNSAPI.dll
0x00007ffda9890000 - 0x00007ffda989b000 	C:\WINDOWS\SYSTEM32\WINNSI.DLL
0x00007ffd8d060000 - 0x00007ffd8d084000 	C:\Program Files\Android\Android Studio\jre\jre\bin\sunec.dll
0x00007ffda2420000 - 0x00007ffda242a000 	C:\Windows\System32\rasadhlp.dll
0x00007ffda93b0000 - 0x00007ffda9427000 	C:\WINDOWS\System32\fwpuclnt.dll
0x00007ffda4f30000 - 0x00007ffda4f3b000 	C:\Program Files\Android\Android Studio\jre\jre\bin\sunmscapi.dll
0x00007ffdadb70000 - 0x00007ffdadcb9000 	C:\WINDOWS\System32\CRYPT32.dll
0x00007ffdad7d0000 - 0x00007ffdad7e2000 	C:\WINDOWS\System32\MSASN1.dll
0x00007ffdac780000 - 0x00007ffdac7b1000 	C:\WINDOWS\SYSTEM32\ntmarta.dll

VM Arguments:
jvm_args: -Xmx2048m -Dfile.encoding=UTF-8 -Duser.country=US -Duser.language=en -Duser.variant 
java_command: org.gradle.launcher.daemon.bootstrap.GradleDaemon 6.5
java_class_path (initial): C:\Users\mberg8\.gradle\wrapper\dists\gradle-6.5-all\2oz4ud9k3tuxjg84bbf55q0tn\gradle-6.5\lib\gradle-launcher-6.5.jar
Launcher Type: SUN_STANDARD

Environment Variables:
JAVA_HOME=C:\Program Files\Amazon Corretto\jdk1.8.0_202
PATH=C:\Program Files\Common Files\Oracle\Java\javapath;C:\Python39\Scripts\;C:\Python39\;c:\Program Files (x86)\Common Files\Intel\Shared Libraries\redist\intel64_win\compiler;C:\Program Files\Microsoft MPI\Bin\;C:\WINDOWS\system32;C:\WINDOWS;C:\WINDOWS\System32\Wbem;C:\WINDOWS\System32\WindowsPowerShell\v1.0\;C:\WINDOWS\System32\OpenSSH\;C:\WINDOWS\system32\config\systemprofile\AppData\Local\Microsoft\WindowsApps;C:\Program Files\Amazon Corretto\jdk11.0.4_10\bin;C:\Program Files\dotnet\;C:\Program Files\Microsoft SQL Server\130\Tools\Binn\;C:\Program Files (x86)\Microsoft SQL Server\Client SDK\ODBC\110\Tools\Binn\;C:\Program Files (x86)\Microsoft SQL Server\120\Tools\Binn\ManagementStudio\;C:\Program Files (x86)\Microsoft SQL Server\120\Tools\Binn\;C:\Program Files (x86)\Microsoft SQL Server\120\DTS\Binn\;C:\Program Files\Intel\WiFi\bin\;C:\Program Files\Common Files\Intel\WirelessCommon\;C:\Program Files\MySQL\MySQL Shell 8.0\bin\;C:\Users\Default\.dotnet\tools;c:\pc2;C:\Program Files\Microsoft SQL Server\Client SDK\ODBC\170\Tools\Binn\;C:\ProgramData\chocolatey\bin;C:\Users\mberg8\AppData\Local\Microsoft\WindowsApps;C:\Users\mberg8\.dotnet\tools;C:\Users\mberg8\AppData\Local\Programs\Microsoft VS Code\bin;C:\Usersmberg8\Git\cmd
USERNAME=mberg8
OS=Windows_NT
PROCESSOR_IDENTIFIER=Intel64 Family 6 Model 158 Stepping 9, GenuineIntel



---------------  S Y S T E M  ---------------

OS: Windows 10.0 , 64 bit Build 18362 (10.0.18362.1110)

CPU:total 4 (initial active 4) (4 cores per cpu, 1 threads per core) family 6 model 158 stepping 9, cmov, cx8, fxsr, mmx, sse, sse2, sse3, ssse3, sse4.1, sse4.2, popcnt, avx, avx2, aes, clmul, erms, rtm, 3dnowpref, lzcnt, tsc, tscinvbit, bmi1, bmi2, adx

Memory: 4k page, physical 8264904k(1605036k free), swap 8801144k(5776k free)

vm_info: OpenJDK 64-Bit Server VM (25.242-b01) for windows-amd64 JRE (1.8.0_242-release-1644-b01), built by "builder" with MS VC++ 10.0 (VS2010)

time: Thu Jun 03 02:18:47 2021
timezone: Central Daylight Time
elapsed time: 516 seconds (0d 0h 8m 36s)

