#
# There is insufficient memory for the Java Runtime Environment to continue.
# Native memory allocation (malloc) failed to allocate 1057776 bytes for Chunk::new
# Possible reasons:
#   The system is out of physical RAM or swap space
#   The process is running with CompressedOops enabled, and the Java Heap may be blocking the growth of the native heap
# Possible solutions:
#   Reduce memory load on the system
#   Increase physical memory or swap space
#   Check if swap backing store is full
#   Decrease Java heap size (-Xmx/-Xms)
#   Decrease number of Java threads
#   Decrease Java thread stack sizes (-Xss)
#   Set larger code cache with -XX:ReservedCodeCacheSize=
#   JVM is running with Unscaled Compressed Oops mode in which the Java heap is
#     placed in the first 4GB address space. The Java Heap base address is the
#     maximum limit for the native heap growth. Please use -XX:HeapBaseMinAddress
#     to set the Java Heap base and to place the Java Heap above 4GB virtual address.
# This output file may be truncated or incomplete.
#
#  Out of Memory Error (allocation.cpp:389), pid=7512, tid=0x0000000000001228
#
# JRE version: OpenJDK Runtime Environment (8.0_242-b01) (build 1.8.0_242-release-1644-b01)
# Java VM: OpenJDK 64-Bit Server VM (25.242-b01 mixed mode windows-amd64 compressed oops)
# Failed to write core dump. Minidumps are not enabled by default on client versions of Windows
#

---------------  T H R E A D  ---------------

Current thread (0x0000000017a67800):  JavaThread "C2 CompilerThread0" daemon [_thread_in_native, id=4648, stack(0x00000000190b0000,0x00000000191b0000)]

Stack: [0x00000000190b0000,0x00000000191b0000]
[error occurred during error reporting (printing stack bounds), id 0xc0000005]

Native frames: (J=compiled Java code, j=interpreted, Vv=VM code, C=native code)


Current CompileTask:
C2:  28220 16053       4       com.android.tools.r8.z.a.a.f::a (3630 bytes)


---------------  P R O C E S S  ---------------

Java Threads: ( => current thread )
  0x00000000213b1000 JavaThread "Cache worker for Java compile cache (C:\Users\mberg8\Desktop\MD_Midterm\.gradle\6.5\javaCompile)" [_thread_blocked, id=9068, stack(0x000000002e600000,0x000000002e700000)]
  0x00000000213af000 JavaThread "Cache worker for Java compile cache (C:\Users\mberg8\.gradle\caches\6.5\javaCompile)" [_thread_blocked, id=7268, stack(0x000000002e500000,0x000000002e600000)]
  0x000000002b5d6800 JavaThread "stdout" [_thread_in_native, id=9664, stack(0x000000002da00000,0x000000002db00000)]
  0x000000002b5d5800 JavaThread "stderr" [_thread_in_native, id=5336, stack(0x000000002d900000,0x000000002da00000)]
  0x000000002b5d5000 JavaThread "stdout" [_thread_in_native, id=9884, stack(0x000000002d800000,0x000000002d900000)]
  0x000000002b5d2800 JavaThread "stderr" [_thread_in_native, id=8336, stack(0x000000002d700000,0x000000002d800000)]
  0x000000002b5d3800 JavaThread "stdout" [_thread_in_native, id=12524, stack(0x000000002d600000,0x000000002d700000)]
  0x000000002b5d4000 JavaThread "stderr" [_thread_in_native, id=11712, stack(0x000000002d500000,0x000000002d600000)]
  0x000000002b5cb000 JavaThread "stdout" [_thread_in_native, id=10144, stack(0x000000002d1a0000,0x000000002d2a0000)]
  0x000000002b5d2000 JavaThread "stderr" [_thread_in_native, id=11792, stack(0x000000002cf60000,0x000000002d060000)]
  0x000000002b5ca800 JavaThread "pool-2-thread-1" [_thread_blocked, id=2984, stack(0x000000002baa0000,0x000000002bba0000)]
  0x000000002b5d1000 JavaThread "WorkerExecutor Queue Thread 4" [_thread_blocked, id=6332, stack(0x000000002d400000,0x000000002d500000)]
  0x000000002b5d0800 JavaThread "WorkerExecutor Queue Thread 3" [_thread_blocked, id=5716, stack(0x000000002d300000,0x000000002d400000)]
  0x000000002b5cf800 JavaThread "WorkerExecutor Queue Thread 2" [_thread_blocked, id=12300, stack(0x000000002cc20000,0x000000002cd20000)]
  0x000000002b5c8000 JavaThread "WorkerExecutor Queue" [_thread_in_native, id=9496, stack(0x000000002d0a0000,0x000000002d1a0000)]
  0x000000002b5cc800 JavaThread "Cache worker for execution history cache (C:\Users\mberg8\Desktop\MD_Midterm\.gradle\6.5\executionHistory)" [_thread_blocked, id=8168, stack(0x000000002b9a0000,0x000000002baa0000)]
  0x000000002b5c9800 JavaThread "Execution worker for ':' Thread 3" [_thread_blocked, id=2780, stack(0x000000002b8a0000,0x000000002b9a0000)]
  0x000000002b5ce000 JavaThread "Execution worker for ':' Thread 2" [_thread_blocked, id=400, stack(0x000000002b7a0000,0x000000002b8a0000)]
  0x000000002b5cc000 JavaThread "Execution worker for ':'" [_thread_blocked, id=1344, stack(0x000000002b6a0000,0x000000002b7a0000)]
  0x000000002b5cd800 JavaThread "Cache worker for file content cache (C:\Users\mberg8\Desktop\MD_Midterm\.gradle\6.5\fileContent)" [_thread_blocked, id=7308, stack(0x000000002a5d0000,0x000000002a6d0000)]
  0x00000000209f5800 JavaThread "Memory manager" [_thread_blocked, id=1424, stack(0x00000000292b0000,0x00000000293b0000)]
  0x00000000209f3800 JavaThread "pool-1-thread-1" [_thread_blocked, id=5260, stack(0x0000000028db0000,0x0000000028eb0000)]
  0x00000000209f4000 JavaThread "Cache worker for Build Output Cleanup Cache (C:\Users\mberg8\Desktop\MD_Midterm\.gradle\buildOutputCleanup)" [_thread_blocked, id=8824, stack(0x0000000028cb0000,0x0000000028db0000)]
  0x00000000209f2800 JavaThread "jar transforms Thread 94" [_thread_blocked, id=8044, stack(0x00000000286f0000,0x00000000287f0000)]
  0x00000000209f5000 JavaThread "jar transforms Thread 93" [_thread_blocked, id=11820, stack(0x00000000285f0000,0x00000000286f0000)]
  0x00000000209f2000 JavaThread "jar transforms Thread 92" [_thread_blocked, id=7460, stack(0x00000000284f0000,0x00000000285f0000)]
  0x00000000209f1000 JavaThread "jar transforms Thread 91" [_thread_blocked, id=6528, stack(0x00000000283f0000,0x00000000284f0000)]
  0x00000000209f0800 JavaThread "jar transforms Thread 90" [_thread_blocked, id=6740, stack(0x00000000282f0000,0x00000000283f0000)]
  0x00000000209e9000 JavaThread "jar transforms Thread 89" [_thread_blocked, id=5996, stack(0x00000000281f0000,0x00000000282f0000)]
  0x00000000209ef800 JavaThread "jar transforms Thread 88" [_thread_blocked, id=8940, stack(0x00000000280f0000,0x00000000281f0000)]
  0x00000000209e8000 JavaThread "jar transforms Thread 87" [_thread_blocked, id=3272, stack(0x0000000027ff0000,0x00000000280f0000)]
  0x00000000209ef000 JavaThread "jar transforms Thread 86" [_thread_blocked, id=1296, stack(0x0000000027ef0000,0x0000000027ff0000)]
  0x00000000209e7800 JavaThread "jar transforms Thread 85" [_thread_blocked, id=8632, stack(0x0000000027df0000,0x0000000027ef0000)]
  0x00000000209ee000 JavaThread "jar transforms Thread 84" [_thread_blocked, id=8872, stack(0x0000000027cf0000,0x0000000027df0000)]
  0x00000000209e6800 JavaThread "jar transforms Thread 83" [_thread_blocked, id=2000, stack(0x0000000027bf0000,0x0000000027cf0000)]
  0x00000000209ea800 JavaThread "jar transforms Thread 82" [_thread_blocked, id=952, stack(0x0000000027af0000,0x0000000027bf0000)]
  0x00000000209ed800 JavaThread "jar transforms Thread 81" [_thread_blocked, id=13904, stack(0x00000000279f0000,0x0000000027af0000)]
  0x00000000209e9800 JavaThread "jar transforms Thread 80" [_thread_blocked, id=252, stack(0x00000000278f0000,0x00000000279f0000)]
  0x00000000209ec000 JavaThread "jar transforms Thread 79" [_thread_blocked, id=10676, stack(0x00000000277f0000,0x00000000278f0000)]
  0x00000000209ec800 JavaThread "jar transforms Thread 78" [_thread_blocked, id=8160, stack(0x00000000276f0000,0x00000000277f0000)]
  0x00000000209eb000 JavaThread "jar transforms Thread 77" [_thread_blocked, id=13680, stack(0x00000000275f0000,0x00000000276f0000)]
  0x0000000020ceb000 JavaThread "jar transforms Thread 76" [_thread_blocked, id=3004, stack(0x00000000274f0000,0x00000000275f0000)]
  0x0000000020ce5000 JavaThread "jar transforms Thread 75" [_thread_blocked, id=13684, stack(0x00000000273f0000,0x00000000274f0000)]
  0x0000000020ce7000 JavaThread "jar transforms Thread 74" [_thread_blocked, id=3084, stack(0x00000000272f0000,0x00000000273f0000)]
  0x0000000020cea000 JavaThread "jar transforms Thread 73" [_thread_blocked, id=11296, stack(0x00000000271f0000,0x00000000272f0000)]
  0x0000000020ce6800 JavaThread "jar transforms Thread 72" [_thread_blocked, id=8916, stack(0x00000000270f0000,0x00000000271f0000)]
  0x0000000020ce9800 JavaThread "jar transforms Thread 71" [_thread_blocked, id=9768, stack(0x0000000026ff0000,0x00000000270f0000)]
  0x0000000020ce8800 JavaThread "jar transforms Thread 70" [_thread_blocked, id=2520, stack(0x0000000026ef0000,0x0000000026ff0000)]
  0x0000000020ce8000 JavaThread "jar transforms Thread 69" [_thread_blocked, id=10632, stack(0x0000000026df0000,0x0000000026ef0000)]
  0x0000000020ce5800 JavaThread "jar transforms Thread 68" [_thread_blocked, id=8628, stack(0x0000000026cf0000,0x0000000026df0000)]
  0x0000000020cdf000 JavaThread "jar transforms Thread 67" [_thread_blocked, id=7924, stack(0x0000000026bf0000,0x0000000026cf0000)]
  0x0000000020cdd800 JavaThread "jar transforms Thread 66" [_thread_blocked, id=1808, stack(0x0000000026af0000,0x0000000026bf0000)]
  0x0000000020ce3800 JavaThread "jar transforms Thread 65" [_thread_blocked, id=10184, stack(0x00000000269f0000,0x0000000026af0000)]
  0x0000000020ce4000 JavaThread "jar transforms Thread 64" [_thread_blocked, id=1700, stack(0x00000000268f0000,0x00000000269f0000)]
  0x0000000020cdc800 JavaThread "jar transforms Thread 63" [_thread_blocked, id=10396, stack(0x00000000267f0000,0x00000000268f0000)]
  0x0000000020ce0800 JavaThread "jar transforms Thread 62" [_thread_blocked, id=9196, stack(0x00000000266f0000,0x00000000267f0000)]
  0x0000000020ce2000 JavaThread "jar transforms Thread 61" [_thread_blocked, id=13172, stack(0x00000000265f0000,0x00000000266f0000)]
  0x0000000020cdc000 JavaThread "jar transforms Thread 60" [_thread_blocked, id=2028, stack(0x00000000264f0000,0x00000000265f0000)]
  0x0000000020cde000 JavaThread "jar transforms Thread 59" [_thread_blocked, id=7888, stack(0x00000000263f0000,0x00000000264f0000)]
  0x0000000020cdf800 JavaThread "jar transforms Thread 58" [_thread_blocked, id=9620, stack(0x00000000262f0000,0x00000000263f0000)]
  0x0000000020ce2800 JavaThread "jar transforms Thread 57" [_thread_blocked, id=10404, stack(0x00000000261f0000,0x00000000262f0000)]
  0x0000000020ce1000 JavaThread "jar transforms Thread 56" [_thread_blocked, id=10148, stack(0x00000000260f0000,0x00000000261f0000)]
  0x00000000210b5000 JavaThread "jar transforms Thread 55" [_thread_blocked, id=8984, stack(0x0000000025ff0000,0x00000000260f0000)]
  0x00000000210b4000 JavaThread "jar transforms Thread 54" [_thread_blocked, id=13556, stack(0x0000000025ef0000,0x0000000025ff0000)]
  0x00000000210ac800 JavaThread "jar transforms Thread 53" [_thread_blocked, id=10708, stack(0x0000000025df0000,0x0000000025ef0000)]
  0x00000000210b3800 JavaThread "jar transforms Thread 52" [_thread_blocked, id=14228, stack(0x0000000025cf0000,0x0000000025df0000)]
  0x00000000210ae800 JavaThread "jar transforms Thread 51" [_thread_blocked, id=8272, stack(0x0000000025bf0000,0x0000000025cf0000)]
  0x00000000210b2800 JavaThread "jar transforms Thread 50" [_thread_blocked, id=6180, stack(0x0000000025af0000,0x0000000025bf0000)]
  0x00000000210b1800 JavaThread "jar transforms Thread 49" [_thread_blocked, id=12424, stack(0x00000000259f0000,0x0000000025af0000)]
  0x00000000210ae000 JavaThread "jar transforms Thread 48" [_thread_blocked, id=7804, stack(0x00000000258f0000,0x00000000259f0000)]
  0x00000000210b0000 JavaThread "jar transforms Thread 47" [_thread_blocked, id=10116, stack(0x00000000257f0000,0x00000000258f0000)]
  0x00000000210b1000 JavaThread "jar transforms Thread 46" [_thread_blocked, id=12296, stack(0x00000000256f0000,0x00000000257f0000)]
  0x00000000210af800 JavaThread "jar transforms Thread 45" [_thread_blocked, id=12440, stack(0x00000000255f0000,0x00000000256f0000)]
  0x00000000210ad000 JavaThread "jar transforms Thread 44" [_thread_blocked, id=8588, stack(0x00000000254f0000,0x00000000255f0000)]
  0x00000000210a6800 JavaThread "jar transforms Thread 43" [_thread_blocked, id=12548, stack(0x00000000253f0000,0x00000000254f0000)]
  0x00000000210ab800 JavaThread "jar transforms Thread 42" [_thread_blocked, id=11004, stack(0x00000000252f0000,0x00000000253f0000)]
  0x00000000210a8000 JavaThread "jar transforms Thread 41" [_thread_blocked, id=3604, stack(0x00000000251f0000,0x00000000252f0000)]
  0x00000000210a7000 JavaThread "jar transforms Thread 40" [_thread_blocked, id=13476, stack(0x00000000250f0000,0x00000000251f0000)]
  0x00000000210ab000 JavaThread "jar transforms Thread 39" [_thread_blocked, id=9592, stack(0x0000000024ff0000,0x00000000250f0000)]
  0x00000000210aa000 JavaThread "jar transforms Thread 38" [_thread_blocked, id=14280, stack(0x0000000024ef0000,0x0000000024ff0000)]
  0x00000000210a5800 JavaThread "jar transforms Thread 37" [_thread_blocked, id=5028, stack(0x0000000024df0000,0x0000000024ef0000)]
  0x00000000210a9800 JavaThread "jar transforms Thread 36" [_thread_blocked, id=4872, stack(0x0000000024cf0000,0x0000000024df0000)]
  0x00000000210a8800 JavaThread "jar transforms Thread 35" [_thread_blocked, id=7728, stack(0x0000000024bf0000,0x0000000024cf0000)]
  0x0000000020cfb800 JavaThread "jar transforms Thread 34" [_thread_blocked, id=10376, stack(0x0000000024af0000,0x0000000024bf0000)]
  0x0000000020cfa000 JavaThread "jar transforms Thread 33" [_thread_blocked, id=11164, stack(0x00000000249f0000,0x0000000024af0000)]
  0x0000000020cfe800 JavaThread "jar transforms Thread 32" [_thread_blocked, id=5404, stack(0x00000000248f0000,0x00000000249f0000)]
  0x0000000020cf9000 JavaThread "jar transforms Thread 31" [_thread_blocked, id=2772, stack(0x00000000247f0000,0x00000000248f0000)]
  0x0000000020cfd000 JavaThread "jar transforms Thread 30" [_thread_blocked, id=8212, stack(0x00000000246f0000,0x00000000247f0000)]
  0x0000000020cf8800 JavaThread "jar transforms Thread 29" [_thread_blocked, id=10908, stack(0x00000000245f0000,0x00000000246f0000)]
  0x0000000020cfc800 JavaThread "jar transforms Thread 28" [_thread_blocked, id=11372, stack(0x00000000244f0000,0x00000000245f0000)]
  0x0000000020cfa800 JavaThread "jar transforms Thread 27" [_thread_blocked, id=9164, stack(0x00000000243f0000,0x00000000244f0000)]
  0x0000000020cfe000 JavaThread "jar transforms Thread 26" [_thread_blocked, id=1528, stack(0x00000000242f0000,0x00000000243f0000)]
  0x0000000020cf1000 JavaThread "jar transforms Thread 25" [_thread_blocked, id=5568, stack(0x00000000241f0000,0x00000000242f0000)]
  0x0000000020cf7800 JavaThread "jar transforms Thread 24" [_thread_blocked, id=13124, stack(0x00000000240f0000,0x00000000241f0000)]
  0x0000000020cf0000 JavaThread "jar transforms Thread 23" [_thread_blocked, id=7076, stack(0x0000000023ff0000,0x00000000240f0000)]
  0x0000000020cf1800 JavaThread "jar transforms Thread 22" [_thread_blocked, id=5316, stack(0x0000000023ef0000,0x0000000023ff0000)]
  0x0000000020cf7000 JavaThread "jar transforms Thread 21" [_thread_blocked, id=8844, stack(0x0000000023df0000,0x0000000023ef0000)]
  0x0000000020cef800 JavaThread "jar transforms Thread 20" [_thread_blocked, id=9204, stack(0x0000000023cf0000,0x0000000023df0000)]
  0x0000000020cf3000 JavaThread "jar transforms Thread 19" [_thread_blocked, id=9304, stack(0x0000000023bf0000,0x0000000023cf0000)]
  0x0000000020cf4800 JavaThread "jar transforms Thread 18" [_thread_blocked, id=10128, stack(0x0000000023af0000,0x0000000023bf0000)]
  0x0000000020cf5800 JavaThread "jar transforms Thread 17" [_thread_blocked, id=10892, stack(0x00000000239f0000,0x0000000023af0000)]
  0x0000000020cf2800 JavaThread "jar transforms Thread 16" [_thread_blocked, id=12592, stack(0x00000000238f0000,0x00000000239f0000)]
  0x0000000020cf4000 JavaThread "jar transforms Thread 15" [_thread_blocked, id=1856, stack(0x00000000237f0000,0x00000000238f0000)]
  0x0000000020cf6000 JavaThread "jar transforms Thread 14" [_thread_blocked, id=5472, stack(0x00000000236f0000,0x00000000237f0000)]
  0x000000001b669800 JavaThread "jar transforms Thread 13" [_thread_blocked, id=1360, stack(0x00000000235f0000,0x00000000236f0000)]
  0x000000001b668000 JavaThread "jar transforms Thread 12" [_thread_blocked, id=12468, stack(0x00000000234f0000,0x00000000235f0000)]
  0x000000001b667000 JavaThread "jar transforms Thread 11" [_thread_blocked, id=9532, stack(0x00000000233f0000,0x00000000234f0000)]
  0x000000001b666800 JavaThread "jar transforms Thread 10" [_thread_blocked, id=4144, stack(0x00000000232f0000,0x00000000233f0000)]
  0x000000001b668800 JavaThread "jar transforms Thread 9" [_thread_blocked, id=8432, stack(0x00000000231f0000,0x00000000232f0000)]
  0x000000001b665800 JavaThread "jar transforms Thread 8" [_thread_blocked, id=10628, stack(0x00000000230f0000,0x00000000231f0000)]
  0x000000001b66a800 JavaThread "jar transforms Thread 7" [_thread_blocked, id=6456, stack(0x0000000022ff0000,0x00000000230f0000)]
  0x000000001b664000 JavaThread "jar transforms Thread 6" [_thread_blocked, id=8368, stack(0x0000000022ef0000,0x0000000022ff0000)]
  0x000000001b663800 JavaThread "jar transforms Thread 5" [_thread_blocked, id=8392, stack(0x0000000022df0000,0x0000000022ef0000)]
  0x000000001b665000 JavaThread "jar transforms Thread 4" [_thread_blocked, id=7596, stack(0x0000000022cf0000,0x0000000022df0000)]
  0x000000001b65c000 JavaThread "jar transforms Thread 3" [_thread_blocked, id=11640, stack(0x0000000022bf0000,0x0000000022cf0000)]
  0x000000001b662800 JavaThread "jar transforms Thread 2" [_thread_blocked, id=1708, stack(0x0000000022af0000,0x0000000022bf0000)]
  0x000000001b65f800 JavaThread "Build operations Thread 4" [_thread_in_native, id=3208, stack(0x00000000229f0000,0x0000000022af0000)]
  0x000000001b65f000 JavaThread "Build operations Thread 3" [_thread_in_vm, id=6016, stack(0x00000000228f0000,0x00000000229f0000)]
  0x000000001b65e000 JavaThread "Build operations Thread 2" [_thread_blocked, id=12308, stack(0x00000000227f0000,0x00000000228f0000)]
  0x000000001b65c800 JavaThread "Build operations" [_thread_blocked, id=3868, stack(0x00000000226f0000,0x00000000227f0000)]
  0x000000001b507000 JavaThread "Cache worker for file content cache (C:\Users\mberg8\.gradle\caches\6.5\fileContent)" [_thread_blocked, id=13840, stack(0x0000000021ff0000,0x00000000220f0000)]
  0x000000001b504000 JavaThread "jar transforms" [_thread_blocked, id=9244, stack(0x0000000021650000,0x0000000021750000)]
  0x000000001b506800 JavaThread "Cache worker for execution history cache (C:\Users\mberg8\.gradle\caches\6.5\executionHistory)" [_thread_blocked, id=6068, stack(0x0000000021550000,0x0000000021650000)]
  0x000000001b505800 JavaThread "Cache worker for cache directory md-rule (C:\Users\mberg8\.gradle\caches\6.5\md-rule)" [_thread_blocked, id=9084, stack(0x0000000021450000,0x0000000021550000)]
  0x000000001b509800 JavaThread "Cache worker for cache directory md-supplier (C:\Users\mberg8\.gradle\caches\6.5\md-supplier)" [_thread_blocked, id=6296, stack(0x0000000020290000,0x0000000020390000)]
  0x000000001b508800 JavaThread "Cache worker for checksums cache (C:\Users\mberg8\Desktop\MD_Midterm\.gradle\checksums)" [_thread_blocked, id=10268, stack(0x000000001f100000,0x000000001f200000)]
  0x000000001b503000 JavaThread "Cache worker for file hash cache (C:\Users\mberg8\Desktop\MD_Midterm\.gradle\6.5\fileHashes)" [_thread_blocked, id=3840, stack(0x000000001dbd0000,0x000000001dcd0000)]
  0x000000001b504800 JavaThread "Cache worker for file hash cache (C:\Users\mberg8\.gradle\caches\6.5\fileHashes)" [_thread_blocked, id=8468, stack(0x000000001dad0000,0x000000001dbd0000)]
  0x000000001b50a000 JavaThread "File lock request listener" [_thread_in_native, id=9260, stack(0x000000001d9d0000,0x000000001dad0000)]
  0x0000000019c2c000 JavaThread "Cache worker for journal cache (C:\Users\mberg8\.gradle\caches\journal-1)" [_thread_blocked, id=12680, stack(0x000000001d7d0000,0x000000001d8d0000)]
  0x000000001b43e000 JavaThread "Thread-9" [_thread_blocked, id=480, stack(0x000000001d4d0000,0x000000001d5d0000)]
  0x000000001b449000 JavaThread "Stdin handler" [_thread_blocked, id=7812, stack(0x000000001d3d0000,0x000000001d4d0000)]
  0x000000001b43b800 JavaThread "Asynchronous log dispatcher for DefaultDaemonConnection: socket connection from /127.0.0.1:63423 to /127.0.0.1:63424" [_thread_blocked, id=13168, stack(0x000000001d2d0000,0x000000001d3d0000)]
  0x000000001b431800 JavaThread "Daemon worker" [_thread_blocked, id=1900, stack(0x000000001d1d0000,0x000000001d2d0000)]
  0x000000001b449800 JavaThread "Cancel handler" [_thread_blocked, id=2060, stack(0x000000001d0d0000,0x000000001d1d0000)]
  0x000000001b3d3800 JavaThread "Handler for socket connection from /127.0.0.1:63423 to /127.0.0.1:63424" [_thread_in_native, id=1988, stack(0x000000001cdd0000,0x000000001ced0000)]
  0x000000001b3d0800 JavaThread "Daemon" [_thread_blocked, id=9472, stack(0x000000001ccd0000,0x000000001cdd0000)]
  0x000000001b368800 JavaThread "Daemon periodic checks" [_thread_blocked, id=10692, stack(0x000000001cbd0000,0x000000001ccd0000)]
  0x000000001b36e000 JavaThread "Incoming local TCP Connector on port 63423" [_thread_in_native, id=11776, stack(0x000000001c990000,0x000000001ca90000)]
  0x0000000019777000 JavaThread "Daemon health stats" [_thread_blocked, id=3420, stack(0x000000001c350000,0x000000001c450000)]
  0x0000000017abd800 JavaThread "Service Thread" daemon [_thread_blocked, id=2972, stack(0x00000000197b0000,0x00000000198b0000)]
  0x0000000017a72800 JavaThread "C1 CompilerThread2" daemon [_thread_in_native_trans, id=2728, stack(0x00000000192b0000,0x00000000193b0000)]
  0x0000000017a6b800 JavaThread "C2 CompilerThread1" daemon [_thread_in_native, id=9804, stack(0x00000000191b0000,0x00000000192b0000)]
=>0x0000000017a67800 JavaThread "C2 CompilerThread0" daemon [_thread_in_native, id=4648, stack(0x00000000190b0000,0x00000000191b0000)]
  0x0000000017a66800 JavaThread "Attach Listener" daemon [_thread_blocked, id=7680, stack(0x0000000018fb0000,0x00000000190b0000)]
  0x0000000017a65800 JavaThread "Signal Dispatcher" daemon [_thread_blocked, id=10216, stack(0x0000000018eb0000,0x0000000018fb0000)]
  0x0000000002dcd000 JavaThread "Finalizer" daemon [_thread_blocked, id=4272, stack(0x0000000018cb0000,0x0000000018db0000)]
  0x0000000017a48800 JavaThread "Reference Handler" daemon [_thread_blocked, id=11344, stack(0x0000000018bb0000,0x0000000018cb0000)]
  0x0000000002cd2800 JavaThread "main" [_thread_blocked, id=12736, stack(0x0000000002b80000,0x0000000002c80000)]

Other Threads:
  0x0000000017a25800 VMThread [stack: 0x0000000018ab0000,0x0000000018bb0000] [id=10716]
  0x0000000017abe000 WatcherThread [stack: 0x00000000198b0000,0x00000000199b0000] [id=10804]

VM state:not at safepoint (normal execution)

VM Mutex/Monitor currently owned by a thread: None

heap address: 0x0000000080000000, size: 2048 MB, Compressed Oops mode: 32-bit
Narrow klass base: 0x0000000000000000, Narrow klass shift: 3
Compressed class space size: 1073741824 Address: 0x0000000100000000

Heap:
 PSYoungGen      total 399872K, used 303798K [0x00000000d5580000, 0x00000000efb80000, 0x0000000100000000)
  eden space 374784K, 74% used [0x00000000d5580000,0x00000000e6766df0,0x00000000ec380000)
  from space 25088K, 92% used [0x00000000ee300000,0x00000000ef9c6bf8,0x00000000efb80000)
  to   space 28672K, 0% used [0x00000000ec380000,0x00000000ec380000,0x00000000edf80000)
 ParOldGen       total 106496K, used 47482K [0x0000000080000000, 0x0000000086800000, 0x00000000d5580000)
  object space 106496K, 44% used [0x0000000080000000,0x0000000082e5e8b8,0x0000000086800000)
 Metaspace       used 89224K, capacity 94046K, committed 94232K, reserved 1130496K
  class space    used 11960K, capacity 12848K, committed 12848K, reserved 1048576K

Card table byte_map: [0x0000000012200000,0x0000000012610000] byte_map_base: 0x0000000011e00000

Marking Bits: (ParMarkBitMap*) 0x000000006df8f030
 Begin Bits: [0x0000000012cc0000, 0x0000000014cc0000)
 End Bits:   [0x0000000014cc0000, 0x0000000016cc0000)

Polling page: 0x0000000000e50000

CodeCache: size=245760Kb used=43722Kb max_used=44768Kb free=202037Kb
 bounds [0x0000000002e40000, 0x0000000005a60000, 0x0000000011e40000]
 total_blobs=14264 nmethods=13397 adapters=778
 compilation: enabled

Compilation events (10 events):
Event: 28.211 Thread 0x0000000017a6b800 nmethod 16157 0x00000000049d0a90 code [0x00000000049d0bc0, 0x00000000049d0c38]
Event: 28.211 Thread 0x0000000017a6b800 16147       4       com.android.tools.r8.s.b.o::m (83 bytes)
Event: 28.213 Thread 0x0000000017a6b800 nmethod 16147 0x00000000034f6a50 code [0x00000000034f6ba0, 0x00000000034f6d18]
Event: 28.213 Thread 0x0000000017a6b800 16142       4       com.android.tools.r8.s.b.q1::W (80 bytes)
Event: 28.213 Thread 0x0000000017a6b800 nmethod 16142 0x0000000003735d10 code [0x0000000003735e40, 0x0000000003735eb8]
Event: 28.213 Thread 0x0000000017a6b800 16145       4       com.android.tools.r8.s.a.h.f::g (4 bytes)
Event: 28.214 Thread 0x0000000017a6b800 nmethod 16145 0x000000000594c190 code [0x000000000594c2c0, 0x000000000594c318]
Event: 28.214 Thread 0x0000000017a6b800 16146       4       com.android.tools.r8.s.a.h.e::a (17 bytes)
Event: 28.216 Thread 0x0000000017a6b800 nmethod 16146 0x0000000003058850 code [0x00000000030589c0, 0x0000000003058be8]
Event: 28.216 Thread 0x0000000017a6b800 16165       4       com.android.tools.r8.graph.I0::a (102 bytes)

GC Heap History (10 events):
Event: 7.151 GC heap before
{Heap before GC invocations=15 (full 3):
 PSYoungGen      total 266240K, used 3985K [0x00000000d5580000, 0x00000000e7600000, 0x0000000100000000)
  eden space 245760K, 0% used [0x00000000d5580000,0x00000000d5580000,0x00000000e4580000)
  from space 20480K, 19% used [0x00000000e5980000,0x00000000e5d64450,0x00000000e6d80000)
  to   space 20480K, 0% used [0x00000000e4580000,0x00000000e4580000,0x00000000e5980000)
 ParOldGen       total 69120K, used 43053K [0x0000000080000000, 0x0000000084380000, 0x00000000d5580000)
  object space 69120K, 62% used [0x0000000080000000,0x0000000082a0b690,0x0000000084380000)
 Metaspace       used 56682K, capacity 59060K, committed 59160K, reserved 1099776K
  class space    used 7757K, capacity 8234K, committed 8240K, reserved 1048576K
Event: 7.371 GC heap after
Heap after GC invocations=15 (full 3):
 PSYoungGen      total 266240K, used 0K [0x00000000d5580000, 0x00000000e7600000, 0x0000000100000000)
  eden space 245760K, 0% used [0x00000000d5580000,0x00000000d5580000,0x00000000e4580000)
  from space 20480K, 0% used [0x00000000e5980000,0x00000000e5980000,0x00000000e6d80000)
  to   space 20480K, 0% used [0x00000000e4580000,0x00000000e4580000,0x00000000e5980000)
 ParOldGen       total 106496K, used 33507K [0x0000000080000000, 0x0000000086800000, 0x00000000d5580000)
  object space 106496K, 31% used [0x0000000080000000,0x00000000820b8cd8,0x0000000086800000)
 Metaspace       used 56672K, capacity 59024K, committed 59160K, reserved 1099776K
  class space    used 7754K, capacity 8228K, committed 8240K, reserved 1048576K
}
Event: 10.208 GC heap before
{Heap before GC invocations=16 (full 3):
 PSYoungGen      total 266240K, used 245760K [0x00000000d5580000, 0x00000000e7600000, 0x0000000100000000)
  eden space 245760K, 100% used [0x00000000d5580000,0x00000000e4580000,0x00000000e4580000)
  from space 20480K, 0% used [0x00000000e5980000,0x00000000e5980000,0x00000000e6d80000)
  to   space 20480K, 0% used [0x00000000e4580000,0x00000000e4580000,0x00000000e5980000)
 ParOldGen       total 106496K, used 33507K [0x0000000080000000, 0x0000000086800000, 0x00000000d5580000)
  object space 106496K, 31% used [0x0000000080000000,0x00000000820b8cd8,0x0000000086800000)
 Metaspace       used 65129K, capacity 68142K, committed 68248K, reserved 1107968K
  class space    used 8950K, capacity 9557K, committed 9648K, reserved 1048576K
Event: 10.239 GC heap after
Heap after GC invocations=16 (full 3):
 PSYoungGen      total 266240K, used 20451K [0x00000000d5580000, 0x00000000ebf00000, 0x0000000100000000)
  eden space 245760K, 0% used [0x00000000d5580000,0x00000000d5580000,0x00000000e4580000)
  from space 20480K, 99% used [0x00000000e4580000,0x00000000e5978df0,0x00000000e5980000)
  to   space 25088K, 0% used [0x00000000ea680000,0x00000000ea680000,0x00000000ebf00000)
 ParOldGen       total 106496K, used 36719K [0x0000000080000000, 0x0000000086800000, 0x00000000d5580000)
  object space 106496K, 34% used [0x0000000080000000,0x00000000823dbc98,0x0000000086800000)
 Metaspace       used 65129K, capacity 68142K, committed 68248K, reserved 1107968K
  class space    used 8950K, capacity 9557K, committed 9648K, reserved 1048576K
}
Event: 13.740 GC heap before
{Heap before GC invocations=17 (full 3):
 PSYoungGen      total 266240K, used 266211K [0x00000000d5580000, 0x00000000ebf00000, 0x0000000100000000)
  eden space 245760K, 100% used [0x00000000d5580000,0x00000000e4580000,0x00000000e4580000)
  from space 20480K, 99% used [0x00000000e4580000,0x00000000e5978df0,0x00000000e5980000)
  to   space 25088K, 0% used [0x00000000ea680000,0x00000000ea680000,0x00000000ebf00000)
 ParOldGen       total 106496K, used 36719K [0x0000000080000000, 0x0000000086800000, 0x00000000d5580000)
  object space 106496K, 34% used [0x0000000080000000,0x00000000823dbc98,0x0000000086800000)
 Metaspace       used 69662K, capacity 72770K, committed 72856K, reserved 1112064K
  class space    used 9502K, capacity 10095K, committed 10160K, reserved 1048576K
Event: 13.756 GC heap after
Heap after GC invocations=17 (full 3):
 PSYoungGen      total 324608K, used 6413K [0x00000000d5580000, 0x00000000eb400000, 0x0000000100000000)
  eden space 310784K, 0% used [0x00000000d5580000,0x00000000d5580000,0x00000000e8500000)
  from space 13824K, 46% used [0x00000000ea680000,0x00000000eacc34b8,0x00000000eb400000)
  to   space 24064K, 0% used [0x00000000e8500000,0x00000000e8500000,0x00000000e9c80000)
 ParOldGen       total 106496K, used 47466K [0x0000000080000000, 0x0000000086800000, 0x00000000d5580000)
  object space 106496K, 44% used [0x0000000080000000,0x0000000082e5a8b8,0x0000000086800000)
 Metaspace       used 69662K, capacity 72770K, committed 72856K, reserved 1112064K
  class space    used 9502K, capacity 10095K, committed 10160K, reserved 1048576K
}
Event: 20.262 GC heap before
{Heap before GC invocations=18 (full 3):
 PSYoungGen      total 324608K, used 317197K [0x00000000d5580000, 0x00000000eb400000, 0x0000000100000000)
  eden space 310784K, 100% used [0x00000000d5580000,0x00000000e8500000,0x00000000e8500000)
  from space 13824K, 46% used [0x00000000ea680000,0x00000000eacc34b8,0x00000000eb400000)
  to   space 24064K, 0% used [0x00000000e8500000,0x00000000e8500000,0x00000000e9c80000)
 ParOldGen       total 106496K, used 47466K [0x0000000080000000, 0x0000000086800000, 0x00000000d5580000)
  object space 106496K, 44% used [0x0000000080000000,0x0000000082e5a8b8,0x0000000086800000)
 Metaspace       used 73449K, capacity 77038K, committed 77208K, reserved 1116160K
  class space    used 9918K, capacity 10573K, committed 10672K, reserved 1048576K
Event: 20.280 GC heap after
Heap after GC invocations=18 (full 3):
 PSYoungGen      total 334848K, used 17794K [0x00000000d5580000, 0x00000000efc00000, 0x0000000100000000)
  eden space 310784K, 0% used [0x00000000d5580000,0x00000000d5580000,0x00000000e8500000)
  from space 24064K, 73% used [0x00000000e8500000,0x00000000e9660a98,0x00000000e9c80000)
  to   space 25600K, 0% used [0x00000000ee300000,0x00000000ee300000,0x00000000efc00000)
 ParOldGen       total 106496K, used 47474K [0x0000000080000000, 0x0000000086800000, 0x00000000d5580000)
  object space 106496K, 44% used [0x0000000080000000,0x0000000082e5c8b8,0x0000000086800000)
 Metaspace       used 73449K, capacity 77038K, committed 77208K, reserved 1116160K
  class space    used 9918K, capacity 10573K, committed 10672K, reserved 1048576K
}
Event: 25.165 GC heap before
{Heap before GC invocations=19 (full 3):
 PSYoungGen      total 334848K, used 328578K [0x00000000d5580000, 0x00000000efc00000, 0x0000000100000000)
  eden space 310784K, 100% used [0x00000000d5580000,0x00000000e8500000,0x00000000e8500000)
  from space 24064K, 73% used [0x00000000e8500000,0x00000000e9660a98,0x00000000e9c80000)
  to   space 25600K, 0% used [0x00000000ee300000,0x00000000ee300000,0x00000000efc00000)
 ParOldGen       total 106496K, used 47474K [0x0000000080000000, 0x0000000086800000, 0x00000000d5580000)
  object space 106496K, 44% used [0x0000000080000000,0x0000000082e5c8b8,0x0000000086800000)
 Metaspace       used 79873K, capacity 83576K, committed 83864K, reserved 1122304K
  class space    used 10665K, capacity 11361K, committed 11440K, reserved 1048576K
Event: 25.210 GC heap after
Heap after GC invocations=19 (full 3):
 PSYoungGen      total 399872K, used 23322K [0x00000000d5580000, 0x00000000efb80000, 0x0000000100000000)
  eden space 374784K, 0% used [0x00000000d5580000,0x00000000d5580000,0x00000000ec380000)
  from space 25088K, 92% used [0x00000000ee300000,0x00000000ef9c6bf8,0x00000000efb80000)
  to   space 28672K, 0% used [0x00000000ec380000,0x00000000ec380000,0x00000000edf80000)
 ParOldGen       total 106496K, used 47482K [0x0000000080000000, 0x0000000086800000, 0x00000000d5580000)
  object space 106496K, 44% used [0x0000000080000000,0x0000000082e5e8b8,0x0000000086800000)
 Metaspace       used 79873K, capacity 83576K, committed 83864K, reserved 1122304K
  class space    used 10665K, capacity 11361K, committed 11440K, reserved 1048576K
}

Deoptimization events (10 events):
Event: 28.177 Thread 0x000000001b65f800 Uncommon trap: reason=class_check action=maybe_recompile pc=0x00000000057624b0 method=com.android.tools.r8.s.b.o.b(ILcom/android/tools/r8/s/b/o$c;)Lcom/android/tools/r8/s/b/q1; @ 60
Event: 28.177 Thread 0x000000001b65f800 Uncommon trap: reason=class_check action=maybe_recompile pc=0x00000000058a95f8 method=com.android.tools.r8.s.b.o.a(ILcom/android/tools/r8/s/b/q1;Lcom/android/tools/r8/s/b/o$c;)V @ 28
Event: 28.177 Thread 0x000000001b65f800 Uncommon trap: reason=class_check action=maybe_recompile pc=0x000000000589fb6c method=com.android.tools.r8.ir.conversion.N.a(Lcom/android/tools/r8/s/b/q1;Lcom/android/tools/r8/s/b/t1;)V @ 29
Event: 28.177 Thread 0x000000001b65f800 Uncommon trap: reason=class_check action=maybe_recompile pc=0x00000000058a95f8 method=com.android.tools.r8.s.b.o.a(ILcom/android/tools/r8/s/b/q1;Lcom/android/tools/r8/s/b/o$c;)V @ 28
Event: 28.177 Thread 0x000000001b65f800 Uncommon trap: reason=class_check action=maybe_recompile pc=0x00000000057624b0 method=com.android.tools.r8.s.b.o.b(ILcom/android/tools/r8/s/b/o$c;)Lcom/android/tools/r8/s/b/q1; @ 60
Event: 28.177 Thread 0x000000001b65f800 Uncommon trap: reason=class_check action=maybe_recompile pc=0x00000000058a95f8 method=com.android.tools.r8.s.b.o.a(ILcom/android/tools/r8/s/b/q1;Lcom/android/tools/r8/s/b/o$c;)V @ 28
Event: 28.177 Thread 0x000000001b65f800 Uncommon trap: reason=class_check action=maybe_recompile pc=0x000000000589fb6c method=com.android.tools.r8.ir.conversion.N.a(Lcom/android/tools/r8/s/b/q1;Lcom/android/tools/r8/s/b/t1;)V @ 29
Event: 28.180 Thread 0x000000001b65f800 Uncommon trap: reason=unstable_if action=reinterpret pc=0x00000000058d8104 method=com.android.tools.r8.s.a.h.e.b(Lcom/android/tools/r8/s/b/k0;)V @ 107
Event: 28.181 Thread 0x000000001b65f800 Uncommon trap: reason=unstable_if action=reinterpret pc=0x00000000058a7780 method=com.android.tools.r8.s.b.q1.R()Z @ 17
Event: 28.193 Thread 0x000000001b65f800 Uncommon trap: reason=bimorphic action=maybe_recompile pc=0x00000000045afb98 method=java.util.Collections$UnmodifiableCollection.contains(Ljava/lang/Object;)Z @ 5

Classes redefined (0 events):
No events

Internal exceptions (10 events):
Event: 27.493 Thread 0x000000002b5cf800 Exception <a 'sun/nio/fs/WindowsException'> (0x00000000e0b58810) thrown at [C:\src\AOSP-openjdk-git\hotspot\src\share\vm\prims\jni.cpp, line 710]
Event: 27.513 Thread 0x000000002b5cf800 Exception <a 'sun/nio/fs/WindowsException'> (0x00000000e0b5e670) thrown at [C:\src\AOSP-openjdk-git\hotspot\src\share\vm\prims\jni.cpp, line 710]
Event: 27.528 Thread 0x000000002b5cf800 Exception <a 'sun/nio/fs/WindowsException'> (0x00000000e0b644d0) thrown at [C:\src\AOSP-openjdk-git\hotspot\src\share\vm\prims\jni.cpp, line 710]
Event: 27.559 Thread 0x000000002b5cf800 Exception <a 'sun/nio/fs/WindowsException'> (0x00000000e0b6a380) thrown at [C:\src\AOSP-openjdk-git\hotspot\src\share\vm\prims\jni.cpp, line 710]
Event: 27.566 Thread 0x000000002b5cf800 Exception <a 'sun/nio/fs/WindowsException'> (0x00000000e0b701e0) thrown at [C:\src\AOSP-openjdk-git\hotspot\src\share\vm\prims\jni.cpp, line 710]
Event: 27.579 Thread 0x000000002b5cf800 Exception <a 'sun/nio/fs/WindowsException'> (0x00000000e0b76040) thrown at [C:\src\AOSP-openjdk-git\hotspot\src\share\vm\prims\jni.cpp, line 710]
Event: 27.592 Thread 0x000000002b5cf800 Exception <a 'sun/nio/fs/WindowsException'> (0x00000000e0d7c048) thrown at [C:\src\AOSP-openjdk-git\hotspot\src\share\vm\prims\jni.cpp, line 710]
Event: 28.080 Thread 0x000000001b65f800 Exception <a 'sun/nio/fs/WindowsException'> (0x00000000e3e67798) thrown at [C:\src\AOSP-openjdk-git\hotspot\src\share\vm\prims\jni.cpp, line 710]
Event: 28.118 Thread 0x000000001b65f000 Exception <a 'sun/nio/fs/WindowsException'> (0x00000000e4b848c8) thrown at [C:\src\AOSP-openjdk-git\hotspot\src\share\vm\prims\jni.cpp, line 710]
Event: 28.151 Thread 0x000000001b65e000 Exception <a 'sun/nio/fs/WindowsException'> (0x00000000e5489cf0) thrown at [C:\src\AOSP-openjdk-git\hotspot\src\share\vm\prims\jni.cpp, line 710]

Events (10 events):
Event: 28.199 Thread 0x0000000017a72800 flushing nmethod 0x0000000003a55110
Event: 28.199 Thread 0x0000000017a72800 flushing nmethod 0x0000000003a55450
Event: 28.199 Thread 0x0000000017a72800 flushing nmethod 0x0000000003a98950
Event: 28.199 Thread 0x0000000017a72800 flushing nmethod 0x0000000003a99550
Event: 28.202 Thread 0x000000001b65f000 DEOPT PACKING pc=0x000000000547f954 sp=0x00000000229eb0d0
Event: 28.202 Thread 0x000000001b65f000 DEOPT UNPACKING pc=0x0000000002e875d0 sp=0x00000000229eae38 mode 0
Event: 28.205 loading class java/util/IdentityHashMap$1
Event: 28.205 loading class java/util/IdentityHashMap$1 done
Event: 28.207 Thread 0x000000001b65f000 DEOPT PACKING pc=0x000000000547f954 sp=0x00000000229eb0d0
Event: 28.207 Thread 0x000000001b65f000 DEOPT UNPACKING pc=0x0000000002e875d0 sp=0x00000000229eae38 mode 0


Dynamic libraries:
0x00007ff6316d0000 - 0x00007ff631701000 	C:\Program Files\Android\Android Studio\jre\bin\java.exe
0x00007ffdb0900000 - 0x00007ffdb0af0000 	C:\WINDOWS\SYSTEM32\ntdll.dll
0x00007ffdaec20000 - 0x00007ffdaecd2000 	C:\WINDOWS\System32\KERNEL32.DLL
0x00007ffdae580000 - 0x00007ffdae825000 	C:\WINDOWS\System32\KERNELBASE.dll
0x00007ffdb0270000 - 0x00007ffdb0313000 	C:\WINDOWS\System32\ADVAPI32.dll
0x00007ffdaf490000 - 0x00007ffdaf52e000 	C:\WINDOWS\System32\msvcrt.dll
0x00007ffdb01d0000 - 0x00007ffdb0267000 	C:\WINDOWS\System32\sechost.dll
0x00007ffdafe30000 - 0x00007ffdaff50000 	C:\WINDOWS\System32\RPCRT4.dll
0x00007ffdaf5a0000 - 0x00007ffdaf734000 	C:\WINDOWS\System32\USER32.dll
0x00007ffdae550000 - 0x00007ffdae571000 	C:\WINDOWS\System32\win32u.dll
0x00007ffdb04f0000 - 0x00007ffdb0516000 	C:\WINDOWS\System32\GDI32.dll
0x00007ffdad8d0000 - 0x00007ffdada66000 	C:\WINDOWS\System32\gdi32full.dll
0x00007ffdae910000 - 0x00007ffdae9ae000 	C:\WINDOWS\System32\msvcp_win.dll
0x00007ffdada70000 - 0x00007ffdadb6a000 	C:\WINDOWS\System32\ucrtbase.dll
0x00007ffd9d1f0000 - 0x00007ffd9d474000 	C:\WINDOWS\WinSxS\amd64_microsoft.windows.common-controls_6595b64144ccf1df_6.0.18362.1256_none_9e7e379be45e40e2\COMCTL32.dll
0x00007ffdb0580000 - 0x00007ffdb08b6000 	C:\WINDOWS\System32\combase.dll
0x00007ffdae830000 - 0x00007ffdae8b1000 	C:\WINDOWS\System32\bcryptPrimitives.dll
0x00007ffdaece0000 - 0x00007ffdaed0e000 	C:\WINDOWS\System32\IMM32.DLL
0x000000006e3d0000 - 0x000000006e4a2000 	C:\Program Files\Android\Android Studio\jre\jre\bin\msvcr100.dll
0x000000006d7c0000 - 0x000000006e00b000 	C:\Program Files\Android\Android Studio\jre\jre\bin\server\jvm.dll
0x00007ffdb03a0000 - 0x00007ffdb03a8000 	C:\WINDOWS\System32\PSAPI.DLL
0x00007ffd99cf0000 - 0x00007ffd99cf9000 	C:\WINDOWS\SYSTEM32\WSOCK32.dll
0x00007ffdaaa40000 - 0x00007ffdaaa64000 	C:\WINDOWS\SYSTEM32\WINMM.dll
0x00007ffda7210000 - 0x00007ffda721a000 	C:\WINDOWS\SYSTEM32\VERSION.dll
0x00007ffdaf530000 - 0x00007ffdaf59f000 	C:\WINDOWS\System32\WS2_32.dll
0x00007ffdaaa10000 - 0x00007ffdaaa3d000 	C:\WINDOWS\SYSTEM32\winmmbase.dll
0x00007ffdae8c0000 - 0x00007ffdae90a000 	C:\WINDOWS\System32\cfgmgr32.dll
0x00007ffdaa7a0000 - 0x00007ffdaa7af000 	C:\Program Files\Android\Android Studio\jre\jre\bin\verify.dll
0x00007ffd9be30000 - 0x00007ffd9be59000 	C:\Program Files\Android\Android Studio\jre\jre\bin\java.dll
0x00007ffda9120000 - 0x00007ffda9136000 	C:\Program Files\Android\Android Studio\jre\jre\bin\zip.dll
0x00007ffdaf740000 - 0x00007ffdafe27000 	C:\WINDOWS\System32\SHELL32.dll
0x00007ffdaeb70000 - 0x00007ffdaec19000 	C:\WINDOWS\System32\shcore.dll
0x00007ffdadce0000 - 0x00007ffdae461000 	C:\WINDOWS\System32\windows.storage.dll
0x00007ffdad840000 - 0x00007ffdad863000 	C:\WINDOWS\System32\profapi.dll
0x00007ffdad7f0000 - 0x00007ffdad83a000 	C:\WINDOWS\System32\powrprof.dll
0x00007ffdad7a0000 - 0x00007ffdad7b0000 	C:\WINDOWS\System32\UMPDC.dll
0x00007ffdb0520000 - 0x00007ffdb0572000 	C:\WINDOWS\System32\shlwapi.dll
0x00007ffdad7b0000 - 0x00007ffdad7c1000 	C:\WINDOWS\System32\kernel.appcore.dll
0x00007ffdadcc0000 - 0x00007ffdadcd7000 	C:\WINDOWS\System32\cryptsp.dll
0x00007ffd9c7c0000 - 0x00007ffd9c7da000 	C:\Program Files\Android\Android Studio\jre\jre\bin\net.dll
0x00007ffdacf90000 - 0x00007ffdacff7000 	C:\WINDOWS\system32\mswsock.dll
0x00007ffd95b10000 - 0x00007ffd95b23000 	C:\Program Files\Android\Android Studio\jre\jre\bin\nio.dll
0x00007ffd9be90000 - 0x00007ffd9beb7000 	C:\Users\mberg8\.gradle\native\f6784746aeab05261644944871eae4fe03e0ef1612fff0a4a95f87b438bc6780\windows-amd64\native-platform.dll
0x00007ffda86a0000 - 0x00007ffda86ad000 	C:\Program Files\Android\Android Studio\jre\jre\bin\management.dll
0x00007ffdacb00000 - 0x00007ffdacb33000 	C:\WINDOWS\system32\rsaenh.dll
0x00007ffdae520000 - 0x00007ffdae546000 	C:\WINDOWS\System32\bcrypt.dll
0x00007ffdad6c0000 - 0x00007ffdad6e5000 	C:\WINDOWS\SYSTEM32\USERENV.dll
0x00007ffdad160000 - 0x00007ffdad16c000 	C:\WINDOWS\SYSTEM32\CRYPTBASE.dll
0x00007ffdacca0000 - 0x00007ffdaccda000 	C:\WINDOWS\SYSTEM32\IPHLPAPI.DLL
0x00007ffdaff60000 - 0x00007ffdaff68000 	C:\WINDOWS\System32\NSI.dll
0x00007ffda90f0000 - 0x00007ffda9106000 	C:\WINDOWS\SYSTEM32\dhcpcsvc6.DLL
0x00007ffda90d0000 - 0x00007ffda90ec000 	C:\WINDOWS\SYSTEM32\dhcpcsvc.DLL
0x00007ffdacce0000 - 0x00007ffdacdab000 	C:\WINDOWS\SYSTEM32\DNSAPI.dll
0x00007ffda9890000 - 0x00007ffda989b000 	C:\WINDOWS\SYSTEM32\WINNSI.DLL

VM Arguments:
jvm_args: -Xmx2048m -Dfile.encoding=UTF-8 -Duser.country=US -Duser.language=en -Duser.variant 
java_command: org.gradle.launcher.daemon.bootstrap.GradleDaemon 6.5
java_class_path (initial): C:\Users\mberg8\.gradle\wrapper\dists\gradle-6.5-all\2oz4ud9k3tuxjg84bbf55q0tn\gradle-6.5\lib\gradle-launcher-6.5.jar
Launcher Type: SUN_STANDARD

Environment Variables:
JAVA_HOME=C:\Program Files\Amazon Corretto\jdk1.8.0_202
PATH=C:\Program Files\Common Files\Oracle\Java\javapath;C:\Python39\Scripts\;C:\Python39\;c:\Program Files (x86)\Common Files\Intel\Shared Libraries\redist\intel64_win\compiler;C:\Program Files\Microsoft MPI\Bin\;C:\WINDOWS\system32;C:\WINDOWS;C:\WINDOWS\System32\Wbem;C:\WINDOWS\System32\WindowsPowerShell\v1.0\;C:\WINDOWS\System32\OpenSSH\;C:\WINDOWS\system32\config\systemprofile\AppData\Local\Microsoft\WindowsApps;C:\Program Files\Amazon Corretto\jdk11.0.4_10\bin;C:\Program Files\dotnet\;C:\Program Files\Microsoft SQL Server\130\Tools\Binn\;C:\Program Files (x86)\Microsoft SQL Server\Client SDK\ODBC\110\Tools\Binn\;C:\Program Files (x86)\Microsoft SQL Server\120\Tools\Binn\ManagementStudio\;C:\Program Files (x86)\Microsoft SQL Server\120\Tools\Binn\;C:\Program Files (x86)\Microsoft SQL Server\120\DTS\Binn\;C:\Program Files\Intel\WiFi\bin\;C:\Program Files\Common Files\Intel\WirelessCommon\;C:\Program Files\MySQL\MySQL Shell 8.0\bin\;C:\Users\Default\.dotnet\tools;c:\pc2;C:\Program Files\Microsoft SQL Server\Client SDK\ODBC\170\Tools\Binn\;C:\ProgramData\chocolatey\bin;C:\Users\mberg8\AppData\Local\Microsoft\WindowsApps;C:\Users\mberg8\.dotnet\tools;C:\Users\mberg8\AppData\Local\Programs\Microsoft VS Code\bin;C:\Usersmberg8\Git\cmd
USERNAME=mberg8
OS=Windows_NT
PROCESSOR_IDENTIFIER=Intel64 Family 6 Model 158 Stepping 9, GenuineIntel



---------------  S Y S T E M  ---------------

OS: Windows 10.0 , 64 bit Build 18362 (10.0.18362.1110)

CPU:total 4 (initial active 4) (4 cores per cpu, 1 threads per core) family 6 model 158 stepping 9, cmov, cx8, fxsr, mmx, sse, sse2, sse3, ssse3, sse4.1, sse4.2, popcnt, avx, avx2, aes, clmul, erms, rtm, 3dnowpref, lzcnt, tsc, tscinvbit, bmi1, bmi2, adx

Memory: 4k page, physical 8264904k(1519896k free), swap 8800544k(5828k free)

vm_info: OpenJDK 64-Bit Server VM (25.242-b01) for windows-amd64 JRE (1.8.0_242-release-1644-b01), built by "builder" with MS VC++ 10.0 (VS2010)

time: Thu Jun 03 02:27:58 2021
timezone: Central Daylight Time
elapsed time: 28 seconds (0d 0h 0m 28s)

