#
# There is insufficient memory for the Java Runtime Environment to continue.
# Native memory allocation (malloc) failed to allocate 644240 bytes for Chunk::new
# Possible reasons:
#   The system is out of physical RAM or swap space
#   The process is running with CompressedOops enabled, and the Java Heap may be blocking the growth of the native heap
# Possible solutions:
#   Reduce memory load on the system
#   Increase physical memory or swap space
#   Check if swap backing store is full
#   Decrease Java heap size (-Xmx/-Xms)
#   Decrease number of Java threads
#   Decrease Java thread stack sizes (-Xss)
#   Set larger code cache with -XX:ReservedCodeCacheSize=
#   JVM is running with Unscaled Compressed Oops mode in which the Java heap is
#     placed in the first 4GB address space. The Java Heap base address is the
#     maximum limit for the native heap growth. Please use -XX:HeapBaseMinAddress
#     to set the Java Heap base and to place the Java Heap above 4GB virtual address.
# This output file may be truncated or incomplete.
#
#  Out of Memory Error (allocation.cpp:389), pid=10312, tid=0x00000000000009ec
#
# JRE version: OpenJDK Runtime Environment (8.0_242-b01) (build 1.8.0_242-release-1644-b01)
# Java VM: OpenJDK 64-Bit Server VM (25.242-b01 mixed mode windows-amd64 compressed oops)
# Failed to write core dump. Minidumps are not enabled by default on client versions of Windows
#

---------------  T H R E A D  ---------------

Current thread (0x0000000017437000):  JavaThread "C2 CompilerThread0" daemon [_thread_in_native, id=2540, stack(0x0000000018a80000,0x0000000018b80000)]

Stack: [0x0000000018a80000,0x0000000018b80000]
[error occurred during error reporting (printing stack bounds), id 0xc0000005]

Native frames: (J=compiled Java code, j=interpreted, Vv=VM code, C=native code)


Current CompileTask:
C2:  16552 12749       4       com.sun.tools.javac.code.Types$MembersClosureCache::visitClassType (10 bytes)


---------------  P R O C E S S  ---------------

Java Threads: ( => current thread )
  0x000000001f612800 JavaThread "Cache worker for Java compile cache (C:\Users\mberg8\Desktop\MD_Midterm\.gradle\6.5\javaCompile)" [_thread_blocked, id=14080, stack(0x000000002caf0000,0x000000002cbf0000)]
  0x000000001f615800 JavaThread "Cache worker for Java compile cache (C:\Users\mberg8\.gradle\caches\6.5\javaCompile)" [_thread_in_Java, id=14192, stack(0x000000002c9f0000,0x000000002caf0000)]
  0x000000002851b800 JavaThread "WorkerExecutor Queue Thread 5" [_thread_blocked, id=8772, stack(0x000000002c6f0000,0x000000002c7f0000)]
  0x0000000028526000 JavaThread "stdout" [_thread_in_native, id=3260, stack(0x000000002c1f0000,0x000000002c2f0000)]
  0x0000000028521000 JavaThread "stderr" [_thread_in_native, id=4648, stack(0x000000002c0f0000,0x000000002c1f0000)]
  0x000000002851e800 JavaThread "stdout" [_thread_in_native, id=5416, stack(0x000000002bff0000,0x000000002c0f0000)]
  0x0000000028525800 JavaThread "stderr" [_thread_in_native, id=12928, stack(0x000000002bef0000,0x000000002bff0000)]
  0x0000000028524800 JavaThread "stdout" [_thread_in_native, id=3840, stack(0x000000002bdf0000,0x000000002bef0000)]
  0x0000000028524000 JavaThread "stderr" [_thread_in_native, id=13832, stack(0x000000002bcf0000,0x000000002bdf0000)]
  0x0000000028522800 JavaThread "stdout" [_thread_in_native, id=3516, stack(0x000000002bbf0000,0x000000002bcf0000)]
  0x0000000028520000 JavaThread "stderr" [_thread_in_native, id=7312, stack(0x000000002baf0000,0x000000002bbf0000)]
  0x0000000028521800 JavaThread "pool-2-thread-1" [_thread_blocked, id=8336, stack(0x000000002b9f0000,0x000000002baf0000)]
  0x000000002851b000 JavaThread "WorkerExecutor Queue Thread 3" [_thread_blocked, id=11936, stack(0x000000002b370000,0x000000002b470000)]
  0x000000002851e000 JavaThread "WorkerExecutor Queue Thread 2" [_thread_blocked, id=9364, stack(0x000000002b270000,0x000000002b370000)]
  0x000000002851d000 JavaThread "WorkerExecutor Queue" [_thread_blocked, id=2872, stack(0x000000002b170000,0x000000002b270000)]
  0x0000000028518000 JavaThread "Cache worker for execution history cache (C:\Users\mberg8\Desktop\MD_Midterm\.gradle\6.5\executionHistory)" [_thread_blocked, id=11328, stack(0x000000002ae70000,0x000000002af70000)]
  0x000000002851a000 JavaThread "Execution worker for ':' Thread 3" [_thread_blocked, id=11692, stack(0x000000002ad70000,0x000000002ae70000)]
  0x0000000028519800 JavaThread "Execution worker for ':' Thread 2" [_thread_blocked, id=8168, stack(0x000000002ac70000,0x000000002ad70000)]
  0x0000000028518800 JavaThread "Execution worker for ':'" [_thread_blocked, id=7980, stack(0x000000002ab70000,0x000000002ac70000)]
  0x000000001b39f800 JavaThread "Cache worker for file content cache (C:\Users\mberg8\Desktop\MD_Midterm\.gradle\6.5\fileContent)" [_thread_blocked, id=204, stack(0x000000002a3d0000,0x000000002a4d0000)]
  0x000000001b3a4000 JavaThread "Memory manager" [_thread_blocked, id=13556, stack(0x00000000297a0000,0x00000000298a0000)]
  0x000000001b3a3000 JavaThread "pool-1-thread-1" [_thread_blocked, id=12860, stack(0x00000000294a0000,0x00000000295a0000)]
  0x000000001b3a2800 JavaThread "Cache worker for Build Output Cleanup Cache (C:\Users\mberg8\Desktop\MD_Midterm\.gradle\buildOutputCleanup)" [_thread_blocked, id=11600, stack(0x00000000291a0000,0x00000000292a0000)]
  0x000000001b3a0000 JavaThread "jar transforms Thread 94" [_thread_blocked, id=6312, stack(0x0000000027ed0000,0x0000000027fd0000)]
  0x000000001b3a1800 JavaThread "jar transforms Thread 93" [_thread_blocked, id=9848, stack(0x0000000027dd0000,0x0000000027ed0000)]
  0x000000001b3a1000 JavaThread "jar transforms Thread 92" [_thread_blocked, id=13880, stack(0x0000000027cd0000,0x0000000027dd0000)]
  0x000000001b39e800 JavaThread "jar transforms Thread 91" [_thread_blocked, id=780, stack(0x0000000027bd0000,0x0000000027cd0000)]
  0x000000001b397000 JavaThread "jar transforms Thread 90" [_thread_blocked, id=10336, stack(0x0000000027ad0000,0x0000000027bd0000)]
  0x000000001b39e000 JavaThread "jar transforms Thread 89" [_thread_blocked, id=3912, stack(0x00000000279d0000,0x0000000027ad0000)]
  0x000000001b398800 JavaThread "jar transforms Thread 88" [_thread_blocked, id=8688, stack(0x00000000278d0000,0x00000000279d0000)]
  0x000000001b398000 JavaThread "jar transforms Thread 87" [_thread_blocked, id=980, stack(0x00000000277d0000,0x00000000278d0000)]
  0x000000001b399800 JavaThread "jar transforms Thread 86" [_thread_blocked, id=10304, stack(0x00000000276d0000,0x00000000277d0000)]
  0x000000001b39d000 JavaThread "jar transforms Thread 85" [_thread_blocked, id=484, stack(0x00000000275d0000,0x00000000276d0000)]
  0x000000001b39a000 JavaThread "jar transforms Thread 84" [_thread_blocked, id=8628, stack(0x00000000274d0000,0x00000000275d0000)]
  0x000000001b395800 JavaThread "jar transforms Thread 83" [_thread_blocked, id=3568, stack(0x00000000273d0000,0x00000000274d0000)]
  0x000000001b39c800 JavaThread "jar transforms Thread 82" [_thread_blocked, id=10580, stack(0x00000000272d0000,0x00000000273d0000)]
  0x000000001b396800 JavaThread "jar transforms Thread 81" [_thread_blocked, id=10064, stack(0x00000000271d0000,0x00000000272d0000)]
  0x000000001b39b800 JavaThread "jar transforms Thread 80" [_thread_blocked, id=10892, stack(0x00000000270d0000,0x00000000271d0000)]
  0x000000001b395000 JavaThread "jar transforms Thread 79" [_thread_blocked, id=8136, stack(0x0000000026fd0000,0x00000000270d0000)]
  0x000000001b39b000 JavaThread "jar transforms Thread 78" [_thread_blocked, id=13872, stack(0x0000000026ed0000,0x0000000026fd0000)]
  0x000000001b35b000 JavaThread "jar transforms Thread 77" [_thread_blocked, id=7932, stack(0x0000000026dd0000,0x0000000026ed0000)]
  0x000000001b35a800 JavaThread "jar transforms Thread 76" [_thread_blocked, id=8156, stack(0x0000000026cd0000,0x0000000026dd0000)]
  0x000000001b359800 JavaThread "jar transforms Thread 75" [_thread_blocked, id=1200, stack(0x0000000026bd0000,0x0000000026cd0000)]
  0x000000001b35c000 JavaThread "jar transforms Thread 74" [_thread_blocked, id=3052, stack(0x0000000026ad0000,0x0000000026bd0000)]
  0x000000001b35c800 JavaThread "jar transforms Thread 73" [_thread_blocked, id=13536, stack(0x00000000269d0000,0x0000000026ad0000)]
  0x000000001b352000 JavaThread "jar transforms Thread 72" [_thread_blocked, id=12596, stack(0x00000000268d0000,0x00000000269d0000)]
  0x000000001b359000 JavaThread "jar transforms Thread 71" [_thread_blocked, id=2328, stack(0x00000000267d0000,0x00000000268d0000)]
  0x000000001b351800 JavaThread "jar transforms Thread 70" [_thread_blocked, id=2096, stack(0x00000000266d0000,0x00000000267d0000)]
  0x000000001b358000 JavaThread "jar transforms Thread 69" [_thread_blocked, id=13412, stack(0x00000000265d0000,0x00000000266d0000)]
  0x000000001b350800 JavaThread "jar transforms Thread 68" [_thread_blocked, id=13416, stack(0x00000000264d0000,0x00000000265d0000)]
  0x000000001b357800 JavaThread "jar transforms Thread 67" [_thread_blocked, id=7520, stack(0x00000000263d0000,0x00000000264d0000)]
  0x000000001b356000 JavaThread "jar transforms Thread 66" [_thread_blocked, id=11736, stack(0x00000000262d0000,0x00000000263d0000)]
  0x000000001b356800 JavaThread "jar transforms Thread 65" [_thread_blocked, id=10372, stack(0x00000000261d0000,0x00000000262d0000)]
  0x000000001b350000 JavaThread "jar transforms Thread 64" [_thread_blocked, id=2692, stack(0x00000000260d0000,0x00000000261d0000)]
  0x000000001b34e800 JavaThread "jar transforms Thread 63" [_thread_blocked, id=13892, stack(0x0000000025fd0000,0x00000000260d0000)]
  0x000000001b355000 JavaThread "jar transforms Thread 62" [_thread_blocked, id=6276, stack(0x0000000025ed0000,0x0000000025fd0000)]
  0x000000001b34f000 JavaThread "jar transforms Thread 61" [_thread_blocked, id=10332, stack(0x0000000025dd0000,0x0000000025ed0000)]
  0x000000001b34d800 JavaThread "jar transforms Thread 60" [_thread_blocked, id=12328, stack(0x0000000025cd0000,0x0000000025dd0000)]
  0x000000001b354800 JavaThread "jar transforms Thread 59" [_thread_blocked, id=9432, stack(0x0000000025bd0000,0x0000000025cd0000)]
  0x000000001b353800 JavaThread "jar transforms Thread 58" [_thread_blocked, id=1732, stack(0x0000000025ad0000,0x0000000025bd0000)]
  0x000000001b353000 JavaThread "jar transforms Thread 57" [_thread_blocked, id=6184, stack(0x00000000259d0000,0x0000000025ad0000)]
  0x000000001b36b800 JavaThread "jar transforms Thread 56" [_thread_blocked, id=660, stack(0x00000000258d0000,0x00000000259d0000)]
  0x000000001b36e800 JavaThread "jar transforms Thread 55" [_thread_blocked, id=400, stack(0x00000000257d0000,0x00000000258d0000)]
  0x000000001b36a000 JavaThread "jar transforms Thread 54" [_thread_blocked, id=10780, stack(0x00000000256d0000,0x00000000257d0000)]
  0x000000001b371000 JavaThread "jar transforms Thread 53" [_thread_blocked, id=9488, stack(0x00000000255d0000,0x00000000256d0000)]
  0x000000001b36b000 JavaThread "jar transforms Thread 52" [_thread_blocked, id=5336, stack(0x00000000254d0000,0x00000000255d0000)]
  0x000000001b36d000 JavaThread "jar transforms Thread 51" [_thread_blocked, id=6584, stack(0x00000000253d0000,0x00000000254d0000)]
  0x000000001b36e000 JavaThread "jar transforms Thread 50" [_thread_blocked, id=14128, stack(0x00000000252d0000,0x00000000253d0000)]
  0x000000001b36c800 JavaThread "jar transforms Thread 49" [_thread_blocked, id=14036, stack(0x00000000251d0000,0x00000000252d0000)]
  0x000000001b370000 JavaThread "jar transforms Thread 48" [_thread_blocked, id=9724, stack(0x00000000250d0000,0x00000000251d0000)]
  0x000000001b369800 JavaThread "jar transforms Thread 47" [_thread_blocked, id=12748, stack(0x0000000024fd0000,0x00000000250d0000)]
  0x000000001b36f800 JavaThread "jar transforms Thread 46" [_thread_blocked, id=9084, stack(0x0000000024ed0000,0x0000000024fd0000)]
  0x000000001b362000 JavaThread "jar transforms Thread 45" [_thread_blocked, id=13560, stack(0x0000000024dd0000,0x0000000024ed0000)]
  0x000000001b365800 JavaThread "jar transforms Thread 44" [_thread_blocked, id=5756, stack(0x0000000024cd0000,0x0000000024dd0000)]
  0x000000001b365000 JavaThread "jar transforms Thread 43" [_thread_blocked, id=13176, stack(0x0000000024bd0000,0x0000000024cd0000)]
  0x000000001b363800 JavaThread "jar transforms Thread 42" [_thread_blocked, id=5996, stack(0x0000000024ad0000,0x0000000024bd0000)]
  0x000000001b368800 JavaThread "jar transforms Thread 41" [_thread_blocked, id=6808, stack(0x00000000249d0000,0x0000000024ad0000)]
  0x000000001b366800 JavaThread "jar transforms Thread 40" [_thread_blocked, id=10136, stack(0x00000000248d0000,0x00000000249d0000)]
  0x000000001b364000 JavaThread "jar transforms Thread 39" [_thread_blocked, id=5528, stack(0x00000000247d0000,0x00000000248d0000)]
  0x000000001b362800 JavaThread "jar transforms Thread 38" [_thread_blocked, id=4832, stack(0x00000000246d0000,0x00000000247d0000)]
  0x000000001b368000 JavaThread "jar transforms Thread 37" [_thread_blocked, id=3152, stack(0x00000000245d0000,0x00000000246d0000)]
  0x000000001b367000 JavaThread "jar transforms Thread 36" [_thread_blocked, id=6216, stack(0x00000000244d0000,0x00000000245d0000)]
  0x000000001b57e800 JavaThread "jar transforms Thread 35" [_thread_blocked, id=9952, stack(0x00000000243d0000,0x00000000244d0000)]
  0x000000001b57a000 JavaThread "jar transforms Thread 34" [_thread_blocked, id=12704, stack(0x00000000242d0000,0x00000000243d0000)]
  0x000000001b57d000 JavaThread "jar transforms Thread 33" [_thread_blocked, id=8360, stack(0x00000000241d0000,0x00000000242d0000)]
  0x000000001b57d800 JavaThread "jar transforms Thread 32" [_thread_blocked, id=7972, stack(0x00000000240d0000,0x00000000241d0000)]
  0x000000001b580000 JavaThread "jar transforms Thread 31" [_thread_blocked, id=3528, stack(0x0000000023fd0000,0x00000000240d0000)]
  0x000000001b57f000 JavaThread "jar transforms Thread 30" [_thread_blocked, id=7560, stack(0x0000000023ed0000,0x0000000023fd0000)]
  0x000000001b57b800 JavaThread "jar transforms Thread 29" [_thread_blocked, id=4432, stack(0x0000000023dd0000,0x0000000023ed0000)]
  0x000000001b57c000 JavaThread "jar transforms Thread 28" [_thread_blocked, id=11152, stack(0x0000000023cd0000,0x0000000023dd0000)]
  0x000000001b574000 JavaThread "jar transforms Thread 27" [_thread_blocked, id=10852, stack(0x0000000023bd0000,0x0000000023cd0000)]
  0x000000001b579000 JavaThread "jar transforms Thread 26" [_thread_blocked, id=4380, stack(0x0000000023ad0000,0x0000000023bd0000)]
  0x000000001b578800 JavaThread "jar transforms Thread 25" [_thread_blocked, id=13356, stack(0x00000000239d0000,0x0000000023ad0000)]
  0x000000001b57a800 JavaThread "jar transforms Thread 24" [_thread_blocked, id=200, stack(0x00000000238d0000,0x00000000239d0000)]
  0x000000001b571800 JavaThread "jar transforms Thread 23" [_thread_blocked, id=7228, stack(0x00000000237d0000,0x00000000238d0000)]
  0x000000001b577800 JavaThread "jar transforms Thread 22" [_thread_blocked, id=12476, stack(0x00000000236d0000,0x00000000237d0000)]
  0x000000001b573000 JavaThread "jar transforms Thread 21" [_thread_blocked, id=5888, stack(0x00000000235d0000,0x00000000236d0000)]
  0x000000001b574800 JavaThread "jar transforms Thread 20" [_thread_blocked, id=13996, stack(0x00000000234d0000,0x00000000235d0000)]
  0x000000001b571000 JavaThread "jar transforms Thread 19" [_thread_blocked, id=9736, stack(0x00000000233d0000,0x00000000234d0000)]
  0x000000001b575800 JavaThread "jar transforms Thread 18" [_thread_blocked, id=11212, stack(0x00000000232d0000,0x00000000233d0000)]
  0x000000001b577000 JavaThread "jar transforms Thread 17" [_thread_blocked, id=9920, stack(0x00000000231d0000,0x00000000232d0000)]
  0x000000001b576000 JavaThread "jar transforms Thread 16" [_thread_blocked, id=4008, stack(0x00000000230d0000,0x00000000231d0000)]
  0x000000001b572800 JavaThread "jar transforms Thread 15" [_thread_blocked, id=7692, stack(0x0000000022fd0000,0x00000000230d0000)]
  0x00000000205a4000 JavaThread "jar transforms Thread 14" [_thread_blocked, id=10112, stack(0x0000000022ed0000,0x0000000022fd0000)]
  0x00000000205a3000 JavaThread "jar transforms Thread 13" [_thread_blocked, id=7688, stack(0x0000000022dd0000,0x0000000022ed0000)]
  0x00000000205a2800 JavaThread "jar transforms Thread 12" [_thread_blocked, id=712, stack(0x0000000022cd0000,0x0000000022dd0000)]
  0x00000000205a1800 JavaThread "jar transforms Thread 11" [_thread_blocked, id=7964, stack(0x0000000022bd0000,0x0000000022cd0000)]
  0x00000000205a1000 JavaThread "jar transforms Thread 10" [_thread_blocked, id=7268, stack(0x0000000022ad0000,0x0000000022bd0000)]
  0x00000000205a5800 JavaThread "jar transforms Thread 9" [_thread_blocked, id=12248, stack(0x00000000229d0000,0x0000000022ad0000)]
  0x00000000205a4800 JavaThread "jar transforms Thread 8" [_thread_blocked, id=13408, stack(0x00000000228d0000,0x00000000229d0000)]
  0x00000000205a0000 JavaThread "jar transforms Thread 7" [_thread_blocked, id=1804, stack(0x00000000227d0000,0x00000000228d0000)]
  0x000000002059a000 JavaThread "jar transforms Thread 6" [_thread_blocked, id=2616, stack(0x00000000226d0000,0x00000000227d0000)]
  0x000000002059f800 JavaThread "jar transforms Thread 5" [_thread_blocked, id=3556, stack(0x00000000225d0000,0x00000000226d0000)]
  0x000000002059b000 JavaThread "jar transforms Thread 4" [_thread_blocked, id=12508, stack(0x00000000224d0000,0x00000000225d0000)]
  0x0000000020598000 JavaThread "jar transforms Thread 3" [_thread_blocked, id=13552, stack(0x00000000223d0000,0x00000000224d0000)]
  0x000000002059e800 JavaThread "jar transforms Thread 2" [_thread_blocked, id=3448, stack(0x00000000222d0000,0x00000000223d0000)]
  0x000000002059e000 JavaThread "Build operations Thread 4" [_thread_blocked, id=12600, stack(0x00000000221d0000,0x00000000222d0000)]
  0x0000000020596800 JavaThread "Build operations Thread 3" [_thread_in_vm, id=7868, stack(0x00000000220d0000,0x00000000221d0000)]
  0x000000002059d000 JavaThread "Build operations Thread 2" [_thread_blocked, id=14212, stack(0x0000000021fd0000,0x00000000220d0000)]
  0x0000000020599800 JavaThread "Build operations" [_thread_in_native, id=13680, stack(0x0000000021ed0000,0x0000000021fd0000)]
  0x000000001b143000 JavaThread "Cache worker for file content cache (C:\Users\mberg8\.gradle\caches\6.5\fileContent)" [_thread_blocked, id=10132, stack(0x00000000217d0000,0x00000000218d0000)]
  0x000000001b144000 JavaThread "jar transforms" [_thread_blocked, id=12180, stack(0x00000000216d0000,0x00000000217d0000)]
  0x000000001b146000 JavaThread "Cache worker for execution history cache (C:\Users\mberg8\.gradle\caches\6.5\executionHistory)" [_thread_blocked, id=6408, stack(0x0000000020fd0000,0x00000000210d0000)]
  0x000000001b14a000 JavaThread "Cache worker for cache directory md-rule (C:\Users\mberg8\.gradle\caches\6.5\md-rule)" [_thread_blocked, id=13336, stack(0x0000000020ed0000,0x0000000020fd0000)]
  0x000000001b149000 JavaThread "Cache worker for cache directory md-supplier (C:\Users\mberg8\.gradle\caches\6.5\md-supplier)" [_thread_blocked, id=3420, stack(0x000000001fb80000,0x000000001fc80000)]
  0x000000001b147800 JavaThread "Cache worker for checksums cache (C:\Users\mberg8\Desktop\MD_Midterm\.gradle\checksums)" [_thread_blocked, id=4016, stack(0x000000001fa80000,0x000000001fb80000)]
  0x000000001b147000 JavaThread "Cache worker for file hash cache (C:\Users\mberg8\Desktop\MD_Midterm\.gradle\6.5\fileHashes)" [_thread_blocked, id=5760, stack(0x000000001d5a0000,0x000000001d6a0000)]
  0x000000001b145800 JavaThread "Cache worker for file hash cache (C:\Users\mberg8\.gradle\caches\6.5\fileHashes)" [_thread_blocked, id=7160, stack(0x000000001d4a0000,0x000000001d5a0000)]
  0x000000001b148800 JavaThread "File lock request listener" [_thread_in_native, id=7048, stack(0x000000001d3a0000,0x000000001d4a0000)]
  0x000000001b075800 JavaThread "Cache worker for journal cache (C:\Users\mberg8\.gradle\caches\journal-1)" [_thread_blocked, id=12680, stack(0x000000001d1a0000,0x000000001d2a0000)]
  0x000000001aeee800 JavaThread "Thread-9" [_thread_blocked, id=7060, stack(0x000000001cea0000,0x000000001cfa0000)]
  0x000000001af11000 JavaThread "Stdin handler" [_thread_blocked, id=4564, stack(0x000000001cda0000,0x000000001cea0000)]
  0x000000001af10000 JavaThread "Asynchronous log dispatcher for DefaultDaemonConnection: socket connection from /127.0.0.1:56631 to /127.0.0.1:56632" [_thread_blocked, id=5708, stack(0x000000001cca0000,0x000000001cda0000)]
  0x000000001aed4800 JavaThread "Daemon worker" [_thread_blocked, id=7300, stack(0x000000001cba0000,0x000000001cca0000)]
  0x000000001aed3800 JavaThread "Cancel handler" [_thread_blocked, id=11620, stack(0x000000001caa0000,0x000000001cba0000)]
  0x000000001aeb7800 JavaThread "Handler for socket connection from /127.0.0.1:56631 to /127.0.0.1:56632" [_thread_in_native, id=3724, stack(0x000000001c9a0000,0x000000001caa0000)]
  0x000000001af2b000 JavaThread "Daemon" [_thread_blocked, id=2304, stack(0x000000001c8a0000,0x000000001c9a0000)]
  0x000000001af28000 JavaThread "Daemon periodic checks" [_thread_blocked, id=9192, stack(0x000000001c5a0000,0x000000001c6a0000)]
  0x000000001ae61000 JavaThread "Incoming local TCP Connector on port 56631" [_thread_in_native, id=12940, stack(0x000000001c360000,0x000000001c460000)]
  0x0000000018e54800 JavaThread "Daemon health stats" [_thread_blocked, id=2620, stack(0x000000001bd20000,0x000000001be20000)]
  0x0000000018dc0000 JavaThread "Service Thread" daemon [_thread_blocked, id=12772, stack(0x0000000019180000,0x0000000019280000)]
  0x000000001743f800 JavaThread "C1 CompilerThread2" daemon [_thread_in_vm, id=7720, stack(0x0000000018c80000,0x0000000018d80000)]
  0x000000001743b000 JavaThread "C2 CompilerThread1" daemon [_thread_in_native, id=14296, stack(0x0000000018b80000,0x0000000018c80000)]
=>0x0000000017437000 JavaThread "C2 CompilerThread0" daemon [_thread_in_native, id=2540, stack(0x0000000018a80000,0x0000000018b80000)]
  0x0000000017436000 JavaThread "Attach Listener" daemon [_thread_blocked, id=12588, stack(0x0000000018980000,0x0000000018a80000)]
  0x0000000017435000 JavaThread "Signal Dispatcher" daemon [_thread_blocked, id=7308, stack(0x0000000018880000,0x0000000018980000)]
  0x000000000270c800 JavaThread "Finalizer" daemon [_thread_blocked, id=10292, stack(0x0000000018680000,0x0000000018780000)]
  0x0000000017419000 JavaThread "Reference Handler" daemon [_thread_blocked, id=11160, stack(0x0000000018580000,0x0000000018680000)]
  0x0000000002612800 JavaThread "main" [_thread_blocked, id=13776, stack(0x0000000000d40000,0x0000000000e40000)]

Other Threads:
  0x00000000173f6000 VMThread [stack: 0x0000000018480000,0x0000000018580000] [id=3244]
  0x000000001748e000 WatcherThread [stack: 0x0000000019280000,0x0000000019380000] [id=11028]

VM state:not at safepoint (normal execution)

VM Mutex/Monitor currently owned by a thread:  ([mutex/lock_event])
[0x0000000002610a50] Compile_lock - owner thread: 0x000000001743f800
[0x00000000026107d0] MethodCompileQueue_lock - owner thread: 0x000000001743f800

heap address: 0x0000000080000000, size: 2048 MB, Compressed Oops mode: 32-bit
Narrow klass base: 0x0000000000000000, Narrow klass shift: 3
Compressed class space size: 1073741824 Address: 0x0000000100000000

Heap:
 PSYoungGen      total 314368K, used 120005K [0x00000000d5580000, 0x00000000edd80000, 0x0000000100000000)
  eden space 287744K, 33% used [0x00000000d5580000,0x00000000db2bef48,0x00000000e6e80000)
  from space 26624K, 92% used [0x00000000e6e80000,0x00000000e8672570,0x00000000e8880000)
  to   space 29696K, 0% used [0x00000000ec080000,0x00000000ec080000,0x00000000edd80000)
 ParOldGen       total 125952K, used 33457K [0x0000000080000000, 0x0000000087b00000, 0x00000000d5580000)
  object space 125952K, 26% used [0x0000000080000000,0x00000000820ac648,0x0000000087b00000)
 Metaspace       used 79569K, capacity 83195K, committed 83352K, reserved 1122304K
  class space    used 10653K, capacity 11347K, committed 11440K, reserved 1048576K

Card table byte_map: [0x0000000011bd0000,0x0000000011fe0000] byte_map_base: 0x00000000117d0000

Marking Bits: (ParMarkBitMap*) 0x000000006df8f030
 Begin Bits: [0x0000000012690000, 0x0000000014690000)
 End Bits:   [0x0000000014690000, 0x0000000016690000)

Polling page: 0x0000000000810000

CodeCache: size=245760Kb used=35772Kb max_used=35772Kb free=209987Kb
 bounds [0x0000000002810000, 0x0000000004b30000, 0x0000000011810000]
 total_blobs=11964 nmethods=11119 adapters=757
 compilation: enabled

Compilation events (10 events):
Event: 16.546 Thread 0x000000001743f800 nmethod 12908 0x0000000004b189d0 code [0x0000000004b18bc0, 0x0000000004b19238]
Event: 16.546 Thread 0x000000001743f800 12907       1       java.util.Calendar::isLenient (5 bytes)
Event: 16.546 Thread 0x000000001743f800 nmethod 12907 0x0000000004b195d0 code [0x0000000004b19720, 0x0000000004b19830]
Event: 16.546 Thread 0x000000001743f800 12910       1       org.apache.tools.zip.ZipEntry::getPlatform (5 bytes)
Event: 16.546 Thread 0x000000001743f800 nmethod 12910 0x0000000004b19890 code [0x0000000004b199e0, 0x0000000004b19af0]
Event: 16.546 Thread 0x000000001743f800 12913       2       java.util.Calendar::set (72 bytes)
Event: 16.547 Thread 0x000000001743f800 nmethod 12913 0x0000000004b19b50 code [0x0000000004b19ce0, 0x0000000004b19f58]
Event: 16.547 Thread 0x000000001743f800 12915       2       org.apache.tools.zip.ZipLong::getValue (57 bytes)
Event: 16.547 Thread 0x000000001743f800 nmethod 12915 0x0000000004b1a190 code [0x0000000004b1a2e0, 0x0000000004b1a4d0]
Event: 16.547 Thread 0x000000001743f800 12916       2       sun.util.calendar.BaseCalendar::getCalendarDateFromFixedDate (305 bytes)

GC Heap History (10 events):
Event: 6.067 GC heap before
{Heap before GC invocations=12 (full 2):
 PSYoungGen      total 210944K, used 48842K [0x00000000d5580000, 0x00000000e6a00000, 0x0000000100000000)
  eden space 195584K, 17% used [0x00000000d5580000,0x00000000d76355c8,0x00000000e1480000)
  from space 15360K, 99% used [0x00000000e1480000,0x00000000e237d300,0x00000000e2380000)
  to   space 22528K, 0% used [0x00000000e5400000,0x00000000e5400000,0x00000000e6a00000)
 ParOldGen       total 85504K, used 30513K [0x0000000080000000, 0x0000000085380000, 0x00000000d5580000)
  object space 85504K, 35% used [0x0000000080000000,0x0000000081dcc4f8,0x0000000085380000)
 Metaspace       used 56642K, capacity 59025K, committed 59160K, reserved 1099776K
  class space    used 7760K, capacity 8240K, committed 8240K, reserved 1048576K
Event: 6.084 GC heap after
Heap after GC invocations=12 (full 2):
 PSYoungGen      total 259072K, used 17844K [0x00000000d5580000, 0x00000000e8380000, 0x0000000100000000)
  eden space 236544K, 0% used [0x00000000d5580000,0x00000000d5580000,0x00000000e3c80000)
  from space 22528K, 79% used [0x00000000e5400000,0x00000000e656d320,0x00000000e6a00000)
  to   space 24064K, 0% used [0x00000000e3c80000,0x00000000e3c80000,0x00000000e5400000)
 ParOldGen       total 85504K, used 30521K [0x0000000080000000, 0x0000000085380000, 0x00000000d5580000)
  object space 85504K, 35% used [0x0000000080000000,0x0000000081dce4f8,0x0000000085380000)
 Metaspace       used 56642K, capacity 59025K, committed 59160K, reserved 1099776K
  class space    used 7760K, capacity 8240K, committed 8240K, reserved 1048576K
}
Event: 6.084 GC heap before
{Heap before GC invocations=13 (full 3):
 PSYoungGen      total 259072K, used 17844K [0x00000000d5580000, 0x00000000e8380000, 0x0000000100000000)
  eden space 236544K, 0% used [0x00000000d5580000,0x00000000d5580000,0x00000000e3c80000)
  from space 22528K, 79% used [0x00000000e5400000,0x00000000e656d320,0x00000000e6a00000)
  to   space 24064K, 0% used [0x00000000e3c80000,0x00000000e3c80000,0x00000000e5400000)
 ParOldGen       total 85504K, used 30521K [0x0000000080000000, 0x0000000085380000, 0x00000000d5580000)
  object space 85504K, 35% used [0x0000000080000000,0x0000000081dce4f8,0x0000000085380000)
 Metaspace       used 56642K, capacity 59025K, committed 59160K, reserved 1099776K
  class space    used 7760K, capacity 8240K, committed 8240K, reserved 1048576K
Event: 6.289 GC heap after
Heap after GC invocations=13 (full 3):
 PSYoungGen      total 259072K, used 0K [0x00000000d5580000, 0x00000000e8380000, 0x0000000100000000)
  eden space 236544K, 0% used [0x00000000d5580000,0x00000000d5580000,0x00000000e3c80000)
  from space 22528K, 0% used [0x00000000e5400000,0x00000000e5400000,0x00000000e6a00000)
  to   space 24064K, 0% used [0x00000000e3c80000,0x00000000e3c80000,0x00000000e5400000)
 ParOldGen       total 125952K, used 33425K [0x0000000080000000, 0x0000000087b00000, 0x00000000d5580000)
  object space 125952K, 26% used [0x0000000080000000,0x00000000820a4648,0x0000000087b00000)
 Metaspace       used 56620K, capacity 58953K, committed 59160K, reserved 1099776K
  class space    used 7754K, capacity 8228K, committed 8240K, reserved 1048576K
}
Event: 9.105 GC heap before
{Heap before GC invocations=14 (full 3):
 PSYoungGen      total 259072K, used 236544K [0x00000000d5580000, 0x00000000e8380000, 0x0000000100000000)
  eden space 236544K, 100% used [0x00000000d5580000,0x00000000e3c80000,0x00000000e3c80000)
  from space 22528K, 0% used [0x00000000e5400000,0x00000000e5400000,0x00000000e6a00000)
  to   space 24064K, 0% used [0x00000000e3c80000,0x00000000e3c80000,0x00000000e5400000)
 ParOldGen       total 125952K, used 33425K [0x0000000080000000, 0x0000000087b00000, 0x00000000d5580000)
  object space 125952K, 26% used [0x0000000080000000,0x00000000820a4648,0x0000000087b00000)
 Metaspace       used 65588K, capacity 68601K, committed 68760K, reserved 1107968K
  class space    used 9043K, capacity 9613K, committed 9648K, reserved 1048576K
Event: 9.133 GC heap after
Heap after GC invocations=14 (full 3):
 PSYoungGen      total 260608K, used 20413K [0x00000000d5580000, 0x00000000ea900000, 0x0000000100000000)
  eden space 236544K, 0% used [0x00000000d5580000,0x00000000d5580000,0x00000000e3c80000)
  from space 24064K, 84% used [0x00000000e3c80000,0x00000000e506f778,0x00000000e5400000)
  to   space 26624K, 0% used [0x00000000e8f00000,0x00000000e8f00000,0x00000000ea900000)
 ParOldGen       total 125952K, used 33433K [0x0000000080000000, 0x0000000087b00000, 0x00000000d5580000)
  object space 125952K, 26% used [0x0000000080000000,0x00000000820a6648,0x0000000087b00000)
 Metaspace       used 65588K, capacity 68601K, committed 68760K, reserved 1107968K
  class space    used 9043K, capacity 9613K, committed 9648K, reserved 1048576K
}
Event: 12.181 GC heap before
{Heap before GC invocations=15 (full 3):
 PSYoungGen      total 260608K, used 256957K [0x00000000d5580000, 0x00000000ea900000, 0x0000000100000000)
  eden space 236544K, 100% used [0x00000000d5580000,0x00000000e3c80000,0x00000000e3c80000)
  from space 24064K, 84% used [0x00000000e3c80000,0x00000000e506f778,0x00000000e5400000)
  to   space 26624K, 0% used [0x00000000e8f00000,0x00000000e8f00000,0x00000000ea900000)
 ParOldGen       total 125952K, used 33433K [0x0000000080000000, 0x0000000087b00000, 0x00000000d5580000)
  object space 125952K, 26% used [0x0000000080000000,0x00000000820a6648,0x0000000087b00000)
 Metaspace       used 69173K, capacity 72375K, committed 72600K, reserved 1112064K
  class space    used 9450K, capacity 10070K, committed 10160K, reserved 1048576K
Event: 12.206 GC heap after
Heap after GC invocations=15 (full 3):
 PSYoungGen      total 307712K, used 15796K [0x00000000d5580000, 0x00000000ea280000, 0x0000000100000000)
  eden space 287744K, 0% used [0x00000000d5580000,0x00000000d5580000,0x00000000e6e80000)
  from space 19968K, 79% used [0x00000000e8f00000,0x00000000e9e6d1b0,0x00000000ea280000)
  to   space 26624K, 0% used [0x00000000e6e80000,0x00000000e6e80000,0x00000000e8880000)
 ParOldGen       total 125952K, used 33441K [0x0000000080000000, 0x0000000087b00000, 0x00000000d5580000)
  object space 125952K, 26% used [0x0000000080000000,0x00000000820a8648,0x0000000087b00000)
 Metaspace       used 69173K, capacity 72375K, committed 72600K, reserved 1112064K
  class space    used 9450K, capacity 10070K, committed 10160K, reserved 1048576K
}
Event: 15.441 GC heap before
{Heap before GC invocations=16 (full 3):
 PSYoungGen      total 307712K, used 303540K [0x00000000d5580000, 0x00000000ea280000, 0x0000000100000000)
  eden space 287744K, 100% used [0x00000000d5580000,0x00000000e6e80000,0x00000000e6e80000)
  from space 19968K, 79% used [0x00000000e8f00000,0x00000000e9e6d1b0,0x00000000ea280000)
  to   space 26624K, 0% used [0x00000000e6e80000,0x00000000e6e80000,0x00000000e8880000)
 ParOldGen       total 125952K, used 33441K [0x0000000080000000, 0x0000000087b00000, 0x00000000d5580000)
  object space 125952K, 26% used [0x0000000080000000,0x00000000820a8648,0x0000000087b00000)
 Metaspace       used 73231K, capacity 76727K, committed 76952K, reserved 1116160K
  class space    used 9907K, capacity 10572K, committed 10672K, reserved 1048576K
Event: 15.463 GC heap after
Heap after GC invocations=16 (full 3):
 PSYoungGen      total 314368K, used 24521K [0x00000000d5580000, 0x00000000edd80000, 0x0000000100000000)
  eden space 287744K, 0% used [0x00000000d5580000,0x00000000d5580000,0x00000000e6e80000)
  from space 26624K, 92% used [0x00000000e6e80000,0x00000000e8672570,0x00000000e8880000)
  to   space 29696K, 0% used [0x00000000ec080000,0x00000000ec080000,0x00000000edd80000)
 ParOldGen       total 125952K, used 33457K [0x0000000080000000, 0x0000000087b00000, 0x00000000d5580000)
  object space 125952K, 26% used [0x0000000080000000,0x00000000820ac648,0x0000000087b00000)
 Metaspace       used 73231K, capacity 76727K, committed 76952K, reserved 1116160K
  class space    used 9907K, capacity 10572K, committed 10672K, reserved 1048576K
}

Deoptimization events (10 events):
Event: 16.498 Thread 0x0000000028518800 Uncommon trap: reason=class_check action=maybe_recompile pc=0x000000000456a144 method=org.gradle.internal.logging.sink.OutputEventTransformer.onOutput(Lorg/gradle/internal/logging/events/OutputEvent;)V @ 225
Event: 16.498 Thread 0x0000000028518800 Uncommon trap: reason=bimorphic action=maybe_recompile pc=0x00000000044cd44c method=org.gradle.internal.logging.sink.LogEventDispatcher.onOutput(Lorg/gradle/internal/logging/events/OutputEvent;)V @ 1
Event: 16.498 Thread 0x0000000028518800 Uncommon trap: reason=bimorphic action=maybe_recompile pc=0x00000000044cd44c method=org.gradle.internal.logging.sink.LogEventDispatcher.onOutput(Lorg/gradle/internal/logging/events/OutputEvent;)V @ 1
Event: 16.504 Thread 0x0000000020596800 Uncommon trap: reason=bimorphic action=maybe_recompile pc=0x0000000003beaa24 method=org.gradle.internal.vfs.impl.DefaultVirtualFileSystem.read(Ljava/lang/String;Ljava/util/function/Function;)Ljava/lang/Object; @ 6
Event: 16.505 Thread 0x000000002059e000 Uncommon trap: reason=bimorphic action=maybe_recompile pc=0x00000000048bfa78 method=org.gradle.internal.vfs.impl.DefaultVirtualFileSystem.read(Ljava/lang/String;Ljava/util/function/Function;)Ljava/lang/Object; @ 6
Event: 16.505 Thread 0x000000002059d000 Uncommon trap: reason=bimorphic action=maybe_recompile pc=0x00000000048bfa78 method=org.gradle.internal.vfs.impl.DefaultVirtualFileSystem.read(Ljava/lang/String;Ljava/util/function/Function;)Ljava/lang/Object; @ 6
Event: 16.505 Thread 0x0000000020599800 Uncommon trap: reason=bimorphic action=maybe_recompile pc=0x00000000048bfa78 method=org.gradle.internal.vfs.impl.DefaultVirtualFileSystem.read(Ljava/lang/String;Ljava/util/function/Function;)Ljava/lang/Object; @ 6
Event: 16.507 Thread 0x000000002059e000 Uncommon trap: reason=bimorphic action=maybe_recompile pc=0x00000000047c6698 method=java.util.concurrent.ConcurrentHashMap.putVal(Ljava/lang/Object;Ljava/lang/Object;Z)Ljava/lang/Object; @ 192
Event: 16.509 Thread 0x0000000020596800 Uncommon trap: reason=bimorphic action=maybe_recompile pc=0x0000000003beaa24 method=org.gradle.internal.vfs.impl.DefaultVirtualFileSystem.read(Ljava/lang/String;Ljava/util/function/Function;)Ljava/lang/Object; @ 6
Event: 16.538 Thread 0x0000000020599800 Uncommon trap: reason=bimorphic action=maybe_recompile pc=0x00000000048b95f4 method=org.gradle.internal.vfs.impl.DefaultVirtualFileSystem.read(Ljava/lang/String;Ljava/util/function/Function;)Ljava/lang/Object; @ 6

Classes redefined (0 events):
No events

Internal exceptions (10 events):
Event: 14.877 Thread 0x000000002851b000 Exception <a 'java/lang/NoSuchMethodError': java.lang.Object.lambda$comparingInt$7b0bb60$1(Ljava/util/function/ToIntFunction;Ljava/lang/Object;Ljava/lang/Object;)I> (0x00000000e3052690) thrown at [C:\src\AOSP-openjdk-git\hotspot\src\share\vm\interpreter\l
Event: 14.983 Thread 0x000000002851b000 Exception <a 'sun/nio/fs/WindowsException'> (0x00000000e48016e8) thrown at [C:\src\AOSP-openjdk-git\hotspot\src\share\vm\prims\jni.cpp, line 710]
Event: 14.985 Thread 0x000000002851b000 Exception <a 'sun/nio/fs/WindowsException'> (0x00000000e4820f60) thrown at [C:\src\AOSP-openjdk-git\hotspot\src\share\vm\prims\jni.cpp, line 710]
Event: 14.985 Thread 0x000000002851b000 Exception <a 'sun/nio/fs/WindowsException'> (0x00000000e4821408) thrown at [C:\src\AOSP-openjdk-git\hotspot\src\share\vm\prims\jni.cpp, line 710]
Event: 15.604 Thread 0x0000000028518800 Exception <a 'sun/nio/fs/WindowsException'> (0x00000000d6fd0570) thrown at [C:\src\AOSP-openjdk-git\hotspot\src\share\vm\prims\jni.cpp, line 710]
Event: 15.604 Thread 0x0000000028518800 Exception <a 'sun/nio/fs/WindowsException'> (0x00000000d6fd1250) thrown at [C:\src\AOSP-openjdk-git\hotspot\src\share\vm\prims\jni.cpp, line 710]
Event: 15.604 Thread 0x0000000028518800 Exception <a 'sun/nio/fs/WindowsException'> (0x00000000d6fd9670) thrown at [C:\src\AOSP-openjdk-git\hotspot\src\share\vm\prims\jni.cpp, line 710]
Event: 15.605 Thread 0x0000000028518800 Exception <a 'sun/nio/fs/WindowsException'> (0x00000000d6fda390) thrown at [C:\src\AOSP-openjdk-git\hotspot\src\share\vm\prims\jni.cpp, line 710]
Event: 15.605 Thread 0x0000000028518800 Exception <a 'sun/nio/fs/WindowsException'> (0x00000000d6fdc3c8) thrown at [C:\src\AOSP-openjdk-git\hotspot\src\share\vm\prims\jni.cpp, line 710]
Event: 15.605 Thread 0x0000000028518800 Exception <a 'sun/nio/fs/WindowsException'> (0x00000000d6fdd0f8) thrown at [C:\src\AOSP-openjdk-git\hotspot\src\share\vm\prims\jni.cpp, line 710]

Events (10 events):
Event: 16.535 loading class org/apache/tools/zip/ZipEightByteInteger done
Event: 16.535 loading class com/google/common/collect/ImmutableSetMultimap$Builder
Event: 16.535 loading class com/google/common/collect/ImmutableSetMultimap$Builder done
Event: 16.535 loading class org/apache/tools/zip/ZipFile$NameAndComment
Event: 16.535 loading class org/apache/tools/zip/ZipFile$NameAndComment done
Event: 16.535 Executing VM operation: Deoptimize
Event: 16.538 Executing VM operation: Deoptimize done
Event: 16.538 Thread 0x0000000020599800 Uncommon trap: trap_request=0xffffffc6 fr.pc=0x00000000048b95f4
Event: 16.538 Thread 0x0000000020599800 DEOPT PACKING pc=0x00000000048b95f4 sp=0x0000000021fce560
Event: 16.538 Thread 0x0000000020599800 DEOPT UNPACKING pc=0x000000000285557b sp=0x0000000021fce538 mode 2


Dynamic libraries:
0x00007ff6316d0000 - 0x00007ff631701000 	C:\Program Files\Android\Android Studio\jre\bin\java.exe
0x00007ffdb0900000 - 0x00007ffdb0af0000 	C:\WINDOWS\SYSTEM32\ntdll.dll
0x00007ffdaec20000 - 0x00007ffdaecd2000 	C:\WINDOWS\System32\KERNEL32.DLL
0x00007ffdae580000 - 0x00007ffdae825000 	C:\WINDOWS\System32\KERNELBASE.dll
0x00007ffdb0270000 - 0x00007ffdb0313000 	C:\WINDOWS\System32\ADVAPI32.dll
0x00007ffdaf490000 - 0x00007ffdaf52e000 	C:\WINDOWS\System32\msvcrt.dll
0x00007ffdb01d0000 - 0x00007ffdb0267000 	C:\WINDOWS\System32\sechost.dll
0x00007ffdafe30000 - 0x00007ffdaff50000 	C:\WINDOWS\System32\RPCRT4.dll
0x00007ffdaf5a0000 - 0x00007ffdaf734000 	C:\WINDOWS\System32\USER32.dll
0x00007ffdae550000 - 0x00007ffdae571000 	C:\WINDOWS\System32\win32u.dll
0x00007ffdb04f0000 - 0x00007ffdb0516000 	C:\WINDOWS\System32\GDI32.dll
0x00007ffdad8d0000 - 0x00007ffdada66000 	C:\WINDOWS\System32\gdi32full.dll
0x00007ffdae910000 - 0x00007ffdae9ae000 	C:\WINDOWS\System32\msvcp_win.dll
0x00007ffdada70000 - 0x00007ffdadb6a000 	C:\WINDOWS\System32\ucrtbase.dll
0x00007ffd9d1f0000 - 0x00007ffd9d474000 	C:\WINDOWS\WinSxS\amd64_microsoft.windows.common-controls_6595b64144ccf1df_6.0.18362.1256_none_9e7e379be45e40e2\COMCTL32.dll
0x00007ffdb0580000 - 0x00007ffdb08b6000 	C:\WINDOWS\System32\combase.dll
0x00007ffdae830000 - 0x00007ffdae8b1000 	C:\WINDOWS\System32\bcryptPrimitives.dll
0x00007ffdaece0000 - 0x00007ffdaed0e000 	C:\WINDOWS\System32\IMM32.DLL
0x000000006e3d0000 - 0x000000006e4a2000 	C:\Program Files\Android\Android Studio\jre\jre\bin\msvcr100.dll
0x000000006d7c0000 - 0x000000006e00b000 	C:\Program Files\Android\Android Studio\jre\jre\bin\server\jvm.dll
0x00007ffdb03a0000 - 0x00007ffdb03a8000 	C:\WINDOWS\System32\PSAPI.DLL
0x00007ffd99cf0000 - 0x00007ffd99cf9000 	C:\WINDOWS\SYSTEM32\WSOCK32.dll
0x00007ffdaaa40000 - 0x00007ffdaaa64000 	C:\WINDOWS\SYSTEM32\WINMM.dll
0x00007ffda7210000 - 0x00007ffda721a000 	C:\WINDOWS\SYSTEM32\VERSION.dll
0x00007ffdaf530000 - 0x00007ffdaf59f000 	C:\WINDOWS\System32\WS2_32.dll
0x00007ffdaaa10000 - 0x00007ffdaaa3d000 	C:\WINDOWS\SYSTEM32\WINMMBASE.dll
0x00007ffdae8c0000 - 0x00007ffdae90a000 	C:\WINDOWS\System32\cfgmgr32.dll
0x00007ffdaa7a0000 - 0x00007ffdaa7af000 	C:\Program Files\Android\Android Studio\jre\jre\bin\verify.dll
0x00007ffd9be30000 - 0x00007ffd9be59000 	C:\Program Files\Android\Android Studio\jre\jre\bin\java.dll
0x00007ffda9120000 - 0x00007ffda9136000 	C:\Program Files\Android\Android Studio\jre\jre\bin\zip.dll
0x00007ffdaf740000 - 0x00007ffdafe27000 	C:\WINDOWS\System32\SHELL32.dll
0x00007ffdaeb70000 - 0x00007ffdaec19000 	C:\WINDOWS\System32\shcore.dll
0x00007ffdadce0000 - 0x00007ffdae461000 	C:\WINDOWS\System32\windows.storage.dll
0x00007ffdad840000 - 0x00007ffdad863000 	C:\WINDOWS\System32\profapi.dll
0x00007ffdad7f0000 - 0x00007ffdad83a000 	C:\WINDOWS\System32\powrprof.dll
0x00007ffdad7a0000 - 0x00007ffdad7b0000 	C:\WINDOWS\System32\UMPDC.dll
0x00007ffdb0520000 - 0x00007ffdb0572000 	C:\WINDOWS\System32\shlwapi.dll
0x00007ffdad7b0000 - 0x00007ffdad7c1000 	C:\WINDOWS\System32\kernel.appcore.dll
0x00007ffdadcc0000 - 0x00007ffdadcd7000 	C:\WINDOWS\System32\cryptsp.dll
0x00007ffd9c7c0000 - 0x00007ffd9c7da000 	C:\Program Files\Android\Android Studio\jre\jre\bin\net.dll
0x00007ffdacf90000 - 0x00007ffdacff7000 	C:\WINDOWS\system32\mswsock.dll
0x00007ffd95b10000 - 0x00007ffd95b23000 	C:\Program Files\Android\Android Studio\jre\jre\bin\nio.dll
0x00007ffd9be90000 - 0x00007ffd9beb7000 	C:\Users\mberg8\.gradle\native\f6784746aeab05261644944871eae4fe03e0ef1612fff0a4a95f87b438bc6780\windows-amd64\native-platform.dll
0x00007ffda86a0000 - 0x00007ffda86ad000 	C:\Program Files\Android\Android Studio\jre\jre\bin\management.dll
0x00007ffdacb00000 - 0x00007ffdacb33000 	C:\WINDOWS\system32\rsaenh.dll
0x00007ffdae520000 - 0x00007ffdae546000 	C:\WINDOWS\System32\bcrypt.dll
0x00007ffdad6c0000 - 0x00007ffdad6e5000 	C:\WINDOWS\SYSTEM32\USERENV.dll
0x00007ffdad160000 - 0x00007ffdad16c000 	C:\WINDOWS\SYSTEM32\CRYPTBASE.dll
0x00007ffdacca0000 - 0x00007ffdaccda000 	C:\WINDOWS\SYSTEM32\IPHLPAPI.DLL
0x00007ffdaff60000 - 0x00007ffdaff68000 	C:\WINDOWS\System32\NSI.dll
0x00007ffda90f0000 - 0x00007ffda9106000 	C:\WINDOWS\SYSTEM32\dhcpcsvc6.DLL
0x00007ffda90d0000 - 0x00007ffda90ec000 	C:\WINDOWS\SYSTEM32\dhcpcsvc.DLL
0x00007ffdacce0000 - 0x00007ffdacdab000 	C:\WINDOWS\SYSTEM32\DNSAPI.dll
0x00007ffda9890000 - 0x00007ffda989b000 	C:\WINDOWS\SYSTEM32\WINNSI.DLL

VM Arguments:
jvm_args: -Xmx2048m -Dfile.encoding=UTF-8 -Duser.country=US -Duser.language=en -Duser.variant 
java_command: org.gradle.launcher.daemon.bootstrap.GradleDaemon 6.5
java_class_path (initial): C:\Users\mberg8\.gradle\wrapper\dists\gradle-6.5-all\2oz4ud9k3tuxjg84bbf55q0tn\gradle-6.5\lib\gradle-launcher-6.5.jar
Launcher Type: SUN_STANDARD

Environment Variables:
JAVA_HOME=C:\Program Files\Amazon Corretto\jdk1.8.0_202
PATH=C:\Program Files\Common Files\Oracle\Java\javapath;C:\Python39\Scripts\;C:\Python39\;c:\Program Files (x86)\Common Files\Intel\Shared Libraries\redist\intel64_win\compiler;C:\Program Files\Microsoft MPI\Bin\;C:\WINDOWS\system32;C:\WINDOWS;C:\WINDOWS\System32\Wbem;C:\WINDOWS\System32\WindowsPowerShell\v1.0\;C:\WINDOWS\System32\OpenSSH\;C:\WINDOWS\system32\config\systemprofile\AppData\Local\Microsoft\WindowsApps;C:\Program Files\Amazon Corretto\jdk11.0.4_10\bin;C:\Program Files\dotnet\;C:\Program Files\Microsoft SQL Server\130\Tools\Binn\;C:\Program Files (x86)\Microsoft SQL Server\Client SDK\ODBC\110\Tools\Binn\;C:\Program Files (x86)\Microsoft SQL Server\120\Tools\Binn\ManagementStudio\;C:\Program Files (x86)\Microsoft SQL Server\120\Tools\Binn\;C:\Program Files (x86)\Microsoft SQL Server\120\DTS\Binn\;C:\Program Files\Intel\WiFi\bin\;C:\Program Files\Common Files\Intel\WirelessCommon\;C:\Program Files\MySQL\MySQL Shell 8.0\bin\;C:\Users\Default\.dotnet\tools;c:\pc2;C:\Program Files\Microsoft SQL Server\Client SDK\ODBC\170\Tools\Binn\;C:\ProgramData\chocolatey\bin;C:\Users\mberg8\AppData\Local\Microsoft\WindowsApps;C:\Users\mberg8\.dotnet\tools;C:\Users\mberg8\AppData\Local\Programs\Microsoft VS Code\bin;C:\Usersmberg8\Git\cmd
USERNAME=mberg8
OS=Windows_NT
PROCESSOR_IDENTIFIER=Intel64 Family 6 Model 158 Stepping 9, GenuineIntel



---------------  S Y S T E M  ---------------

OS: Windows 10.0 , 64 bit Build 18362 (10.0.18362.1110)

CPU:total 4 (initial active 4) (4 cores per cpu, 1 threads per core) family 6 model 158 stepping 9, cmov, cx8, fxsr, mmx, sse, sse2, sse3, ssse3, sse4.1, sse4.2, popcnt, avx, avx2, aes, clmul, erms, rtm, 3dnowpref, lzcnt, tsc, tscinvbit, bmi1, bmi2, adx

Memory: 4k page, physical 8264904k(2361472k free), swap 8800544k(4772k free)

vm_info: OpenJDK 64-Bit Server VM (25.242-b01) for windows-amd64 JRE (1.8.0_242-release-1644-b01), built by "builder" with MS VC++ 10.0 (VS2010)

time: Thu Jun 03 04:41:07 2021
timezone: Central Daylight Time
elapsed time: 16 seconds (0d 0h 0m 16s)

